2025-11-15 23:47:40 [WARN] scheduler - metricCpu=0.727 metricMem=-0.547 target=1
2025-11-15 23:48:14 [INFO] scheduler - metricCpu=0.035 metricMem=1.398 target=1
2025-11-15 23:48:42 [INFO] scheduler - metricCpu=-0.778 metricMem=1.899 target=0
2025-11-15 23:48:53 [WARN] scheduler - metricCpu=0.181 metricMem=0.604 target=0
2025-11-15 23:49:03 [INFO] scheduler - metricCpu=0.303 metricMem=-1.285 target=0
2025-11-15 23:49:27 [WARN] scheduler - metricCpu=-2.472 metricMem=0.256 target=1
2025-11-15 23:49:48 [INFO] scheduler - metricCpu=-1.269 metricMem=-0.350 target=0
2025-11-15 23:50:03 [DEBUG] scheduler - metricCpu=0.948 metricMem=1.312 target=1
2025-11-15 23:50:15 [WARN] scheduler - metricCpu=-0.528 metricMem=-0.191 target=1
2025-11-15 23:51:24 [WARN] scheduler - metricCpu=-0.650 metricMem=0.677 target=0
2025-11-15 23:51:42 [INFO] scheduler - metricCpu=1.020 metricMem=-0.626 target=1
2025-11-15 23:52:14 [INFO] scheduler - metricCpu=0.650 metricMem=-1.640 target=1
2025-11-15 23:52:42 [INFO] scheduler - metricCpu=0.717 metricMem=1.041 target=1
2025-11-15 23:53:00 [INFO] scheduler - metricCpu=-1.019 metricMem=-2.046 target=0
2025-11-15 23:55:08 [INFO] scheduler - metricCpu=0.976 metricMem=-1.080 target=1
2025-11-15 23:56:03 [INFO] scheduler - metricCpu=-0.620 metricMem=0.056 target=0
2025-11-15 23:56:12 [INFO] scheduler - metricCpu=-2.218 metricMem=-1.133 target=0
2025-11-15 23:57:08 [INFO] scheduler - metricCpu=-1.659 metricMem=1.150 target=1
2025-11-15 23:57:25 [INFO] scheduler - metricCpu=0.271 metricMem=0.135 target=1
2025-11-15 23:57:48 [ERROR] scheduler - metricCpu=-0.572 metricMem=0.021 target=1
2025-11-15 23:58:01 [WARN] scheduler - metricCpu=0.005 metricMem=0.123 target=1
2025-11-15 23:58:47 [ERROR] scheduler - metricCpu=-0.488 metricMem=0.826 target=0
2025-11-15 23:59:56 [INFO] scheduler - metricCpu=-0.682 metricMem=0.656 target=0
2025-11-16 00:00:13 [INFO] scheduler - metricCpu=-0.825 metricMem=1.972 target=1
2025-11-16 00:00:37 [INFO] scheduler - metricCpu=-0.288 metricMem=0.731 target=0
2025-11-16 00:02:13 [DEBUG] scheduler - metricCpu=0.669 metricMem=-0.951 target=1
2025-11-16 00:03:17 [WARN] scheduler - metricCpu=-0.265 metricMem=2.032 target=0
2025-11-16 00:03:37 [INFO] scheduler - metricCpu=0.529 metricMem=0.575 target=0
2025-11-16 00:04:30 [INFO] scheduler - metricCpu=-0.754 metricMem=0.633 target=0
2025-11-16 00:05:23 [INFO] scheduler - metricCpu=-2.494 metricMem=0.182 target=1
2025-11-16 00:06:01 [INFO] scheduler - metricCpu=1.242 metricMem=0.245 target=1
2025-11-16 00:07:28 [INFO] scheduler - metricCpu=-1.363 metricMem=-1.061 target=1
2025-11-16 00:07:47 [WARN] scheduler - metricCpu=0.032 metricMem=0.566 target=1
2025-11-16 00:09:10 [ERROR] scheduler - metricCpu=-0.284 metricMem=-0.053 target=0
2025-11-16 00:10:05 [INFO] scheduler - metricCpu=0.223 metricMem=0.330 target=0
2025-11-16 00:10:34 [INFO] scheduler - metricCpu=1.555 metricMem=0.659 target=1
2025-11-16 00:12:14 [WARN] scheduler - metricCpu=1.651 metricMem=-0.252 target=1
2025-11-16 00:14:08 [ERROR] scheduler - metricCpu=2.587 metricMem=-1.091 target=0
2025-11-16 00:14:11 [DEBUG] scheduler - metricCpu=-0.009 metricMem=-0.285 target=1
2025-11-16 00:14:46 [INFO] scheduler - metricCpu=-1.237 metricMem=1.489 target=0
2025-11-16 00:15:24 [WARN] scheduler - metricCpu=-1.975 metricMem=0.677 target=1
2025-11-16 00:15:30 [INFO] scheduler - metricCpu=0.740 metricMem=-0.738 target=1
2025-11-16 00:18:09 [INFO] scheduler - metricCpu=-0.753 metricMem=1.162 target=0
2025-11-16 00:19:05 [ERROR] scheduler - metricCpu=0.244 metricMem=1.190 target=1
2025-11-16 00:19:28 [ERROR] scheduler - metricCpu=0.769 metricMem=-1.293 target=0
2025-11-16 00:19:56 [INFO] scheduler - metricCpu=0.968 metricMem=-0.163 target=0
2025-11-16 00:20:25 [INFO] scheduler - metricCpu=0.237 metricMem=0.064 target=0
2025-11-16 00:22:11 [WARN] scheduler - metricCpu=0.014 metricMem=-1.487 target=0
2025-11-16 00:22:36 [INFO] scheduler - metricCpu=-0.233 metricMem=0.886 target=0
2025-11-16 00:23:25 [INFO] scheduler - metricCpu=1.034 metricMem=-1.550 target=0
2025-11-16 00:23:47 [INFO] scheduler - metricCpu=-0.046 metricMem=0.443 target=1
2025-11-16 00:24:48 [DEBUG] scheduler - metricCpu=-1.263 metricMem=-0.937 target=0
2025-11-16 00:25:17 [INFO] scheduler - metricCpu=-0.561 metricMem=-1.192 target=0
2025-11-16 00:26:16 [INFO] scheduler - metricCpu=-0.864 metricMem=1.036 target=1
2025-11-16 00:27:35 [ERROR] scheduler - metricCpu=0.003 metricMem=0.565 target=0
2025-11-16 00:28:44 [INFO] scheduler - metricCpu=0.381 metricMem=0.152 target=0
2025-11-16 00:29:16 [INFO] scheduler - metricCpu=1.293 metricMem=1.397 target=1
2025-11-16 00:30:02 [DEBUG] scheduler - metricCpu=0.931 metricMem=-0.555 target=0
2025-11-16 00:30:15 [ERROR] scheduler - metricCpu=-0.458 metricMem=1.270 target=0
2025-11-16 00:30:36 [INFO] scheduler - metricCpu=1.510 metricMem=1.067 target=1
2025-11-16 00:31:17 [INFO] scheduler - metricCpu=-0.533 metricMem=0.282 target=0
2025-11-16 00:31:55 [WARN] scheduler - metricCpu=0.372 metricMem=0.119 target=1
2025-11-16 00:33:16 [INFO] scheduler - metricCpu=1.277 metricMem=1.453 target=1
2025-11-16 00:33:40 [WARN] scheduler - metricCpu=-0.046 metricMem=0.601 target=0
2025-11-16 00:34:09 [INFO] scheduler - metricCpu=-0.650 metricMem=-0.446 target=1
2025-11-16 00:34:44 [WARN] scheduler - metricCpu=-0.611 metricMem=-0.883 target=0
2025-11-16 00:35:07 [INFO] scheduler - metricCpu=1.443 metricMem=1.283 target=1
2025-11-16 00:35:35 [WARN] scheduler - metricCpu=-1.842 metricMem=-0.420 target=1
2025-11-16 00:35:58 [WARN] scheduler - metricCpu=-0.091 metricMem=-0.153 target=1
2025-11-16 00:36:32 [DEBUG] scheduler - metricCpu=-0.229 metricMem=-0.266 target=1
2025-11-16 00:37:54 [WARN] scheduler - metricCpu=0.494 metricMem=0.751 target=1
2025-11-16 00:38:32 [INFO] scheduler - metricCpu=0.368 metricMem=0.512 target=1
2025-11-16 00:40:29 [WARN] scheduler - metricCpu=-0.108 metricMem=2.070 target=1
2025-11-16 00:40:49 [WARN] scheduler - metricCpu=0.182 metricMem=-0.155 target=1
2025-11-16 00:43:05 [INFO] scheduler - metricCpu=0.026 metricMem=-1.519 target=0
2025-11-16 00:43:29 [ERROR] scheduler - metricCpu=-1.310 metricMem=1.414 target=1
2025-11-16 00:43:34 [INFO] scheduler - metricCpu=-0.000 metricMem=0.566 target=1
2025-11-16 00:45:39 [ERROR] scheduler - metricCpu=0.608 metricMem=1.523 target=0
2025-11-16 00:45:46 [INFO] scheduler - metricCpu=1.005 metricMem=-0.478 target=0
2025-11-16 00:46:46 [INFO] scheduler - metricCpu=0.112 metricMem=-1.154 target=1
2025-11-16 00:46:54 [DEBUG] scheduler - metricCpu=-0.005 metricMem=-0.697 target=1
2025-11-16 00:48:25 [INFO] scheduler - metricCpu=0.233 metricMem=0.464 target=1
2025-11-16 00:48:39 [INFO] scheduler - metricCpu=0.816 metricMem=0.842 target=0
2025-11-16 00:48:48 [INFO] scheduler - metricCpu=0.794 metricMem=0.052 target=0
2025-11-16 00:49:08 [INFO] scheduler - metricCpu=-0.639 metricMem=-0.332 target=0
2025-11-16 00:49:32 [WARN] scheduler - metricCpu=0.223 metricMem=-0.942 target=0
2025-11-16 00:50:19 [INFO] scheduler - metricCpu=3.159 metricMem=0.618 target=1
2025-11-16 00:51:39 [INFO] scheduler - metricCpu=1.513 metricMem=1.916 target=0
2025-11-16 00:52:24 [INFO] scheduler - metricCpu=-0.492 metricMem=0.671 target=1
2025-11-16 00:52:48 [INFO] scheduler - metricCpu=0.201 metricMem=0.685 target=1
2025-11-16 00:54:06 [DEBUG] scheduler - metricCpu=0.661 metricMem=1.314 target=1
2025-11-16 00:54:19 [DEBUG] scheduler - metricCpu=1.029 metricMem=0.078 target=0
2025-11-16 00:54:59 [WARN] scheduler - metricCpu=0.487 metricMem=-0.741 target=1
2025-11-16 00:55:51 [INFO] scheduler - metricCpu=0.889 metricMem=-0.336 target=0
2025-11-16 00:56:21 [WARN] scheduler - metricCpu=-0.440 metricMem=2.398 target=0
2025-11-16 00:57:06 [INFO] scheduler - metricCpu=0.314 metricMem=0.379 target=1
2025-11-16 00:57:43 [INFO] scheduler - metricCpu=-0.268 metricMem=-0.722 target=0
2025-11-16 00:58:17 [INFO] scheduler - metricCpu=-2.459 metricMem=-0.096 target=0
2025-11-16 00:58:48 [WARN] scheduler - metricCpu=0.881 metricMem=-0.170 target=0
2025-11-16 00:59:23 [WARN] scheduler - metricCpu=-0.534 metricMem=-1.576 target=1
2025-11-16 00:59:49 [INFO] scheduler - metricCpu=-0.181 metricMem=-0.385 target=1
2025-11-16 01:00:25 [INFO] scheduler - metricCpu=0.848 metricMem=-1.810 target=0
2025-11-16 01:01:46 [DEBUG] scheduler - metricCpu=0.994 metricMem=1.689 target=1
2025-11-16 01:02:05 [DEBUG] scheduler - metricCpu=-1.280 metricMem=-0.425 target=1
2025-11-16 01:04:03 [ERROR] scheduler - metricCpu=-0.516 metricMem=-0.999 target=1
2025-11-16 01:04:26 [INFO] scheduler - metricCpu=0.803 metricMem=-0.918 target=1
2025-11-16 01:05:49 [INFO] scheduler - metricCpu=-1.771 metricMem=-0.237 target=0
2025-11-16 01:07:25 [INFO] scheduler - metricCpu=-0.232 metricMem=-1.594 target=1
2025-11-16 01:07:45 [DEBUG] scheduler - metricCpu=-1.520 metricMem=0.010 target=0
2025-11-16 01:07:51 [INFO] scheduler - metricCpu=-0.042 metricMem=2.138 target=0
2025-11-16 01:09:27 [INFO] scheduler - metricCpu=1.246 metricMem=-0.287 target=0
2025-11-16 01:10:56 [INFO] scheduler - metricCpu=-0.092 metricMem=-0.901 target=1
2025-11-16 01:12:07 [INFO] scheduler - metricCpu=-0.025 metricMem=1.114 target=0
2025-11-16 01:12:25 [WARN] scheduler - metricCpu=-0.144 metricMem=0.099 target=1
2025-11-16 01:12:31 [ERROR] scheduler - metricCpu=-1.685 metricMem=0.527 target=1
2025-11-16 01:13:09 [INFO] scheduler - metricCpu=0.434 metricMem=1.610 target=0
2025-11-16 01:13:44 [INFO] scheduler - metricCpu=-1.619 metricMem=-0.385 target=1
2025-11-16 01:14:01 [INFO] scheduler - metricCpu=0.177 metricMem=0.542 target=1
2025-11-16 01:14:32 [INFO] scheduler - metricCpu=-0.991 metricMem=0.307 target=0
2025-11-16 01:14:51 [INFO] scheduler - metricCpu=1.325 metricMem=1.207 target=0
2025-11-16 01:15:41 [DEBUG] scheduler - metricCpu=0.557 metricMem=-0.390 target=1
2025-11-16 01:17:58 [INFO] scheduler - metricCpu=-0.722 metricMem=0.425 target=0
2025-11-16 01:19:49 [DEBUG] scheduler - metricCpu=1.041 metricMem=-1.672 target=1
2025-11-16 01:20:14 [INFO] scheduler - metricCpu=-0.119 metricMem=2.019 target=1
2025-11-16 01:22:24 [INFO] scheduler - metricCpu=-1.203 metricMem=-1.237 target=1
2025-11-16 01:22:30 [WARN] scheduler - metricCpu=1.342 metricMem=0.631 target=0
2025-11-16 01:23:43 [INFO] scheduler - metricCpu=-0.539 metricMem=-0.003 target=0
2025-11-16 01:24:06 [INFO] scheduler - metricCpu=1.043 metricMem=0.846 target=0
2025-11-16 01:26:21 [INFO] scheduler - metricCpu=0.133 metricMem=1.110 target=0
2025-11-16 01:28:00 [DEBUG] scheduler - metricCpu=-0.177 metricMem=-0.125 target=1
2025-11-16 01:28:45 [INFO] scheduler - metricCpu=-0.661 metricMem=-1.570 target=0
2025-11-16 01:29:06 [INFO] scheduler - metricCpu=-0.297 metricMem=1.447 target=1
2025-11-16 01:30:38 [INFO] scheduler - metricCpu=-0.777 metricMem=-0.598 target=0
2025-11-16 01:30:41 [WARN] scheduler - metricCpu=-0.034 metricMem=1.776 target=0
2025-11-16 01:32:15 [DEBUG] scheduler - metricCpu=0.994 metricMem=-0.298 target=0
2025-11-16 01:35:19 [WARN] scheduler - metricCpu=-1.629 metricMem=1.028 target=1
2025-11-16 01:35:25 [INFO] scheduler - metricCpu=0.067 metricMem=0.158 target=0
2025-11-16 01:36:32 [ERROR] scheduler - metricCpu=-0.584 metricMem=-0.044 target=1
2025-11-16 01:36:59 [ERROR] scheduler - metricCpu=-1.531 metricMem=-0.790 target=0
2025-11-16 01:37:22 [WARN] scheduler - metricCpu=-0.260 metricMem=1.564 target=1
2025-11-16 01:37:41 [INFO] scheduler - metricCpu=1.310 metricMem=-0.821 target=0
2025-11-16 01:39:08 [ERROR] scheduler - metricCpu=0.006 metricMem=1.018 target=1
2025-11-16 01:39:39 [INFO] scheduler - metricCpu=0.285 metricMem=0.118 target=0
2025-11-16 01:40:09 [INFO] scheduler - metricCpu=-0.842 metricMem=1.426 target=0
2025-11-16 01:43:55 [DEBUG] scheduler - metricCpu=1.038 metricMem=0.505 target=0
2025-11-16 01:44:15 [WARN] scheduler - metricCpu=0.473 metricMem=-0.480 target=1
2025-11-16 01:45:47 [WARN] scheduler - metricCpu=-0.000 metricMem=3.002 target=1
2025-11-16 01:46:16 [INFO] scheduler - metricCpu=0.735 metricMem=0.613 target=0
2025-11-16 01:47:24 [INFO] scheduler - metricCpu=-0.436 metricMem=-1.199 target=1
2025-11-16 01:47:55 [INFO] scheduler - metricCpu=2.143 metricMem=1.789 target=1
2025-11-16 01:49:14 [ERROR] scheduler - metricCpu=-1.551 metricMem=-1.101 target=0
2025-11-16 01:50:27 [WARN] scheduler - metricCpu=-0.193 metricMem=0.778 target=0
2025-11-16 01:50:36 [INFO] scheduler - metricCpu=0.798 metricMem=-0.632 target=0
2025-11-16 01:51:39 [ERROR] scheduler - metricCpu=-0.560 metricMem=-0.244 target=1
2025-11-16 01:52:38 [DEBUG] scheduler - metricCpu=0.013 metricMem=-0.528 target=1
2025-11-16 01:54:05 [INFO] scheduler - metricCpu=0.525 metricMem=-1.655 target=1
2025-11-16 01:54:28 [INFO] scheduler - metricCpu=2.613 metricMem=1.130 target=0
2025-11-16 01:56:16 [INFO] scheduler - metricCpu=0.188 metricMem=0.018 target=1
2025-11-16 01:56:38 [ERROR] scheduler - metricCpu=1.198 metricMem=-0.705 target=0
2025-11-16 01:57:02 [ERROR] scheduler - metricCpu=0.969 metricMem=0.265 target=1
2025-11-16 01:57:23 [INFO] scheduler - metricCpu=-0.177 metricMem=0.675 target=1
2025-11-16 01:57:35 [INFO] scheduler - metricCpu=-0.042 metricMem=-0.454 target=0
2025-11-16 01:58:39 [INFO] scheduler - metricCpu=0.630 metricMem=0.122 target=0
2025-11-16 01:59:03 [INFO] scheduler - metricCpu=0.601 metricMem=-0.824 target=0
2025-11-16 01:59:55 [WARN] scheduler - metricCpu=0.182 metricMem=-1.589 target=0
2025-11-16 02:01:18 [ERROR] scheduler - metricCpu=0.082 metricMem=1.600 target=0
2025-11-16 02:02:01 [DEBUG] scheduler - metricCpu=0.889 metricMem=-0.838 target=1
2025-11-16 02:02:18 [WARN] scheduler - metricCpu=-0.548 metricMem=-1.349 target=0
2025-11-16 02:06:33 [INFO] scheduler - metricCpu=-1.188 metricMem=-3.055 target=1
2025-11-16 02:06:55 [WARN] scheduler - metricCpu=0.669 metricMem=-0.083 target=0
2025-11-16 02:07:23 [INFO] scheduler - metricCpu=0.671 metricMem=-0.168 target=0
2025-11-16 02:07:58 [INFO] scheduler - metricCpu=0.878 metricMem=-0.416 target=1
2025-11-16 02:08:42 [INFO] scheduler - metricCpu=-0.457 metricMem=-1.925 target=1
2025-11-16 02:09:05 [INFO] scheduler - metricCpu=0.501 metricMem=0.183 target=1
2025-11-16 02:09:42 [WARN] scheduler - metricCpu=1.000 metricMem=-0.270 target=1
2025-11-16 02:10:24 [INFO] scheduler - metricCpu=1.349 metricMem=0.174 target=0
2025-11-16 02:13:07 [WARN] scheduler - metricCpu=-0.988 metricMem=-1.119 target=0
2025-11-16 02:14:33 [INFO] scheduler - metricCpu=-1.051 metricMem=0.121 target=1
2025-11-16 02:14:46 [INFO] scheduler - metricCpu=-0.135 metricMem=-0.285 target=0
2025-11-16 02:15:00 [INFO] scheduler - metricCpu=1.859 metricMem=-0.095 target=0
2025-11-16 02:15:55 [INFO] scheduler - metricCpu=-0.075 metricMem=-0.719 target=0
2025-11-16 02:16:00 [INFO] scheduler - metricCpu=0.813 metricMem=1.016 target=0
2025-11-16 02:17:42 [INFO] scheduler - metricCpu=0.011 metricMem=-0.811 target=1
2025-11-16 02:17:54 [ERROR] scheduler - metricCpu=0.247 metricMem=0.114 target=0
2025-11-16 02:18:13 [INFO] scheduler - metricCpu=0.957 metricMem=-1.408 target=0
2025-11-16 02:18:39 [INFO] scheduler - metricCpu=-0.505 metricMem=2.001 target=1
2025-11-16 02:19:10 [INFO] scheduler - metricCpu=-0.402 metricMem=1.596 target=1
2025-11-16 02:19:28 [DEBUG] scheduler - metricCpu=0.285 metricMem=1.873 target=1
2025-11-16 02:20:02 [INFO] scheduler - metricCpu=1.322 metricMem=-0.026 target=1
2025-11-16 02:20:33 [INFO] scheduler - metricCpu=-0.440 metricMem=0.939 target=1
2025-11-16 02:21:17 [INFO] scheduler - metricCpu=-1.958 metricMem=0.879 target=0
2025-11-16 02:22:30 [ERROR] scheduler - metricCpu=0.280 metricMem=0.258 target=1
2025-11-16 02:22:54 [INFO] scheduler - metricCpu=1.393 metricMem=0.147 target=1
2025-11-16 02:25:00 [INFO] scheduler - metricCpu=-0.852 metricMem=-0.563 target=0
2025-11-16 02:25:20 [WARN] scheduler - metricCpu=0.562 metricMem=-1.482 target=0
2025-11-16 02:25:33 [ERROR] scheduler - metricCpu=1.596 metricMem=-0.238 target=0
2025-11-16 02:25:47 [INFO] scheduler - metricCpu=1.608 metricMem=1.677 target=0
2025-11-16 02:26:18 [INFO] scheduler - metricCpu=0.107 metricMem=-0.786 target=0
2025-11-16 02:26:29 [WARN] scheduler - metricCpu=0.086 metricMem=0.129 target=1
2025-11-16 02:27:54 [WARN] scheduler - metricCpu=0.855 metricMem=-0.519 target=1
2025-11-16 02:28:55 [WARN] scheduler - metricCpu=-0.208 metricMem=0.396 target=0
2025-11-16 02:30:10 [INFO] scheduler - metricCpu=-0.476 metricMem=-0.512 target=1
2025-11-16 02:30:31 [INFO] scheduler - metricCpu=-0.745 metricMem=0.353 target=0
2025-11-16 02:32:12 [ERROR] scheduler - metricCpu=1.529 metricMem=0.110 target=0
2025-11-16 02:32:24 [INFO] scheduler - metricCpu=0.148 metricMem=0.962 target=0