2025-11-15 23:48:20 [INFO] db - metricCpu=0.189 metricMem=-0.237 target=0
2025-11-15 23:49:19 [WARN] db - metricCpu=0.763 metricMem=1.069 target=0
2025-11-15 23:51:18 [INFO] db - metricCpu=0.520 metricMem=-0.085 target=0
2025-11-15 23:51:32 [INFO] db - metricCpu=1.501 metricMem=-0.384 target=1
2025-11-15 23:52:02 [INFO] db - metricCpu=-0.404 metricMem=-0.973 target=1
2025-11-15 23:52:59 [INFO] db - metricCpu=-0.372 metricMem=-0.833 target=0
2025-11-15 23:53:13 [INFO] db - metricCpu=-0.377 metricMem=2.052 target=0
2025-11-15 23:53:49 [INFO] db - metricCpu=0.509 metricMem=-0.000 target=1
2025-11-15 23:54:00 [ERROR] db - metricCpu=0.229 metricMem=-0.341 target=0
2025-11-15 23:54:38 [INFO] db - metricCpu=2.390 metricMem=-0.567 target=0
2025-11-15 23:55:15 [INFO] db - metricCpu=0.255 metricMem=-0.252 target=0
2025-11-15 23:55:55 [INFO] db - metricCpu=0.329 metricMem=0.087 target=0
2025-11-15 23:56:32 [INFO] db - metricCpu=-0.694 metricMem=1.944 target=0
2025-11-15 23:57:31 [INFO] db - metricCpu=0.817 metricMem=-1.056 target=1
2025-11-15 23:58:15 [INFO] db - metricCpu=0.773 metricMem=0.775 target=1
2025-11-15 23:58:23 [WARN] db - metricCpu=0.633 metricMem=0.892 target=1
2025-11-15 23:58:30 [INFO] db - metricCpu=0.540 metricMem=0.130 target=0
2025-11-15 23:58:55 [INFO] db - metricCpu=-0.730 metricMem=-0.770 target=1
2025-11-15 23:59:22 [INFO] db - metricCpu=-0.213 metricMem=0.434 target=1
2025-11-15 23:59:45 [WARN] db - metricCpu=1.298 metricMem=-0.195 target=1
2025-11-16 00:00:42 [INFO] db - metricCpu=1.026 metricMem=-0.587 target=0
2025-11-16 00:00:55 [DEBUG] db - metricCpu=-0.260 metricMem=-0.393 target=0
2025-11-16 00:01:36 [ERROR] db - metricCpu=1.384 metricMem=-0.306 target=0
2025-11-16 00:04:48 [WARN] db - metricCpu=-0.378 metricMem=1.007 target=0
2025-11-16 00:04:58 [INFO] db - metricCpu=-0.712 metricMem=-0.033 target=1
2025-11-16 00:05:11 [WARN] db - metricCpu=-0.987 metricMem=0.023 target=0
2025-11-16 00:05:48 [ERROR] db - metricCpu=0.426 metricMem=1.174 target=0
2025-11-16 00:05:51 [ERROR] db - metricCpu=-1.623 metricMem=-0.112 target=0
2025-11-16 00:06:12 [INFO] db - metricCpu=-0.012 metricMem=0.214 target=0
2025-11-16 00:06:43 [INFO] db - metricCpu=-0.219 metricMem=-0.007 target=0
2025-11-16 00:07:11 [INFO] db - metricCpu=0.151 metricMem=0.530 target=1
2025-11-16 00:07:55 [INFO] db - metricCpu=-1.980 metricMem=-0.404 target=0
2025-11-16 00:08:57 [INFO] db - metricCpu=-0.134 metricMem=0.013 target=0
2025-11-16 00:10:13 [INFO] db - metricCpu=0.519 metricMem=2.012 target=1
2025-11-16 00:11:01 [INFO] db - metricCpu=-0.104 metricMem=0.724 target=1
2025-11-16 00:12:06 [WARN] db - metricCpu=0.335 metricMem=-0.756 target=1
2025-11-16 00:12:52 [INFO] db - metricCpu=0.296 metricMem=-0.435 target=1
2025-11-16 00:13:05 [INFO] db - metricCpu=0.504 metricMem=-0.954 target=0
2025-11-16 00:13:22 [INFO] db - metricCpu=1.708 metricMem=1.199 target=1
2025-11-16 00:15:57 [WARN] db - metricCpu=2.599 metricMem=0.175 target=1
2025-11-16 00:16:04 [DEBUG] db - metricCpu=0.455 metricMem=1.382 target=1
2025-11-16 00:17:25 [INFO] db - metricCpu=1.145 metricMem=0.212 target=1
2025-11-16 00:17:30 [INFO] db - metricCpu=-0.211 metricMem=-1.566 target=1
2025-11-16 00:17:42 [INFO] db - metricCpu=0.122 metricMem=0.643 target=1
2025-11-16 00:19:17 [WARN] db - metricCpu=0.239 metricMem=-0.496 target=0
2025-11-16 00:19:33 [INFO] db - metricCpu=0.901 metricMem=-2.882 target=0
2025-11-16 00:20:10 [WARN] db - metricCpu=-0.519 metricMem=1.320 target=0
2025-11-16 00:20:45 [ERROR] db - metricCpu=0.744 metricMem=0.236 target=0
2025-11-16 00:23:36 [INFO] db - metricCpu=-0.386 metricMem=0.199 target=0
2025-11-16 00:24:04 [INFO] db - metricCpu=0.526 metricMem=0.386 target=0
2025-11-16 00:24:24 [INFO] db - metricCpu=0.205 metricMem=0.987 target=1
2025-11-16 00:24:50 [ERROR] db - metricCpu=0.807 metricMem=0.736 target=1
2025-11-16 00:25:48 [DEBUG] db - metricCpu=-0.360 metricMem=-0.360 target=1
2025-11-16 00:27:48 [INFO] db - metricCpu=0.634 metricMem=-1.299 target=0
2025-11-16 00:28:37 [INFO] db - metricCpu=-0.065 metricMem=0.304 target=0
2025-11-16 00:29:05 [WARN] db - metricCpu=0.814 metricMem=1.414 target=0
2025-11-16 00:29:20 [INFO] db - metricCpu=0.604 metricMem=0.010 target=0
2025-11-16 00:29:39 [WARN] db - metricCpu=1.165 metricMem=0.838 target=0
2025-11-16 00:30:26 [WARN] db - metricCpu=-0.762 metricMem=-0.024 target=0
2025-11-16 00:30:54 [ERROR] db - metricCpu=0.505 metricMem=0.492 target=1
2025-11-16 00:32:03 [WARN] db - metricCpu=-1.568 metricMem=-0.588 target=1
2025-11-16 00:32:15 [INFO] db - metricCpu=-1.507 metricMem=-0.726 target=1
2025-11-16 00:32:29 [INFO] db - metricCpu=-0.589 metricMem=-0.000 target=1
2025-11-16 00:33:31 [ERROR] db - metricCpu=1.972 metricMem=-0.741 target=0
2025-11-16 00:34:27 [INFO] db - metricCpu=-0.434 metricMem=1.772 target=1
2025-11-16 00:34:39 [INFO] db - metricCpu=1.327 metricMem=-0.492 target=0
2025-11-16 00:35:27 [INFO] db - metricCpu=-0.491 metricMem=0.661 target=0
2025-11-16 00:38:04 [DEBUG] db - metricCpu=0.215 metricMem=1.002 target=1
2025-11-16 00:38:26 [WARN] db - metricCpu=-0.628 metricMem=-0.883 target=0
2025-11-16 00:39:12 [WARN] db - metricCpu=0.891 metricMem=-2.102 target=1
2025-11-16 00:39:43 [INFO] db - metricCpu=1.365 metricMem=-0.199 target=1
2025-11-16 00:40:58 [WARN] db - metricCpu=-0.558 metricMem=1.243 target=1
2025-11-16 00:41:19 [DEBUG] db - metricCpu=-0.724 metricMem=1.116 target=1
2025-11-16 00:41:49 [ERROR] db - metricCpu=0.559 metricMem=0.705 target=1
2025-11-16 00:41:58 [DEBUG] db - metricCpu=-1.102 metricMem=-0.952 target=1
2025-11-16 00:42:45 [INFO] db - metricCpu=0.549 metricMem=-1.298 target=1
2025-11-16 00:43:44 [INFO] db - metricCpu=-0.991 metricMem=-2.103 target=1
2025-11-16 00:44:11 [INFO] db - metricCpu=-1.826 metricMem=2.709 target=1
2025-11-16 00:44:27 [INFO] db - metricCpu=-1.024 metricMem=1.560 target=1
2025-11-16 00:45:09 [ERROR] db - metricCpu=-1.356 metricMem=-0.976 target=0
2025-11-16 00:46:05 [WARN] db - metricCpu=1.317 metricMem=0.429 target=0
2025-11-16 00:47:24 [DEBUG] db - metricCpu=-0.568 metricMem=-0.823 target=0
2025-11-16 00:48:19 [INFO] db - metricCpu=2.203 metricMem=-1.449 target=0
2025-11-16 00:49:43 [INFO] db - metricCpu=-1.012 metricMem=1.175 target=1
2025-11-16 00:50:04 [INFO] db - metricCpu=1.918 metricMem=1.061 target=1
2025-11-16 00:50:28 [INFO] db - metricCpu=0.204 metricMem=0.393 target=0
2025-11-16 00:50:36 [WARN] db - metricCpu=-0.261 metricMem=-0.471 target=0
2025-11-16 00:51:00 [INFO] db - metricCpu=0.488 metricMem=0.479 target=1
2025-11-16 00:52:04 [INFO] db - metricCpu=-0.303 metricMem=-1.367 target=0
2025-11-16 00:52:13 [INFO] db - metricCpu=0.385 metricMem=-0.072 target=1
2025-11-16 00:52:58 [INFO] db - metricCpu=-1.026 metricMem=0.382 target=1
2025-11-16 00:55:20 [INFO] db - metricCpu=0.030 metricMem=0.787 target=0
2025-11-16 00:57:29 [INFO] db - metricCpu=0.042 metricMem=1.763 target=0
2025-11-16 00:57:50 [INFO] db - metricCpu=-0.662 metricMem=-0.902 target=1
2025-11-16 00:59:06 [INFO] db - metricCpu=-1.614 metricMem=0.951 target=0
2025-11-16 00:59:38 [INFO] db - metricCpu=-1.710 metricMem=-1.836 target=0
2025-11-16 01:03:53 [INFO] db - metricCpu=-0.806 metricMem=0.293 target=1
2025-11-16 01:04:31 [WARN] db - metricCpu=0.269 metricMem=-2.319 target=0
2025-11-16 01:04:48 [INFO] db - metricCpu=0.178 metricMem=1.763 target=0
2025-11-16 01:06:03 [INFO] db - metricCpu=-0.699 metricMem=1.388 target=0
2025-11-16 01:06:11 [WARN] db - metricCpu=-0.919 metricMem=0.752 target=1
2025-11-16 01:08:03 [INFO] db - metricCpu=-0.031 metricMem=0.177 target=1
2025-11-16 01:08:49 [WARN] db - metricCpu=-0.510 metricMem=-0.212 target=0
2025-11-16 01:09:53 [WARN] db - metricCpu=0.857 metricMem=0.465 target=0
2025-11-16 01:10:17 [DEBUG] db - metricCpu=1.318 metricMem=1.382 target=1
2025-11-16 01:11:56 [ERROR] db - metricCpu=0.149 metricMem=0.821 target=1
2025-11-16 01:12:16 [WARN] db - metricCpu=-0.381 metricMem=0.691 target=0
2025-11-16 01:12:45 [DEBUG] db - metricCpu=0.164 metricMem=-0.509 target=1
2025-11-16 01:12:53 [INFO] db - metricCpu=1.035 metricMem=0.996 target=0
2025-11-16 01:13:12 [INFO] db - metricCpu=0.645 metricMem=0.944 target=1
2025-11-16 01:14:10 [INFO] db - metricCpu=-0.168 metricMem=0.365 target=0
2025-11-16 01:14:43 [WARN] db - metricCpu=-1.013 metricMem=1.809 target=0
2025-11-16 01:16:09 [DEBUG] db - metricCpu=0.409 metricMem=-0.230 target=1
2025-11-16 01:16:11 [ERROR] db - metricCpu=-1.012 metricMem=-0.526 target=1
2025-11-16 01:16:39 [INFO] db - metricCpu=-1.285 metricMem=-0.323 target=1
2025-11-16 01:18:41 [WARN] db - metricCpu=-1.607 metricMem=1.331 target=1
2025-11-16 01:19:00 [ERROR] db - metricCpu=1.037 metricMem=-1.776 target=1
2025-11-16 01:21:07 [INFO] db - metricCpu=1.539 metricMem=0.889 target=1
2025-11-16 01:23:16 [ERROR] db - metricCpu=-0.752 metricMem=0.956 target=1
2025-11-16 01:24:18 [DEBUG] db - metricCpu=-1.142 metricMem=-0.268 target=1
2025-11-16 01:24:34 [DEBUG] db - metricCpu=-0.261 metricMem=0.900 target=1
2025-11-16 01:24:48 [ERROR] db - metricCpu=-0.577 metricMem=-0.682 target=1
2025-11-16 01:26:12 [WARN] db - metricCpu=0.698 metricMem=0.766 target=0
2025-11-16 01:26:37 [DEBUG] db - metricCpu=0.501 metricMem=-1.046 target=1
2025-11-16 01:26:56 [INFO] db - metricCpu=-1.737 metricMem=0.664 target=0
2025-11-16 01:27:05 [INFO] db - metricCpu=-0.743 metricMem=-0.665 target=1
2025-11-16 01:27:39 [WARN] db - metricCpu=2.349 metricMem=0.933 target=0
2025-11-16 01:27:43 [DEBUG] db - metricCpu=-0.627 metricMem=1.662 target=1
2025-11-16 01:29:53 [INFO] db - metricCpu=0.281 metricMem=2.572 target=1
2025-11-16 01:31:28 [INFO] db - metricCpu=-0.478 metricMem=-2.101 target=0
2025-11-16 01:31:49 [INFO] db - metricCpu=-0.819 metricMem=1.069 target=0
2025-11-16 01:32:51 [INFO] db - metricCpu=0.600 metricMem=0.241 target=1
2025-11-16 01:33:32 [WARN] db - metricCpu=0.982 metricMem=0.144 target=1
2025-11-16 01:33:43 [WARN] db - metricCpu=0.453 metricMem=0.970 target=0
2025-11-16 01:34:04 [INFO] db - metricCpu=1.847 metricMem=0.840 target=0
2025-11-16 01:34:15 [INFO] db - metricCpu=-0.556 metricMem=1.544 target=1
2025-11-16 01:34:30 [INFO] db - metricCpu=-0.007 metricMem=0.598 target=1
2025-11-16 01:34:43 [INFO] db - metricCpu=1.097 metricMem=-2.389 target=1
2025-11-16 01:35:09 [ERROR] db - metricCpu=1.239 metricMem=1.897 target=1
2025-11-16 01:35:51 [ERROR] db - metricCpu=-0.650 metricMem=-1.016 target=1
2025-11-16 01:36:00 [INFO] db - metricCpu=-0.408 metricMem=0.070 target=0
2025-11-16 01:36:47 [WARN] db - metricCpu=-1.884 metricMem=2.652 target=1
2025-11-16 01:37:04 [INFO] db - metricCpu=0.293 metricMem=-0.400 target=0
2025-11-16 01:38:59 [DEBUG] db - metricCpu=0.846 metricMem=-0.025 target=1
2025-11-16 01:40:19 [INFO] db - metricCpu=-0.641 metricMem=2.936 target=0
2025-11-16 01:40:25 [INFO] db - metricCpu=0.099 metricMem=-0.177 target=0
2025-11-16 01:40:54 [INFO] db - metricCpu=-0.418 metricMem=0.745 target=1
2025-11-16 01:41:57 [ERROR] db - metricCpu=0.905 metricMem=-1.120 target=1
2025-11-16 01:42:41 [INFO] db - metricCpu=0.169 metricMem=-0.248 target=1
2025-11-16 01:42:51 [WARN] db - metricCpu=0.442 metricMem=-0.353 target=1
2025-11-16 01:43:03 [INFO] db - metricCpu=-0.061 metricMem=2.418 target=1
2025-11-16 01:43:14 [INFO] db - metricCpu=-1.210 metricMem=-1.305 target=1
2025-11-16 01:43:34 [INFO] db - metricCpu=-0.633 metricMem=-0.585 target=1
2025-11-16 01:44:36 [INFO] db - metricCpu=0.812 metricMem=0.662 target=0
2025-11-16 01:45:05 [INFO] db - metricCpu=0.866 metricMem=0.381 target=1
2025-11-16 01:45:18 [INFO] db - metricCpu=-0.711 metricMem=-2.453 target=1
2025-11-16 01:46:43 [INFO] db - metricCpu=0.640 metricMem=-0.607 target=1
2025-11-16 01:48:30 [INFO] db - metricCpu=1.306 metricMem=1.760 target=1
2025-11-16 01:49:29 [ERROR] db - metricCpu=0.985 metricMem=1.035 target=1
2025-11-16 01:49:57 [DEBUG] db - metricCpu=0.434 metricMem=0.491 target=1
2025-11-16 01:50:02 [ERROR] db - metricCpu=0.224 metricMem=-1.211 target=0
2025-11-16 01:50:10 [WARN] db - metricCpu=1.044 metricMem=1.131 target=0
2025-11-16 01:51:11 [INFO] db - metricCpu=-1.892 metricMem=0.491 target=1
2025-11-16 01:52:20 [DEBUG] db - metricCpu=0.793 metricMem=-0.482 target=1
2025-11-16 01:54:37 [INFO] db - metricCpu=-1.222 metricMem=-1.272 target=1
2025-11-16 01:55:13 [INFO] db - metricCpu=-2.031 metricMem=-0.310 target=0
2025-11-16 01:57:17 [INFO] db - metricCpu=1.579 metricMem=0.896 target=1
2025-11-16 01:57:55 [ERROR] db - metricCpu=1.017 metricMem=-3.081 target=0
2025-11-16 01:58:03 [DEBUG] db - metricCpu=0.720 metricMem=0.614 target=0
2025-11-16 01:59:35 [WARN] db - metricCpu=-2.342 metricMem=1.757 target=1
2025-11-16 02:00:01 [INFO] db - metricCpu=0.904 metricMem=0.531 target=1
2025-11-16 02:00:11 [INFO] db - metricCpu=0.502 metricMem=0.556 target=0
2025-11-16 02:01:43 [INFO] db - metricCpu=-1.077 metricMem=0.362 target=1
2025-11-16 02:02:20 [INFO] db - metricCpu=0.939 metricMem=0.394 target=0
2025-11-16 02:02:39 [INFO] db - metricCpu=-0.962 metricMem=-1.137 target=0
2025-11-16 02:02:51 [INFO] db - metricCpu=2.504 metricMem=-1.154 target=1
2025-11-16 02:03:04 [DEBUG] db - metricCpu=-1.739 metricMem=-0.138 target=1
2025-11-16 02:03:11 [INFO] db - metricCpu=0.311 metricMem=0.210 target=0
2025-11-16 02:03:46 [INFO] db - metricCpu=-0.163 metricMem=-0.419 target=1
2025-11-16 02:05:59 [INFO] db - metricCpu=-0.576 metricMem=-0.739 target=1
2025-11-16 02:07:38 [INFO] db - metricCpu=1.944 metricMem=-1.166 target=0
2025-11-16 02:07:45 [INFO] db - metricCpu=0.306 metricMem=-0.926 target=0
2025-11-16 02:08:37 [INFO] db - metricCpu=-0.233 metricMem=0.313 target=0
2025-11-16 02:09:54 [ERROR] db - metricCpu=-0.610 metricMem=0.052 target=1
2025-11-16 02:11:40 [INFO] db - metricCpu=1.119 metricMem=0.071 target=1
2025-11-16 02:13:29 [DEBUG] db - metricCpu=1.744 metricMem=0.794 target=1
2025-11-16 02:13:40 [DEBUG] db - metricCpu=-1.541 metricMem=-1.926 target=0
2025-11-16 02:14:11 [DEBUG] db - metricCpu=0.675 metricMem=0.482 target=0
2025-11-16 02:14:50 [WARN] db - metricCpu=0.774 metricMem=1.003 target=1
2025-11-16 02:15:29 [DEBUG] db - metricCpu=0.194 metricMem=0.791 target=0
2025-11-16 02:15:48 [INFO] db - metricCpu=-1.658 metricMem=0.552 target=1
2025-11-16 02:16:18 [INFO] db - metricCpu=-0.232 metricMem=0.193 target=0
2025-11-16 02:16:35 [WARN] db - metricCpu=2.196 metricMem=2.401 target=0
2025-11-16 02:17:03 [WARN] db - metricCpu=0.055 metricMem=1.418 target=0
2025-11-16 02:18:57 [INFO] db - metricCpu=2.208 metricMem=0.268 target=1
2025-11-16 02:19:04 [INFO] db - metricCpu=-0.106 metricMem=-0.147 target=0
2025-11-16 02:19:31 [DEBUG] db - metricCpu=0.121 metricMem=0.760 target=1
2025-11-16 02:19:55 [INFO] db - metricCpu=-0.963 metricMem=-1.663 target=1
2025-11-16 02:22:10 [DEBUG] db - metricCpu=-0.529 metricMem=0.756 target=0
2025-11-16 02:22:21 [WARN] db - metricCpu=-0.304 metricMem=0.257 target=0
2025-11-16 02:23:05 [INFO] db - metricCpu=-0.158 metricMem=-0.839 target=0
2025-11-16 02:23:46 [INFO] db - metricCpu=-2.338 metricMem=0.557 target=1
2025-11-16 02:24:01 [INFO] db - metricCpu=-0.844 metricMem=-0.767 target=1
2025-11-16 02:24:23 [INFO] db - metricCpu=0.348 metricMem=1.846 target=0
2025-11-16 02:24:45 [INFO] db - metricCpu=-0.219 metricMem=1.806 target=0
2025-11-16 02:24:55 [INFO] db - metricCpu=-0.134 metricMem=1.274 target=0
2025-11-16 02:25:17 [INFO] db - metricCpu=-0.450 metricMem=0.129 target=0
2025-11-16 02:26:45 [INFO] db - metricCpu=-0.982 metricMem=-0.074 target=1
2025-11-16 02:28:28 [DEBUG] db - metricCpu=-1.223 metricMem=-0.341 target=1
2025-11-16 02:29:47 [ERROR] db - metricCpu=-1.130 metricMem=1.460 target=0
2025-11-16 02:29:59 [WARN] db - metricCpu=-0.906 metricMem=-0.149 target=1
2025-11-16 02:30:44 [WARN] db - metricCpu=-1.128 metricMem=0.389 target=0
2025-11-16 02:31:31 [DEBUG] db - metricCpu=1.557 metricMem=1.225 target=0
2025-11-16 02:32:49 [INFO] db - metricCpu=-0.278 metricMem=2.633 target=0
2025-11-16 02:33:07 [INFO] db - metricCpu=-1.307 metricMem=1.370 target=1
2025-11-16 02:33:16 [WARN] db - metricCpu=0.010 metricMem=-0.069 target=0