2025-11-15 23:47:14 [DEBUG] worker - metricCpu=-0.532 metricMem=-1.456 target=1
2025-11-15 23:47:25 [INFO] worker - metricCpu=0.226 metricMem=-0.878 target=1
2025-11-15 23:47:37 [INFO] worker - metricCpu=0.025 metricMem=0.923 target=1
2025-11-15 23:49:54 [WARN] worker - metricCpu=-0.742 metricMem=-1.241 target=1
2025-11-15 23:50:35 [ERROR] worker - metricCpu=-1.482 metricMem=-1.299 target=0
2025-11-15 23:52:25 [DEBUG] worker - metricCpu=-0.343 metricMem=-1.209 target=0
2025-11-15 23:54:22 [WARN] worker - metricCpu=0.428 metricMem=-1.062 target=1
2025-11-15 23:54:45 [DEBUG] worker - metricCpu=-1.446 metricMem=0.995 target=1
2025-11-15 23:55:22 [INFO] worker - metricCpu=-0.096 metricMem=-0.240 target=0
2025-11-15 23:55:44 [INFO] worker - metricCpu=1.249 metricMem=-0.175 target=0
2025-11-15 23:56:46 [INFO] worker - metricCpu=0.289 metricMem=0.341 target=1
2025-11-15 23:57:17 [INFO] worker - metricCpu=-0.290 metricMem=0.181 target=1
2025-11-15 23:57:52 [DEBUG] worker - metricCpu=0.849 metricMem=-0.400 target=1
2025-11-15 23:59:01 [ERROR] worker - metricCpu=-0.852 metricMem=0.047 target=1
2025-11-15 23:59:18 [WARN] worker - metricCpu=-0.039 metricMem=0.433 target=0
2025-11-16 00:00:23 [INFO] worker - metricCpu=-0.688 metricMem=1.237 target=1
2025-11-16 00:01:11 [ERROR] worker - metricCpu=0.067 metricMem=-0.133 target=1
2025-11-16 00:01:25 [INFO] worker - metricCpu=1.956 metricMem=-1.232 target=1
2025-11-16 00:02:06 [DEBUG] worker - metricCpu=-1.337 metricMem=-0.935 target=1
2025-11-16 00:02:29 [INFO] worker - metricCpu=-0.747 metricMem=0.895 target=0
2025-11-16 00:02:44 [ERROR] worker - metricCpu=1.239 metricMem=-1.343 target=1
2025-11-16 00:03:08 [ERROR] worker - metricCpu=0.229 metricMem=-1.462 target=0
2025-11-16 00:07:34 [WARN] worker - metricCpu=1.594 metricMem=-0.416 target=1
2025-11-16 00:08:31 [DEBUG] worker - metricCpu=0.053 metricMem=-0.360 target=1
2025-11-16 00:08:43 [INFO] worker - metricCpu=-0.211 metricMem=0.155 target=0
2025-11-16 00:09:45 [INFO] worker - metricCpu=-0.208 metricMem=0.789 target=1
2025-11-16 00:11:22 [INFO] worker - metricCpu=0.301 metricMem=-0.567 target=0
2025-11-16 00:12:31 [INFO] worker - metricCpu=-1.046 metricMem=-0.254 target=0
2025-11-16 00:13:17 [INFO] worker - metricCpu=1.224 metricMem=1.804 target=1
2025-11-16 00:13:37 [DEBUG] worker - metricCpu=2.426 metricMem=0.340 target=1
2025-11-16 00:14:28 [INFO] worker - metricCpu=-0.547 metricMem=-1.493 target=0
2025-11-16 00:15:04 [INFO] worker - metricCpu=-0.640 metricMem=-2.228 target=1
2025-11-16 00:15:13 [INFO] worker - metricCpu=0.549 metricMem=-1.040 target=1
2025-11-16 00:15:40 [INFO] worker - metricCpu=-0.482 metricMem=-1.122 target=0
2025-11-16 00:17:14 [INFO] worker - metricCpu=-0.398 metricMem=-0.471 target=1
2025-11-16 00:18:42 [ERROR] worker - metricCpu=-0.254 metricMem=-1.074 target=0
2025-11-16 00:19:40 [INFO] worker - metricCpu=-0.570 metricMem=0.241 target=1
2025-11-16 00:20:00 [WARN] worker - metricCpu=-1.228 metricMem=1.743 target=1
2025-11-16 00:20:36 [INFO] worker - metricCpu=-0.225 metricMem=-1.099 target=1
2025-11-16 00:21:46 [INFO] worker - metricCpu=-1.132 metricMem=-1.824 target=0
2025-11-16 00:22:07 [WARN] worker - metricCpu=-1.053 metricMem=-0.190 target=1
2025-11-16 00:22:41 [WARN] worker - metricCpu=1.034 metricMem=-0.477 target=1
2025-11-16 00:22:53 [INFO] worker - metricCpu=0.876 metricMem=-0.637 target=0
2025-11-16 00:23:12 [DEBUG] worker - metricCpu=0.394 metricMem=0.434 target=1
2025-11-16 00:24:10 [INFO] worker - metricCpu=0.787 metricMem=0.532 target=1
2025-11-16 00:25:28 [INFO] worker - metricCpu=0.570 metricMem=-2.029 target=0
2025-11-16 00:27:02 [INFO] worker - metricCpu=1.670 metricMem=-1.696 target=0
2025-11-16 00:27:20 [INFO] worker - metricCpu=-0.137 metricMem=2.090 target=1
2025-11-16 00:28:16 [INFO] worker - metricCpu=0.049 metricMem=-1.609 target=0
2025-11-16 00:28:20 [INFO] worker - metricCpu=-0.983 metricMem=0.027 target=1
2025-11-16 00:28:57 [ERROR] worker - metricCpu=-0.933 metricMem=-0.340 target=1
2025-11-16 00:29:58 [INFO] worker - metricCpu=0.990 metricMem=0.831 target=0
2025-11-16 00:31:06 [INFO] worker - metricCpu=0.188 metricMem=1.384 target=0
2025-11-16 00:31:23 [WARN] worker - metricCpu=-0.549 metricMem=1.045 target=1
2025-11-16 00:32:36 [WARN] worker - metricCpu=-0.311 metricMem=-0.267 target=1
2025-11-16 00:33:02 [WARN] worker - metricCpu=-0.380 metricMem=0.766 target=0
2025-11-16 00:33:20 [WARN] worker - metricCpu=-1.322 metricMem=-0.025 target=0
2025-11-16 00:33:51 [INFO] worker - metricCpu=-0.453 metricMem=-2.691 target=0
2025-11-16 00:34:19 [INFO] worker - metricCpu=-1.671 metricMem=-1.371 target=1
2025-11-16 00:34:50 [WARN] worker - metricCpu=0.648 metricMem=-0.463 target=1
2025-11-16 00:36:03 [DEBUG] worker - metricCpu=-0.518 metricMem=0.512 target=1
2025-11-16 00:36:49 [WARN] worker - metricCpu=-0.736 metricMem=-0.331 target=0
2025-11-16 00:37:04 [ERROR] worker - metricCpu=0.100 metricMem=-2.067 target=0
2025-11-16 00:37:41 [WARN] worker - metricCpu=-1.731 metricMem=-0.970 target=1
2025-11-16 00:38:10 [ERROR] worker - metricCpu=0.070 metricMem=1.933 target=1
2025-11-16 00:38:42 [WARN] worker - metricCpu=2.510 metricMem=-0.468 target=0
2025-11-16 00:39:07 [DEBUG] worker - metricCpu=-0.895 metricMem=-0.721 target=0
2025-11-16 00:39:24 [INFO] worker - metricCpu=1.157 metricMem=-1.838 target=1
2025-11-16 00:40:08 [INFO] worker - metricCpu=0.031 metricMem=-0.308 target=1
2025-11-16 00:40:16 [INFO] worker - metricCpu=-0.407 metricMem=-2.103 target=0
2025-11-16 00:41:30 [INFO] worker - metricCpu=0.061 metricMem=-1.614 target=1
2025-11-16 00:42:01 [ERROR] worker - metricCpu=0.560 metricMem=1.404 target=0
2025-11-16 00:43:51 [DEBUG] worker - metricCpu=-0.135 metricMem=-0.778 target=0
2025-11-16 00:44:07 [INFO] worker - metricCpu=0.442 metricMem=-1.490 target=1
2025-11-16 00:44:36 [INFO] worker - metricCpu=-1.358 metricMem=-0.285 target=0
2025-11-16 00:44:53 [WARN] worker - metricCpu=1.639 metricMem=-0.875 target=0
2025-11-16 00:45:14 [INFO] worker - metricCpu=0.765 metricMem=-2.909 target=1
2025-11-16 00:45:59 [INFO] worker - metricCpu=-0.532 metricMem=-0.490 target=0
2025-11-16 00:46:36 [INFO] worker - metricCpu=1.011 metricMem=-1.087 target=0
2025-11-16 00:47:39 [INFO] worker - metricCpu=0.151 metricMem=1.397 target=1
2025-11-16 00:49:14 [WARN] worker - metricCpu=-0.182 metricMem=1.036 target=0
2025-11-16 00:51:23 [WARN] worker - metricCpu=0.196 metricMem=-1.432 target=0
2025-11-16 00:53:03 [INFO] worker - metricCpu=-0.444 metricMem=0.627 target=0
2025-11-16 00:53:46 [INFO] worker - metricCpu=1.083 metricMem=-1.244 target=0
2025-11-16 00:53:55 [WARN] worker - metricCpu=-0.369 metricMem=1.208 target=1
2025-11-16 00:56:05 [DEBUG] worker - metricCpu=-0.993 metricMem=0.846 target=0
2025-11-16 00:56:33 [WARN] worker - metricCpu=0.491 metricMem=-0.285 target=1
2025-11-16 00:57:15 [INFO] worker - metricCpu=-1.373 metricMem=-1.487 target=0
2025-11-16 00:58:01 [ERROR] worker - metricCpu=0.580 metricMem=-0.883 target=1
2025-11-16 00:58:59 [ERROR] worker - metricCpu=-0.822 metricMem=0.068 target=1
2025-11-16 00:59:53 [WARN] worker - metricCpu=-0.474 metricMem=0.241 target=0
2025-11-16 01:00:06 [INFO] worker - metricCpu=-0.788 metricMem=-0.470 target=1
2025-11-16 01:00:44 [INFO] worker - metricCpu=-0.095 metricMem=-0.418 target=0
2025-11-16 01:00:50 [WARN] worker - metricCpu=0.948 metricMem=-1.681 target=1
2025-11-16 01:01:19 [INFO] worker - metricCpu=0.175 metricMem=-0.725 target=0
2025-11-16 01:01:23 [ERROR] worker - metricCpu=-0.725 metricMem=-0.997 target=0
2025-11-16 01:01:54 [INFO] worker - metricCpu=-0.496 metricMem=1.760 target=1
2025-11-16 01:02:13 [INFO] worker - metricCpu=-1.487 metricMem=1.128 target=0
2025-11-16 01:02:31 [INFO] worker - metricCpu=-0.234 metricMem=-0.383 target=1
2025-11-16 01:03:23 [INFO] worker - metricCpu=-0.700 metricMem=-2.137 target=0
2025-11-16 01:03:43 [INFO] worker - metricCpu=0.450 metricMem=-1.179 target=1
2025-11-16 01:05:04 [INFO] worker - metricCpu=-0.219 metricMem=0.423 target=0
2025-11-16 01:05:20 [DEBUG] worker - metricCpu=0.692 metricMem=-0.438 target=1
2025-11-16 01:05:30 [ERROR] worker - metricCpu=-0.913 metricMem=-1.187 target=0
2025-11-16 01:05:58 [DEBUG] worker - metricCpu=0.786 metricMem=-1.609 target=1
2025-11-16 01:06:20 [INFO] worker - metricCpu=-1.652 metricMem=0.742 target=1
2025-11-16 01:07:02 [WARN] worker - metricCpu=0.152 metricMem=0.032 target=1
2025-11-16 01:08:21 [INFO] worker - metricCpu=-0.526 metricMem=0.979 target=1
2025-11-16 01:08:36 [INFO] worker - metricCpu=0.164 metricMem=0.674 target=1
2025-11-16 01:09:32 [ERROR] worker - metricCpu=-0.217 metricMem=0.323 target=0
2025-11-16 01:09:41 [INFO] worker - metricCpu=-0.633 metricMem=0.884 target=0
2025-11-16 01:10:48 [INFO] worker - metricCpu=-0.361 metricMem=-1.287 target=1
2025-11-16 01:11:45 [INFO] worker - metricCpu=0.229 metricMem=1.018 target=1
2025-11-16 01:13:21 [INFO] worker - metricCpu=0.193 metricMem=1.152 target=1
2025-11-16 01:14:23 [WARN] worker - metricCpu=0.347 metricMem=1.270 target=0
2025-11-16 01:15:29 [WARN] worker - metricCpu=-0.419 metricMem=0.889 target=1
2025-11-16 01:15:54 [ERROR] worker - metricCpu=-0.445 metricMem=1.499 target=1
2025-11-16 01:18:29 [WARN] worker - metricCpu=0.413 metricMem=-1.095 target=0
2025-11-16 01:19:51 [INFO] worker - metricCpu=-0.648 metricMem=-0.525 target=1
2025-11-16 01:20:38 [INFO] worker - metricCpu=-1.605 metricMem=-0.507 target=0
2025-11-16 01:21:11 [WARN] worker - metricCpu=-1.275 metricMem=-0.254 target=0
2025-11-16 01:21:39 [INFO] worker - metricCpu=1.158 metricMem=0.607 target=0
2025-11-16 01:22:10 [INFO] worker - metricCpu=1.056 metricMem=-0.771 target=1
2025-11-16 01:22:47 [INFO] worker - metricCpu=-0.332 metricMem=0.622 target=1
2025-11-16 01:22:59 [DEBUG] worker - metricCpu=-0.208 metricMem=1.224 target=1
2025-11-16 01:23:25 [ERROR] worker - metricCpu=-0.164 metricMem=0.129 target=0
2025-11-16 01:25:51 [WARN] worker - metricCpu=1.365 metricMem=0.368 target=1
2025-11-16 01:26:42 [INFO] worker - metricCpu=-0.708 metricMem=-0.516 target=1
2025-11-16 01:27:19 [INFO] worker - metricCpu=0.468 metricMem=0.645 target=0
2025-11-16 01:28:37 [ERROR] worker - metricCpu=0.046 metricMem=1.352 target=0
2025-11-16 01:29:16 [INFO] worker - metricCpu=0.490 metricMem=-0.904 target=0
2025-11-16 01:29:21 [INFO] worker - metricCpu=0.538 metricMem=0.240 target=0
2025-11-16 01:29:45 [ERROR] worker - metricCpu=1.388 metricMem=-0.249 target=1
2025-11-16 01:30:07 [INFO] worker - metricCpu=1.189 metricMem=1.443 target=0
2025-11-16 01:30:14 [ERROR] worker - metricCpu=-1.054 metricMem=-0.862 target=0
2025-11-16 01:30:25 [INFO] worker - metricCpu=0.741 metricMem=0.127 target=0
2025-11-16 01:32:07 [INFO] worker - metricCpu=-0.296 metricMem=-0.036 target=0
2025-11-16 01:32:34 [INFO] worker - metricCpu=-0.334 metricMem=-0.460 target=1
2025-11-16 01:33:02 [WARN] worker - metricCpu=-1.249 metricMem=1.352 target=1
2025-11-16 01:33:20 [INFO] worker - metricCpu=-0.557 metricMem=0.371 target=0
2025-11-16 01:34:59 [INFO] worker - metricCpu=-0.786 metricMem=0.574 target=0
2025-11-16 01:35:35 [WARN] worker - metricCpu=-0.939 metricMem=-0.969 target=1
2025-11-16 01:36:14 [INFO] worker - metricCpu=1.667 metricMem=0.009 target=1
2025-11-16 01:37:11 [DEBUG] worker - metricCpu=0.832 metricMem=-0.021 target=1
2025-11-16 01:39:18 [INFO] worker - metricCpu=-0.075 metricMem=0.478 target=1
2025-11-16 01:39:47 [WARN] worker - metricCpu=-3.009 metricMem=-1.156 target=1
2025-11-16 01:39:55 [INFO] worker - metricCpu=-1.376 metricMem=1.902 target=0
2025-11-16 01:42:31 [INFO] worker - metricCpu=0.261 metricMem=0.095 target=0
2025-11-16 01:45:39 [INFO] worker - metricCpu=0.482 metricMem=-0.269 target=0
2025-11-16 01:45:58 [WARN] worker - metricCpu=1.520 metricMem=0.854 target=0
2025-11-16 01:46:20 [INFO] worker - metricCpu=-0.365 metricMem=1.208 target=1
2025-11-16 01:47:36 [DEBUG] worker - metricCpu=0.727 metricMem=-0.886 target=0
2025-11-16 01:48:40 [INFO] worker - metricCpu=0.931 metricMem=-0.194 target=0
2025-11-16 01:49:43 [WARN] worker - metricCpu=0.873 metricMem=0.428 target=0
2025-11-16 01:51:26 [WARN] worker - metricCpu=0.024 metricMem=0.354 target=1
2025-11-16 01:51:48 [INFO] worker - metricCpu=0.479 metricMem=-0.490 target=0
2025-11-16 01:52:42 [INFO] worker - metricCpu=0.252 metricMem=0.416 target=0
2025-11-16 01:52:55 [INFO] worker - metricCpu=0.569 metricMem=1.204 target=0
2025-11-16 01:53:00 [WARN] worker - metricCpu=0.277 metricMem=-0.078 target=1
2025-11-16 01:53:23 [ERROR] worker - metricCpu=0.811 metricMem=-0.740 target=1
2025-11-16 01:53:30 [INFO] worker - metricCpu=0.724 metricMem=0.840 target=0
2025-11-16 01:53:48 [DEBUG] worker - metricCpu=0.882 metricMem=0.596 target=1
2025-11-16 01:56:23 [INFO] worker - metricCpu=0.495 metricMem=-0.745 target=0
2025-11-16 01:57:49 [DEBUG] worker - metricCpu=-0.298 metricMem=-1.493 target=0
2025-11-16 01:58:12 [ERROR] worker - metricCpu=0.038 metricMem=-0.871 target=1
2025-11-16 01:58:46 [WARN] worker - metricCpu=-2.886 metricMem=-1.891 target=0
2025-11-16 01:58:59 [WARN] worker - metricCpu=-1.022 metricMem=-0.420 target=0
2025-11-16 02:03:22 [INFO] worker - metricCpu=1.674 metricMem=0.944 target=0
2025-11-16 02:03:35 [INFO] worker - metricCpu=1.615 metricMem=-0.693 target=1
2025-11-16 02:04:01 [INFO] worker - metricCpu=-3.093 metricMem=0.687 target=1
2025-11-16 02:04:10 [ERROR] worker - metricCpu=0.577 metricMem=-1.113 target=1
2025-11-16 02:04:45 [DEBUG] worker - metricCpu=-1.079 metricMem=1.418 target=1
2025-11-16 02:05:14 [INFO] worker - metricCpu=-0.001 metricMem=-0.994 target=1
2025-11-16 02:05:26 [INFO] worker - metricCpu=-0.600 metricMem=0.377 target=0
2025-11-16 02:05:37 [INFO] worker - metricCpu=-0.736 metricMem=1.035 target=0
2025-11-16 02:06:49 [DEBUG] worker - metricCpu=1.469 metricMem=-0.619 target=1
2025-11-16 02:07:00 [WARN] worker - metricCpu=-1.254 metricMem=0.408 target=0
2025-11-16 02:07:15 [INFO] worker - metricCpu=0.019 metricMem=0.127 target=1
2025-11-16 02:08:10 [INFO] worker - metricCpu=-1.254 metricMem=-2.563 target=0
2025-11-16 02:09:19 [INFO] worker - metricCpu=0.289 metricMem=0.265 target=0
2025-11-16 02:10:51 [INFO] worker - metricCpu=0.244 metricMem=-0.988 target=0
2025-11-16 02:11:17 [INFO] worker - metricCpu=0.548 metricMem=-0.356 target=1
2025-11-16 02:11:28 [INFO] worker - metricCpu=-1.452 metricMem=-1.978 target=0
2025-11-16 02:12:20 [ERROR] worker - metricCpu=1.305 metricMem=-0.033 target=0
2025-11-16 02:12:35 [ERROR] worker - metricCpu=0.153 metricMem=0.108 target=0
2025-11-16 02:12:48 [INFO] worker - metricCpu=1.606 metricMem=0.115 target=0
2025-11-16 02:12:51 [INFO] worker - metricCpu=-1.371 metricMem=-0.781 target=0
2025-11-16 02:13:10 [INFO] worker - metricCpu=2.156 metricMem=0.697 target=1
2025-11-16 02:13:56 [INFO] worker - metricCpu=-0.604 metricMem=0.281 target=0
2025-11-16 02:14:07 [INFO] worker - metricCpu=-1.707 metricMem=-0.594 target=1
2025-11-16 02:16:29 [INFO] worker - metricCpu=-0.073 metricMem=-1.686 target=1
2025-11-16 02:16:52 [WARN] worker - metricCpu=0.587 metricMem=-0.805 target=1
2025-11-16 02:17:15 [INFO] worker - metricCpu=0.026 metricMem=0.087 target=1
2025-11-16 02:17:31 [INFO] worker - metricCpu=-2.116 metricMem=-0.696 target=1
2025-11-16 02:18:22 [WARN] worker - metricCpu=-1.205 metricMem=0.590 target=0
2025-11-16 02:21:25 [DEBUG] worker - metricCpu=0.711 metricMem=-0.471 target=1
2025-11-16 02:21:42 [INFO] worker - metricCpu=-0.035 metricMem=-0.780 target=0
2025-11-16 02:21:53 [INFO] worker - metricCpu=0.242 metricMem=0.573 target=1
2025-11-16 02:23:32 [ERROR] worker - metricCpu=-1.136 metricMem=-0.543 target=1
2025-11-16 02:24:17 [INFO] worker - metricCpu=0.873 metricMem=-0.048 target=0
2025-11-16 02:24:35 [INFO] worker - metricCpu=-1.527 metricMem=-0.546 target=0
2025-11-16 02:26:53 [INFO] worker - metricCpu=1.362 metricMem=-0.189 target=0
2025-11-16 02:27:06 [INFO] worker - metricCpu=-1.329 metricMem=0.465 target=0
2025-11-16 02:27:21 [WARN] worker - metricCpu=-0.071 metricMem=-1.129 target=1
2025-11-16 02:28:06 [INFO] worker - metricCpu=1.722 metricMem=0.567 target=0
2025-11-16 02:28:31 [WARN] worker - metricCpu=0.315 metricMem=0.153 target=0
2025-11-16 02:28:43 [INFO] worker - metricCpu=-0.539 metricMem=0.082 target=0
2025-11-16 02:30:03 [WARN] worker - metricCpu=0.141 metricMem=-0.128 target=1
2025-11-16 02:31:29 [INFO] worker - metricCpu=0.269 metricMem=-1.408 target=1
2025-11-16 02:31:57 [INFO] worker - metricCpu=0.417 metricMem=0.157 target=1
2025-11-16 02:32:56 [WARN] worker - metricCpu=-0.533 metricMem=-0.281 target=0