2025-11-15 23:47:14 [DEBUG] worker - metricCpu=-0.532 metricMem=-1.456 target=1
2025-11-15 23:47:25 [INFO] worker - metricCpu=0.226 metricMem=-0.878 target=1
2025-11-15 23:47:37 [INFO] worker - metricCpu=0.025 metricMem=0.923 target=1
2025-11-15 23:47:40 [WARN] scheduler - metricCpu=0.727 metricMem=-0.547 target=1
2025-11-15 23:47:57 [WARN] auth - metricCpu=0.112 metricMem=0.316 target=0
2025-11-15 23:48:07 [DEBUG] api - metricCpu=-0.883 metricMem=-0.149 target=0
2025-11-15 23:48:14 [INFO] scheduler - metricCpu=0.035 metricMem=1.398 target=1
2025-11-15 23:48:20 [INFO] db - metricCpu=0.189 metricMem=-0.237 target=0
2025-11-15 23:48:36 [INFO] api - metricCpu=0.770 metricMem=0.033 target=1
2025-11-15 23:48:42 [INFO] scheduler - metricCpu=-0.778 metricMem=1.899 target=0
2025-11-15 23:48:53 [WARN] scheduler - metricCpu=0.181 metricMem=0.604 target=0
2025-11-15 23:49:03 [INFO] scheduler - metricCpu=0.303 metricMem=-1.285 target=0
2025-11-15 23:49:19 [WARN] db - metricCpu=0.763 metricMem=1.069 target=0
2025-11-15 23:49:27 [WARN] scheduler - metricCpu=-2.472 metricMem=0.256 target=1
2025-11-15 23:49:37 [INFO] auth - metricCpu=1.071 metricMem=0.460 target=0
2025-11-15 23:49:48 [INFO] scheduler - metricCpu=-1.269 metricMem=-0.350 target=0
2025-11-15 23:49:54 [WARN] worker - metricCpu=-0.742 metricMem=-1.241 target=1
2025-11-15 23:50:03 [DEBUG] scheduler - metricCpu=0.948 metricMem=1.312 target=1
2025-11-15 23:50:15 [WARN] scheduler - metricCpu=-0.528 metricMem=-0.191 target=1
2025-11-15 23:50:26 [INFO] api - metricCpu=0.480 metricMem=-1.033 target=1
2025-11-15 23:50:35 [ERROR] worker - metricCpu=-1.482 metricMem=-1.299 target=0
2025-11-15 23:50:46 [INFO] auth - metricCpu=1.604 metricMem=1.312 target=1
2025-11-15 23:50:51 [INFO] auth - metricCpu=-0.693 metricMem=1.101 target=0
2025-11-15 23:51:02 [INFO] auth - metricCpu=-0.777 metricMem=1.313 target=0
2025-11-15 23:51:18 [INFO] db - metricCpu=0.520 metricMem=-0.085 target=0
2025-11-15 23:51:24 [WARN] scheduler - metricCpu=-0.650 metricMem=0.677 target=0
2025-11-15 23:51:32 [INFO] db - metricCpu=1.501 metricMem=-0.384 target=1
2025-11-15 23:51:42 [INFO] scheduler - metricCpu=1.020 metricMem=-0.626 target=1
2025-11-15 23:51:56 [INFO] auth - metricCpu=-0.847 metricMem=0.321 target=0
2025-11-15 23:52:02 [INFO] db - metricCpu=-0.404 metricMem=-0.973 target=1
2025-11-15 23:52:14 [INFO] scheduler - metricCpu=0.650 metricMem=-1.640 target=1
2025-11-15 23:52:25 [DEBUG] worker - metricCpu=-0.343 metricMem=-1.209 target=0
2025-11-15 23:52:33 [DEBUG] auth - metricCpu=0.718 metricMem=1.372 target=1
2025-11-15 23:52:42 [INFO] scheduler - metricCpu=0.717 metricMem=1.041 target=1
2025-11-15 23:52:59 [INFO] db - metricCpu=-0.372 metricMem=-0.833 target=0
2025-11-15 23:53:00 [INFO] scheduler - metricCpu=-1.019 metricMem=-2.046 target=0
2025-11-15 23:53:13 [INFO] db - metricCpu=-0.377 metricMem=2.052 target=0
2025-11-15 23:53:25 [ERROR] api - metricCpu=1.034 metricMem=-0.191 target=0
2025-11-15 23:53:35 [DEBUG] api - metricCpu=0.605 metricMem=-1.550 target=1
2025-11-15 23:53:49 [INFO] db - metricCpu=0.509 metricMem=-0.000 target=1
2025-11-15 23:53:57 [ERROR] api - metricCpu=-0.348 metricMem=0.203 target=1
2025-11-15 23:54:00 [ERROR] db - metricCpu=0.229 metricMem=-0.341 target=0
2025-11-15 23:54:17 [WARN] auth - metricCpu=0.597 metricMem=-1.579 target=0
2025-11-15 23:54:22 [WARN] worker - metricCpu=0.428 metricMem=-1.062 target=1
2025-11-15 23:54:38 [INFO] db - metricCpu=2.390 metricMem=-0.567 target=0
2025-11-15 23:54:45 [DEBUG] worker - metricCpu=-1.446 metricMem=0.995 target=1
2025-11-15 23:54:53 [INFO] auth - metricCpu=-1.348 metricMem=0.040 target=0
2025-11-15 23:55:08 [INFO] scheduler - metricCpu=0.976 metricMem=-1.080 target=1
2025-11-15 23:55:15 [INFO] db - metricCpu=0.255 metricMem=-0.252 target=0
2025-11-15 23:55:22 [INFO] worker - metricCpu=-0.096 metricMem=-0.240 target=0
2025-11-15 23:55:30 [INFO] auth - metricCpu=0.130 metricMem=-0.152 target=0
2025-11-15 23:55:44 [INFO] worker - metricCpu=1.249 metricMem=-0.175 target=0
2025-11-15 23:55:55 [INFO] db - metricCpu=0.329 metricMem=0.087 target=0
2025-11-15 23:56:03 [INFO] scheduler - metricCpu=-0.620 metricMem=0.056 target=0
2025-11-15 23:56:12 [INFO] scheduler - metricCpu=-2.218 metricMem=-1.133 target=0
2025-11-15 23:56:24 [ERROR] api - metricCpu=1.117 metricMem=-2.424 target=0
2025-11-15 23:56:32 [INFO] db - metricCpu=-0.694 metricMem=1.944 target=0
2025-11-15 23:56:46 [INFO] worker - metricCpu=0.289 metricMem=0.341 target=1
2025-11-15 23:56:55 [INFO] api - metricCpu=-0.335 metricMem=0.337 target=1
2025-11-15 23:57:08 [INFO] scheduler - metricCpu=-1.659 metricMem=1.150 target=1
2025-11-15 23:57:17 [INFO] worker - metricCpu=-0.290 metricMem=0.181 target=1
2025-11-15 23:57:25 [INFO] scheduler - metricCpu=0.271 metricMem=0.135 target=1
2025-11-15 23:57:31 [INFO] db - metricCpu=0.817 metricMem=-1.056 target=1
2025-11-15 23:57:48 [ERROR] scheduler - metricCpu=-0.572 metricMem=0.021 target=1
2025-11-15 23:57:52 [DEBUG] worker - metricCpu=0.849 metricMem=-0.400 target=1
2025-11-15 23:58:01 [WARN] scheduler - metricCpu=0.005 metricMem=0.123 target=1
2025-11-15 23:58:15 [INFO] db - metricCpu=0.773 metricMem=0.775 target=1
2025-11-15 23:58:23 [WARN] db - metricCpu=0.633 metricMem=0.892 target=1
2025-11-15 23:58:30 [INFO] db - metricCpu=0.540 metricMem=0.130 target=0
2025-11-15 23:58:47 [ERROR] scheduler - metricCpu=-0.488 metricMem=0.826 target=0
2025-11-15 23:58:55 [INFO] db - metricCpu=-0.730 metricMem=-0.770 target=1
2025-11-15 23:59:01 [ERROR] worker - metricCpu=-0.852 metricMem=0.047 target=1
2025-11-15 23:59:18 [WARN] worker - metricCpu=-0.039 metricMem=0.433 target=0
2025-11-15 23:59:22 [INFO] db - metricCpu=-0.213 metricMem=0.434 target=1
2025-11-15 23:59:33 [WARN] auth - metricCpu=-1.389 metricMem=-0.383 target=1
2025-11-15 23:59:45 [WARN] db - metricCpu=1.298 metricMem=-0.195 target=1
2025-11-15 23:59:56 [INFO] scheduler - metricCpu=-0.682 metricMem=0.656 target=0
2025-11-16 00:00:02 [INFO] auth - metricCpu=1.284 metricMem=-0.158 target=0
2025-11-16 00:00:13 [INFO] scheduler - metricCpu=-0.825 metricMem=1.972 target=1
2025-11-16 00:00:23 [INFO] worker - metricCpu=-0.688 metricMem=1.237 target=1
2025-11-16 00:00:37 [INFO] scheduler - metricCpu=-0.288 metricMem=0.731 target=0
2025-11-16 00:00:42 [INFO] db - metricCpu=1.026 metricMem=-0.587 target=0
2025-11-16 00:00:55 [DEBUG] db - metricCpu=-0.260 metricMem=-0.393 target=0
2025-11-16 00:01:06 [DEBUG] auth - metricCpu=0.010 metricMem=2.995 target=1
2025-11-16 00:01:11 [ERROR] worker - metricCpu=0.067 metricMem=-0.133 target=1
2025-11-16 00:01:25 [INFO] worker - metricCpu=1.956 metricMem=-1.232 target=1
2025-11-16 00:01:36 [ERROR] db - metricCpu=1.384 metricMem=-0.306 target=0
2025-11-16 00:01:45 [INFO] api - metricCpu=-0.585 metricMem=0.735 target=1
2025-11-16 00:01:56 [INFO] auth - metricCpu=-0.107 metricMem=-0.926 target=1
2025-11-16 00:02:06 [DEBUG] worker - metricCpu=-1.337 metricMem=-0.935 target=1
2025-11-16 00:02:13 [DEBUG] scheduler - metricCpu=0.669 metricMem=-0.951 target=1
2025-11-16 00:02:29 [INFO] worker - metricCpu=-0.747 metricMem=0.895 target=0
2025-11-16 00:02:34 [INFO] api - metricCpu=-0.386 metricMem=0.745 target=1
2025-11-16 00:02:44 [ERROR] worker - metricCpu=1.239 metricMem=-1.343 target=1
2025-11-16 00:02:55 [INFO] api - metricCpu=0.802 metricMem=1.326 target=1
2025-11-16 00:03:08 [ERROR] worker - metricCpu=0.229 metricMem=-1.462 target=0
2025-11-16 00:03:17 [WARN] scheduler - metricCpu=-0.265 metricMem=2.032 target=0
2025-11-16 00:03:21 [INFO] api - metricCpu=-0.646 metricMem=1.051 target=0
2025-11-16 00:03:37 [INFO] scheduler - metricCpu=0.529 metricMem=0.575 target=0
2025-11-16 00:03:47 [WARN] api - metricCpu=0.547 metricMem=0.035 target=0
2025-11-16 00:03:58 [INFO] auth - metricCpu=0.517 metricMem=0.577 target=1
2025-11-16 00:04:09 [INFO] auth - metricCpu=-0.229 metricMem=0.485 target=1
2025-11-16 00:04:16 [WARN] api - metricCpu=0.777 metricMem=-0.818 target=1
2025-11-16 00:04:25 [WARN] auth - metricCpu=-0.847 metricMem=-0.348 target=0
2025-11-16 00:04:30 [INFO] scheduler - metricCpu=-0.754 metricMem=0.633 target=0
2025-11-16 00:04:48 [WARN] db - metricCpu=-0.378 metricMem=1.007 target=0
2025-11-16 00:04:58 [INFO] db - metricCpu=-0.712 metricMem=-0.033 target=1
2025-11-16 00:05:02 [INFO] api - metricCpu=-1.583 metricMem=-0.083 target=0
2025-11-16 00:05:11 [WARN] db - metricCpu=-0.987 metricMem=0.023 target=0
2025-11-16 00:05:23 [INFO] scheduler - metricCpu=-2.494 metricMem=0.182 target=1
2025-11-16 00:05:32 [WARN] api - metricCpu=-1.092 metricMem=0.769 target=0
2025-11-16 00:05:48 [ERROR] db - metricCpu=0.426 metricMem=1.174 target=0
2025-11-16 00:05:51 [ERROR] db - metricCpu=-1.623 metricMem=-0.112 target=0
2025-11-16 00:06:01 [INFO] scheduler - metricCpu=1.242 metricMem=0.245 target=1
2025-11-16 00:06:12 [INFO] db - metricCpu=-0.012 metricMem=0.214 target=0
2025-11-16 00:06:21 [INFO] auth - metricCpu=-0.699 metricMem=0.522 target=0
2025-11-16 00:06:37 [WARN] api - metricCpu=0.537 metricMem=-1.374 target=0
2025-11-16 00:06:43 [INFO] db - metricCpu=-0.219 metricMem=-0.007 target=0
2025-11-16 00:06:50 [DEBUG] api - metricCpu=-0.386 metricMem=1.347 target=1
2025-11-16 00:07:00 [DEBUG] auth - metricCpu=-1.450 metricMem=0.347 target=0
2025-11-16 00:07:11 [INFO] db - metricCpu=0.151 metricMem=0.530 target=1
2025-11-16 00:07:28 [INFO] scheduler - metricCpu=-1.363 metricMem=-1.061 target=1
2025-11-16 00:07:34 [WARN] worker - metricCpu=1.594 metricMem=-0.416 target=1
2025-11-16 00:07:47 [WARN] scheduler - metricCpu=0.032 metricMem=0.566 target=1
2025-11-16 00:07:55 [INFO] db - metricCpu=-1.980 metricMem=-0.404 target=0
2025-11-16 00:08:08 [ERROR] api - metricCpu=-1.008 metricMem=0.452 target=0
2025-11-16 00:08:19 [INFO] auth - metricCpu=-0.008 metricMem=-1.297 target=0
2025-11-16 00:08:28 [WARN] api - metricCpu=1.458 metricMem=-0.178 target=0
2025-11-16 00:08:31 [DEBUG] worker - metricCpu=0.053 metricMem=-0.360 target=1
2025-11-16 00:08:43 [INFO] worker - metricCpu=-0.211 metricMem=0.155 target=0
2025-11-16 00:08:57 [INFO] db - metricCpu=-0.134 metricMem=0.013 target=0
2025-11-16 00:09:02 [ERROR] auth - metricCpu=0.049 metricMem=-1.218 target=1
2025-11-16 00:09:10 [ERROR] scheduler - metricCpu=-0.284 metricMem=-0.053 target=0
2025-11-16 00:09:28 [DEBUG] api - metricCpu=-0.020 metricMem=-0.243 target=0
2025-11-16 00:09:30 [ERROR] auth - metricCpu=-0.910 metricMem=-0.381 target=1
2025-11-16 00:09:45 [INFO] worker - metricCpu=-0.208 metricMem=0.789 target=1
2025-11-16 00:09:53 [INFO] auth - metricCpu=1.107 metricMem=-0.263 target=0
2025-11-16 00:10:05 [INFO] scheduler - metricCpu=0.223 metricMem=0.330 target=0
2025-11-16 00:10:13 [INFO] db - metricCpu=0.519 metricMem=2.012 target=1
2025-11-16 00:10:28 [WARN] auth - metricCpu=-0.035 metricMem=-1.523 target=0
2025-11-16 00:10:34 [INFO] scheduler - metricCpu=1.555 metricMem=0.659 target=1
2025-11-16 00:10:41 [ERROR] auth - metricCpu=0.200 metricMem=1.335 target=1
2025-11-16 00:10:58 [INFO] auth - metricCpu=0.812 metricMem=0.940 target=1
2025-11-16 00:11:01 [INFO] db - metricCpu=-0.104 metricMem=0.724 target=1
2025-11-16 00:11:10 [INFO] api - metricCpu=1.264 metricMem=0.516 target=1
2025-11-16 00:11:22 [INFO] worker - metricCpu=0.301 metricMem=-0.567 target=0
2025-11-16 00:11:39 [INFO] auth - metricCpu=2.445 metricMem=-0.069 target=1
2025-11-16 00:11:44 [WARN] api - metricCpu=-0.617 metricMem=0.094 target=0
2025-11-16 00:11:56 [WARN] auth - metricCpu=1.582 metricMem=0.326 target=0
2025-11-16 00:12:06 [WARN] db - metricCpu=0.335 metricMem=-0.756 target=1
2025-11-16 00:12:14 [WARN] scheduler - metricCpu=1.651 metricMem=-0.252 target=1
2025-11-16 00:12:22 [WARN] auth - metricCpu=-0.023 metricMem=-0.258 target=0
2025-11-16 00:12:31 [INFO] worker - metricCpu=-1.046 metricMem=-0.254 target=0
2025-11-16 00:12:42 [INFO] api - metricCpu=-0.652 metricMem=1.409 target=1
2025-11-16 00:12:52 [INFO] db - metricCpu=0.296 metricMem=-0.435 target=1
2025-11-16 00:13:05 [INFO] db - metricCpu=0.504 metricMem=-0.954 target=0
2025-11-16 00:13:17 [INFO] worker - metricCpu=1.224 metricMem=1.804 target=1
2025-11-16 00:13:22 [INFO] db - metricCpu=1.708 metricMem=1.199 target=1
2025-11-16 00:13:37 [DEBUG] worker - metricCpu=2.426 metricMem=0.340 target=1
2025-11-16 00:13:41 [WARN] auth - metricCpu=0.180 metricMem=-0.000 target=1
2025-11-16 00:13:53 [ERROR] auth - metricCpu=0.622 metricMem=-1.310 target=0
2025-11-16 00:14:08 [ERROR] scheduler - metricCpu=2.587 metricMem=-1.091 target=0
2025-11-16 00:14:11 [DEBUG] scheduler - metricCpu=-0.009 metricMem=-0.285 target=1
2025-11-16 00:14:28 [INFO] worker - metricCpu=-0.547 metricMem=-1.493 target=0
2025-11-16 00:14:35 [WARN] auth - metricCpu=-1.613 metricMem=-0.050 target=0
2025-11-16 00:14:46 [INFO] scheduler - metricCpu=-1.237 metricMem=1.489 target=0
2025-11-16 00:14:54 [ERROR] auth - metricCpu=-0.805 metricMem=-0.444 target=1
2025-11-16 00:15:04 [INFO] worker - metricCpu=-0.640 metricMem=-2.228 target=1
2025-11-16 00:15:13 [INFO] worker - metricCpu=0.549 metricMem=-1.040 target=1
2025-11-16 00:15:24 [WARN] scheduler - metricCpu=-1.975 metricMem=0.677 target=1
2025-11-16 00:15:30 [INFO] scheduler - metricCpu=0.740 metricMem=-0.738 target=1
2025-11-16 00:15:40 [INFO] worker - metricCpu=-0.482 metricMem=-1.122 target=0
2025-11-16 00:15:57 [WARN] db - metricCpu=2.599 metricMem=0.175 target=1
2025-11-16 00:16:04 [DEBUG] db - metricCpu=0.455 metricMem=1.382 target=1
2025-11-16 00:16:15 [INFO] api - metricCpu=0.153 metricMem=-0.399 target=0
2025-11-16 00:16:22 [INFO] auth - metricCpu=-0.006 metricMem=-0.351 target=0
2025-11-16 00:16:32 [WARN] auth - metricCpu=0.312 metricMem=-0.567 target=1
2025-11-16 00:16:47 [INFO] auth - metricCpu=0.586 metricMem=0.582 target=1
2025-11-16 00:16:59 [INFO] auth - metricCpu=-1.251 metricMem=-0.135 target=1
2025-11-16 00:17:00 [WARN] auth - metricCpu=-0.178 metricMem=-0.066 target=0
2025-11-16 00:17:14 [INFO] worker - metricCpu=-0.398 metricMem=-0.471 target=1
2025-11-16 00:17:25 [INFO] db - metricCpu=1.145 metricMem=0.212 target=1
2025-11-16 00:17:30 [INFO] db - metricCpu=-0.211 metricMem=-1.566 target=1
2025-11-16 00:17:42 [INFO] db - metricCpu=0.122 metricMem=0.643 target=1
2025-11-16 00:17:58 [INFO] api - metricCpu=-0.457 metricMem=0.193 target=0
2025-11-16 00:18:09 [INFO] scheduler - metricCpu=-0.753 metricMem=1.162 target=0
2025-11-16 00:18:15 [DEBUG] api - metricCpu=-1.023 metricMem=-0.071 target=1
2025-11-16 00:18:29 [INFO] auth - metricCpu=1.648 metricMem=-1.102 target=1
2025-11-16 00:18:39 [INFO] api - metricCpu=-0.916 metricMem=-0.270 target=1
2025-11-16 00:18:42 [ERROR] worker - metricCpu=-0.254 metricMem=-1.074 target=0
2025-11-16 00:18:55 [INFO] api - metricCpu=0.547 metricMem=-2.957 target=1
2025-11-16 00:19:05 [ERROR] scheduler - metricCpu=0.244 metricMem=1.190 target=1
2025-11-16 00:19:17 [WARN] db - metricCpu=0.239 metricMem=-0.496 target=0
2025-11-16 00:19:28 [ERROR] scheduler - metricCpu=0.769 metricMem=-1.293 target=0
2025-11-16 00:19:33 [INFO] db - metricCpu=0.901 metricMem=-2.882 target=0
2025-11-16 00:19:40 [INFO] worker - metricCpu=-0.570 metricMem=0.241 target=1
2025-11-16 00:19:56 [INFO] scheduler - metricCpu=0.968 metricMem=-0.163 target=0
2025-11-16 00:20:00 [WARN] worker - metricCpu=-1.228 metricMem=1.743 target=1
2025-11-16 00:20:10 [WARN] db - metricCpu=-0.519 metricMem=1.320 target=0
2025-11-16 00:20:25 [INFO] scheduler - metricCpu=0.237 metricMem=0.064 target=0
2025-11-16 00:20:36 [INFO] worker - metricCpu=-0.225 metricMem=-1.099 target=1
2025-11-16 00:20:45 [ERROR] db - metricCpu=0.744 metricMem=0.236 target=0
2025-11-16 00:20:58 [DEBUG] api - metricCpu=0.401 metricMem=0.133 target=1
2025-11-16 00:21:01 [WARN] auth - metricCpu=-1.519 metricMem=0.637 target=0
2025-11-16 00:21:14 [WARN] auth - metricCpu=1.035 metricMem=0.081 target=1
2025-11-16 00:21:23 [INFO] api - metricCpu=0.148 metricMem=2.084 target=0
2025-11-16 00:21:33 [WARN] api - metricCpu=-2.021 metricMem=-1.615 target=1
2025-11-16 00:21:46 [INFO] worker - metricCpu=-1.132 metricMem=-1.824 target=0
2025-11-16 00:21:56 [ERROR] auth - metricCpu=1.150 metricMem=0.302 target=0
2025-11-16 00:22:07 [WARN] worker - metricCpu=-1.053 metricMem=-0.190 target=1
2025-11-16 00:22:11 [WARN] scheduler - metricCpu=0.014 metricMem=-1.487 target=0
2025-11-16 00:22:25 [INFO] auth - metricCpu=-1.089 metricMem=-0.152 target=1
2025-11-16 00:22:36 [INFO] scheduler - metricCpu=-0.233 metricMem=0.886 target=0
2025-11-16 00:22:41 [WARN] worker - metricCpu=1.034 metricMem=-0.477 target=1
2025-11-16 00:22:53 [INFO] worker - metricCpu=0.876 metricMem=-0.637 target=0
2025-11-16 00:23:09 [WARN] auth - metricCpu=-1.363 metricMem=-0.514 target=0
2025-11-16 00:23:12 [DEBUG] worker - metricCpu=0.394 metricMem=0.434 target=1
2025-11-16 00:23:25 [INFO] scheduler - metricCpu=1.034 metricMem=-1.550 target=0
2025-11-16 00:23:36 [INFO] db - metricCpu=-0.386 metricMem=0.199 target=0
2025-11-16 00:23:47 [INFO] scheduler - metricCpu=-0.046 metricMem=0.443 target=1
2025-11-16 00:23:56 [INFO] auth - metricCpu=-0.056 metricMem=-0.139 target=0
2025-11-16 00:24:04 [INFO] db - metricCpu=0.526 metricMem=0.386 target=0
2025-11-16 00:24:10 [INFO] worker - metricCpu=0.787 metricMem=0.532 target=1
2025-11-16 00:24:24 [INFO] db - metricCpu=0.205 metricMem=0.987 target=1
2025-11-16 00:24:31 [INFO] auth - metricCpu=0.090 metricMem=-0.117 target=0
2025-11-16 00:24:48 [DEBUG] scheduler - metricCpu=-1.263 metricMem=-0.937 target=0
2025-11-16 00:24:50 [ERROR] db - metricCpu=0.807 metricMem=0.736 target=1
2025-11-16 00:25:01 [WARN] api - metricCpu=-0.041 metricMem=1.114 target=1
2025-11-16 00:25:17 [INFO] scheduler - metricCpu=-0.561 metricMem=-1.192 target=0
2025-11-16 00:25:28 [INFO] worker - metricCpu=0.570 metricMem=-2.029 target=0
2025-11-16 00:25:36 [WARN] api - metricCpu=0.149 metricMem=1.037 target=0
2025-11-16 00:25:48 [DEBUG] db - metricCpu=-0.360 metricMem=-0.360 target=1
2025-11-16 00:25:55 [INFO] auth - metricCpu=-0.082 metricMem=-0.570 target=1
2025-11-16 00:26:02 [INFO] api - metricCpu=-1.281 metricMem=1.069 target=1
2025-11-16 00:26:16 [INFO] scheduler - metricCpu=-0.864 metricMem=1.036 target=1
2025-11-16 00:26:25 [ERROR] api - metricCpu=-0.304 metricMem=0.200 target=1
2025-11-16 00:26:30 [INFO] auth - metricCpu=-0.297 metricMem=-0.936 target=0
2025-11-16 00:26:46 [ERROR] auth - metricCpu=0.719 metricMem=0.821 target=0
2025-11-16 00:26:51 [INFO] auth - metricCpu=-0.407 metricMem=0.005 target=1
2025-11-16 00:27:02 [INFO] worker - metricCpu=1.670 metricMem=-1.696 target=0
2025-11-16 00:27:15 [WARN] auth - metricCpu=-0.698 metricMem=1.243 target=0
2025-11-16 00:27:20 [INFO] worker - metricCpu=-0.137 metricMem=2.090 target=1
2025-11-16 00:27:35 [ERROR] scheduler - metricCpu=0.003 metricMem=0.565 target=0
2025-11-16 00:27:48 [INFO] db - metricCpu=0.634 metricMem=-1.299 target=0
2025-11-16 00:27:51 [WARN] auth - metricCpu=-0.022 metricMem=1.169 target=0
2025-11-16 00:28:01 [INFO] api - metricCpu=1.139 metricMem=0.978 target=0
2025-11-16 00:28:16 [INFO] worker - metricCpu=0.049 metricMem=-1.609 target=0
2025-11-16 00:28:20 [INFO] worker - metricCpu=-0.983 metricMem=0.027 target=1
2025-11-16 00:28:37 [INFO] db - metricCpu=-0.065 metricMem=0.304 target=0
2025-11-16 00:28:44 [INFO] scheduler - metricCpu=0.381 metricMem=0.152 target=0
2025-11-16 00:28:57 [ERROR] worker - metricCpu=-0.933 metricMem=-0.340 target=1
2025-11-16 00:29:05 [WARN] db - metricCpu=0.814 metricMem=1.414 target=0
2025-11-16 00:29:16 [INFO] scheduler - metricCpu=1.293 metricMem=1.397 target=1
2025-11-16 00:29:20 [INFO] db - metricCpu=0.604 metricMem=0.010 target=0
2025-11-16 00:29:39 [WARN] db - metricCpu=1.165 metricMem=0.838 target=0
2025-11-16 00:29:47 [INFO] api - metricCpu=-0.640 metricMem=1.267 target=0
2025-11-16 00:29:58 [INFO] worker - metricCpu=0.990 metricMem=0.831 target=0
2025-11-16 00:30:02 [DEBUG] scheduler - metricCpu=0.931 metricMem=-0.555 target=0
2025-11-16 00:30:15 [ERROR] scheduler - metricCpu=-0.458 metricMem=1.270 target=0
2025-11-16 00:30:26 [WARN] db - metricCpu=-0.762 metricMem=-0.024 target=0
2025-11-16 00:30:36 [INFO] scheduler - metricCpu=1.510 metricMem=1.067 target=1
2025-11-16 00:30:43 [INFO] api - metricCpu=2.903 metricMem=-0.173 target=1
2025-11-16 00:30:54 [ERROR] db - metricCpu=0.505 metricMem=0.492 target=1
2025-11-16 00:31:06 [INFO] worker - metricCpu=0.188 metricMem=1.384 target=0
2025-11-16 00:31:17 [INFO] scheduler - metricCpu=-0.533 metricMem=0.282 target=0
2025-11-16 00:31:23 [WARN] worker - metricCpu=-0.549 metricMem=1.045 target=1
2025-11-16 00:31:32 [INFO] api - metricCpu=-0.850 metricMem=1.471 target=1
2025-11-16 00:31:42 [INFO] auth - metricCpu=-0.701 metricMem=-1.188 target=1
2025-11-16 00:31:55 [WARN] scheduler - metricCpu=0.372 metricMem=0.119 target=1
2025-11-16 00:32:03 [WARN] db - metricCpu=-1.568 metricMem=-0.588 target=1
2025-11-16 00:32:15 [INFO] db - metricCpu=-1.507 metricMem=-0.726 target=1
2025-11-16 00:32:29 [INFO] db - metricCpu=-0.589 metricMem=-0.000 target=1
2025-11-16 00:32:36 [WARN] worker - metricCpu=-0.311 metricMem=-0.267 target=1
2025-11-16 00:32:47 [INFO] api - metricCpu=0.570 metricMem=0.203 target=1
2025-11-16 00:32:50 [INFO] auth - metricCpu=0.159 metricMem=-0.953 target=1
2025-11-16 00:33:02 [WARN] worker - metricCpu=-0.380 metricMem=0.766 target=0
2025-11-16 00:33:16 [INFO] scheduler - metricCpu=1.277 metricMem=1.453 target=1
2025-11-16 00:33:20 [WARN] worker - metricCpu=-1.322 metricMem=-0.025 target=0
2025-11-16 00:33:31 [ERROR] db - metricCpu=1.972 metricMem=-0.741 target=0
2025-11-16 00:33:40 [WARN] scheduler - metricCpu=-0.046 metricMem=0.601 target=0
2025-11-16 00:33:51 [INFO] worker - metricCpu=-0.453 metricMem=-2.691 target=0
2025-11-16 00:34:09 [INFO] scheduler - metricCpu=-0.650 metricMem=-0.446 target=1
2025-11-16 00:34:19 [INFO] worker - metricCpu=-1.671 metricMem=-1.371 target=1
2025-11-16 00:34:27 [INFO] db - metricCpu=-0.434 metricMem=1.772 target=1
2025-11-16 00:34:39 [INFO] db - metricCpu=1.327 metricMem=-0.492 target=0
2025-11-16 00:34:44 [WARN] scheduler - metricCpu=-0.611 metricMem=-0.883 target=0
2025-11-16 00:34:50 [WARN] worker - metricCpu=0.648 metricMem=-0.463 target=1
2025-11-16 00:35:07 [INFO] scheduler - metricCpu=1.443 metricMem=1.283 target=1
2025-11-16 00:35:19 [DEBUG] api - metricCpu=0.726 metricMem=0.487 target=0
2025-11-16 00:35:27 [INFO] db - metricCpu=-0.491 metricMem=0.661 target=0
2025-11-16 00:35:35 [WARN] scheduler - metricCpu=-1.842 metricMem=-0.420 target=1
2025-11-16 00:35:40 [ERROR] api - metricCpu=1.172 metricMem=1.542 target=1
2025-11-16 00:35:58 [WARN] scheduler - metricCpu=-0.091 metricMem=-0.153 target=1
2025-11-16 00:36:03 [DEBUG] worker - metricCpu=-0.518 metricMem=0.512 target=1
2025-11-16 00:36:15 [WARN] auth - metricCpu=1.051 metricMem=-0.047 target=1
2025-11-16 00:36:23 [INFO] api - metricCpu=-1.036 metricMem=-0.610 target=1
2025-11-16 00:36:32 [DEBUG] scheduler - metricCpu=-0.229 metricMem=-0.266 target=1
2025-11-16 00:36:49 [WARN] worker - metricCpu=-0.736 metricMem=-0.331 target=0
2025-11-16 00:36:54 [INFO] api - metricCpu=-2.436 metricMem=-0.555 target=0
2025-11-16 00:37:04 [ERROR] worker - metricCpu=0.100 metricMem=-2.067 target=0
2025-11-16 00:37:18 [INFO] api - metricCpu=1.605 metricMem=-0.991 target=0
2025-11-16 00:37:28 [INFO] auth - metricCpu=-1.948 metricMem=-0.641 target=1
2025-11-16 00:37:31 [WARN] auth - metricCpu=1.916 metricMem=0.289 target=0
2025-11-16 00:37:41 [WARN] worker - metricCpu=-1.731 metricMem=-0.970 target=1
2025-11-16 00:37:54 [WARN] scheduler - metricCpu=0.494 metricMem=0.751 target=1
2025-11-16 00:38:04 [DEBUG] db - metricCpu=0.215 metricMem=1.002 target=1
2025-11-16 00:38:10 [ERROR] worker - metricCpu=0.070 metricMem=1.933 target=1
2025-11-16 00:38:26 [WARN] db - metricCpu=-0.628 metricMem=-0.883 target=0
2025-11-16 00:38:32 [INFO] scheduler - metricCpu=0.368 metricMem=0.512 target=1
2025-11-16 00:38:42 [WARN] worker - metricCpu=2.510 metricMem=-0.468 target=0
2025-11-16 00:38:56 [INFO] auth - metricCpu=-0.746 metricMem=1.087 target=1
2025-11-16 00:39:07 [DEBUG] worker - metricCpu=-0.895 metricMem=-0.721 target=0
2025-11-16 00:39:12 [WARN] db - metricCpu=0.891 metricMem=-2.102 target=1
2025-11-16 00:39:24 [INFO] worker - metricCpu=1.157 metricMem=-1.838 target=1
2025-11-16 00:39:35 [ERROR] auth - metricCpu=-1.448 metricMem=2.229 target=1
2025-11-16 00:39:43 [INFO] db - metricCpu=1.365 metricMem=-0.199 target=1
2025-11-16 00:39:51 [DEBUG] api - metricCpu=1.151 metricMem=0.818 target=0
2025-11-16 00:40:08 [INFO] worker - metricCpu=0.031 metricMem=-0.308 target=1
2025-11-16 00:40:16 [INFO] worker - metricCpu=-0.407 metricMem=-2.103 target=0
2025-11-16 00:40:29 [WARN] scheduler - metricCpu=-0.108 metricMem=2.070 target=1
2025-11-16 00:40:31 [ERROR] api - metricCpu=-0.509 metricMem=1.812 target=1
2025-11-16 00:40:49 [WARN] scheduler - metricCpu=0.182 metricMem=-0.155 target=1
2025-11-16 00:40:58 [WARN] db - metricCpu=-0.558 metricMem=1.243 target=1
2025-11-16 00:41:07 [INFO] api - metricCpu=-1.099 metricMem=-1.580 target=1
2025-11-16 00:41:19 [DEBUG] db - metricCpu=-0.724 metricMem=1.116 target=1
2025-11-16 00:41:21 [INFO] auth - metricCpu=-0.151 metricMem=0.038 target=1
2025-11-16 00:41:30 [INFO] worker - metricCpu=0.061 metricMem=-1.614 target=1
2025-11-16 00:41:49 [ERROR] db - metricCpu=0.559 metricMem=0.705 target=1
2025-11-16 00:41:58 [DEBUG] db - metricCpu=-1.102 metricMem=-0.952 target=1
2025-11-16 00:42:01 [ERROR] worker - metricCpu=0.560 metricMem=1.404 target=0
2025-11-16 00:42:10 [INFO] api - metricCpu=1.073 metricMem=-0.529 target=1
2025-11-16 00:42:25 [WARN] api - metricCpu=-0.777 metricMem=0.128 target=1
2025-11-16 00:42:38 [INFO] auth - metricCpu=-0.640 metricMem=0.333 target=1
2025-11-16 00:42:45 [INFO] db - metricCpu=0.549 metricMem=-1.298 target=1
2025-11-16 00:42:50 [WARN] api - metricCpu=-0.097 metricMem=0.059 target=0
2025-11-16 00:43:05 [INFO] scheduler - metricCpu=0.026 metricMem=-1.519 target=0
2025-11-16 00:43:18 [INFO] auth - metricCpu=0.232 metricMem=1.619 target=1
2025-11-16 00:43:29 [ERROR] scheduler - metricCpu=-1.310 metricMem=1.414 target=1
2025-11-16 00:43:34 [INFO] scheduler - metricCpu=-0.000 metricMem=0.566 target=1
2025-11-16 00:43:44 [INFO] db - metricCpu=-0.991 metricMem=-2.103 target=1
2025-11-16 00:43:51 [DEBUG] worker - metricCpu=-0.135 metricMem=-0.778 target=0
2025-11-16 00:44:07 [INFO] worker - metricCpu=0.442 metricMem=-1.490 target=1
2025-11-16 00:44:11 [INFO] db - metricCpu=-1.826 metricMem=2.709 target=1
2025-11-16 00:44:27 [INFO] db - metricCpu=-1.024 metricMem=1.560 target=1
2025-11-16 00:44:36 [INFO] worker - metricCpu=-1.358 metricMem=-0.285 target=0
2025-11-16 00:44:49 [INFO] auth - metricCpu=0.211 metricMem=-2.653 target=1
2025-11-16 00:44:53 [WARN] worker - metricCpu=1.639 metricMem=-0.875 target=0
2025-11-16 00:45:09 [ERROR] db - metricCpu=-1.356 metricMem=-0.976 target=0
2025-11-16 00:45:14 [INFO] worker - metricCpu=0.765 metricMem=-2.909 target=1
2025-11-16 00:45:23 [INFO] api - metricCpu=-0.832 metricMem=-0.695 target=0
2025-11-16 00:45:39 [ERROR] scheduler - metricCpu=0.608 metricMem=1.523 target=0
2025-11-16 00:45:46 [INFO] scheduler - metricCpu=1.005 metricMem=-0.478 target=0
2025-11-16 00:45:59 [INFO] worker - metricCpu=-0.532 metricMem=-0.490 target=0
2025-11-16 00:46:05 [WARN] db - metricCpu=1.317 metricMem=0.429 target=0
2025-11-16 00:46:17 [DEBUG] auth - metricCpu=-0.132 metricMem=3.038 target=0
2025-11-16 00:46:24 [INFO] auth - metricCpu=1.276 metricMem=0.243 target=0
2025-11-16 00:46:36 [INFO] worker - metricCpu=1.011 metricMem=-1.087 target=0
2025-11-16 00:46:46 [INFO] scheduler - metricCpu=0.112 metricMem=-1.154 target=1
2025-11-16 00:46:54 [DEBUG] scheduler - metricCpu=-0.005 metricMem=-0.697 target=1
2025-11-16 00:47:03 [INFO] api - metricCpu=0.125 metricMem=-0.263 target=1
2025-11-16 00:47:17 [INFO] api - metricCpu=-1.769 metricMem=0.727 target=0
2025-11-16 00:47:24 [DEBUG] db - metricCpu=-0.568 metricMem=-0.823 target=0
2025-11-16 00:47:39 [INFO] worker - metricCpu=0.151 metricMem=1.397 target=1
2025-11-16 00:47:42 [DEBUG] auth - metricCpu=1.240 metricMem=-0.228 target=1
2025-11-16 00:47:53 [WARN] auth - metricCpu=-0.276 metricMem=-1.508 target=0
2025-11-16 00:48:03 [ERROR] api - metricCpu=-0.517 metricMem=-0.199 target=0
2025-11-16 00:48:19 [INFO] db - metricCpu=2.203 metricMem=-1.449 target=0
2025-11-16 00:48:25 [INFO] scheduler - metricCpu=0.233 metricMem=0.464 target=1
2025-11-16 00:48:39 [INFO] scheduler - metricCpu=0.816 metricMem=0.842 target=0
2025-11-16 00:48:48 [INFO] scheduler - metricCpu=0.794 metricMem=0.052 target=0
2025-11-16 00:48:58 [INFO] auth - metricCpu=-1.234 metricMem=-0.761 target=0
2025-11-16 00:49:08 [INFO] scheduler - metricCpu=-0.639 metricMem=-0.332 target=0
2025-11-16 00:49:14 [WARN] worker - metricCpu=-0.182 metricMem=1.036 target=0
2025-11-16 00:49:27 [INFO] api - metricCpu=0.548 metricMem=0.331 target=0
2025-11-16 00:49:32 [WARN] scheduler - metricCpu=0.223 metricMem=-0.942 target=0
2025-11-16 00:49:43 [INFO] db - metricCpu=-1.012 metricMem=1.175 target=1
2025-11-16 00:49:56 [INFO] api - metricCpu=-0.326 metricMem=1.636 target=0
2025-11-16 00:50:04 [INFO] db - metricCpu=1.918 metricMem=1.061 target=1
2025-11-16 00:50:19 [INFO] scheduler - metricCpu=3.159 metricMem=0.618 target=1
2025-11-16 00:50:28 [INFO] db - metricCpu=0.204 metricMem=0.393 target=0
2025-11-16 00:50:36 [WARN] db - metricCpu=-0.261 metricMem=-0.471 target=0
2025-11-16 00:50:46 [ERROR] api - metricCpu=-0.356 metricMem=-0.029 target=0
2025-11-16 00:50:54 [INFO] auth - metricCpu=1.897 metricMem=0.762 target=0
2025-11-16 00:51:00 [INFO] db - metricCpu=0.488 metricMem=0.479 target=1
2025-11-16 00:51:15 [INFO] api - metricCpu=-1.262 metricMem=-0.349 target=1
2025-11-16 00:51:23 [WARN] worker - metricCpu=0.196 metricMem=-1.432 target=0
2025-11-16 00:51:39 [INFO] scheduler - metricCpu=1.513 metricMem=1.916 target=0
2025-11-16 00:51:45 [WARN] auth - metricCpu=-0.339 metricMem=0.855 target=1
2025-11-16 00:51:57 [INFO] auth - metricCpu=2.350 metricMem=0.279 target=1
2025-11-16 00:52:04 [INFO] db - metricCpu=-0.303 metricMem=-1.367 target=0
2025-11-16 00:52:13 [INFO] db - metricCpu=0.385 metricMem=-0.072 target=1
2025-11-16 00:52:24 [INFO] scheduler - metricCpu=-0.492 metricMem=0.671 target=1
2025-11-16 00:52:35 [INFO] api - metricCpu=1.403 metricMem=-1.595 target=0
2025-11-16 00:52:48 [INFO] scheduler - metricCpu=0.201 metricMem=0.685 target=1
2025-11-16 00:52:58 [INFO] db - metricCpu=-1.026 metricMem=0.382 target=1
2025-11-16 00:53:03 [INFO] worker - metricCpu=-0.444 metricMem=0.627 target=0
2025-11-16 00:53:13 [INFO] auth - metricCpu=0.251 metricMem=-0.132 target=1
2025-11-16 00:53:27 [INFO] auth - metricCpu=0.052 metricMem=-0.863 target=1
2025-11-16 00:53:35 [WARN] auth - metricCpu=-1.067 metricMem=-1.463 target=0
2025-11-16 00:53:46 [INFO] worker - metricCpu=1.083 metricMem=-1.244 target=0
2025-11-16 00:53:55 [WARN] worker - metricCpu=-0.369 metricMem=1.208 target=1
2025-11-16 00:54:06 [DEBUG] scheduler - metricCpu=0.661 metricMem=1.314 target=1
2025-11-16 00:54:19 [DEBUG] scheduler - metricCpu=1.029 metricMem=0.078 target=0
2025-11-16 00:54:22 [INFO] auth - metricCpu=-0.906 metricMem=-0.842 target=0
2025-11-16 00:54:33 [DEBUG] api - metricCpu=1.220 metricMem=-1.231 target=1
2025-11-16 00:54:48 [INFO] api - metricCpu=0.192 metricMem=-0.108 target=1
2025-11-16 00:54:59 [WARN] scheduler - metricCpu=0.487 metricMem=-0.741 target=1
2025-11-16 00:55:09 [INFO] api - metricCpu=1.489 metricMem=0.871 target=0
2025-11-16 00:55:19 [INFO] auth - metricCpu=1.568 metricMem=-1.041 target=1
2025-11-16 00:55:20 [INFO] db - metricCpu=0.030 metricMem=0.787 target=0
2025-11-16 00:55:35 [INFO] api - metricCpu=0.080 metricMem=-0.399 target=0
2025-11-16 00:55:43 [WARN] api - metricCpu=-0.937 metricMem=-0.559 target=0
2025-11-16 00:55:51 [INFO] scheduler - metricCpu=0.889 metricMem=-0.336 target=0
2025-11-16 00:56:05 [DEBUG] worker - metricCpu=-0.993 metricMem=0.846 target=0
2025-11-16 00:56:18 [INFO] api - metricCpu=-1.499 metricMem=0.469 target=1
2025-11-16 00:56:21 [WARN] scheduler - metricCpu=-0.440 metricMem=2.398 target=0
2025-11-16 00:56:33 [WARN] worker - metricCpu=0.491 metricMem=-0.285 target=1
2025-11-16 00:56:48 [INFO] api - metricCpu=-0.265 metricMem=1.061 target=0
2025-11-16 00:56:57 [INFO] auth - metricCpu=0.473 metricMem=-0.846 target=1
2025-11-16 00:57:06 [INFO] scheduler - metricCpu=0.314 metricMem=0.379 target=1
2025-11-16 00:57:15 [INFO] worker - metricCpu=-1.373 metricMem=-1.487 target=0
2025-11-16 00:57:29 [INFO] db - metricCpu=0.042 metricMem=1.763 target=0
2025-11-16 00:57:34 [ERROR] auth - metricCpu=-0.593 metricMem=0.373 target=1
2025-11-16 00:57:43 [INFO] scheduler - metricCpu=-0.268 metricMem=-0.722 target=0
2025-11-16 00:57:50 [INFO] db - metricCpu=-0.662 metricMem=-0.902 target=1
2025-11-16 00:58:01 [ERROR] worker - metricCpu=0.580 metricMem=-0.883 target=1
2025-11-16 00:58:17 [INFO] scheduler - metricCpu=-2.459 metricMem=-0.096 target=0
2025-11-16 00:58:23 [WARN] api - metricCpu=-0.472 metricMem=0.328 target=0
2025-11-16 00:58:32 [WARN] auth - metricCpu=-0.686 metricMem=0.209 target=1
2025-11-16 00:58:48 [WARN] scheduler - metricCpu=0.881 metricMem=-0.170 target=0
2025-11-16 00:58:59 [ERROR] worker - metricCpu=-0.822 metricMem=0.068 target=1
2025-11-16 00:59:06 [INFO] db - metricCpu=-1.614 metricMem=0.951 target=0
2025-11-16 00:59:18 [WARN] auth - metricCpu=-0.901 metricMem=0.801 target=1
2025-11-16 00:59:23 [WARN] scheduler - metricCpu=-0.534 metricMem=-1.576 target=1
2025-11-16 00:59:38 [INFO] db - metricCpu=-1.710 metricMem=-1.836 target=0
2025-11-16 00:59:49 [INFO] scheduler - metricCpu=-0.181 metricMem=-0.385 target=1
2025-11-16 00:59:53 [WARN] worker - metricCpu=-0.474 metricMem=0.241 target=0
2025-11-16 01:00:06 [INFO] worker - metricCpu=-0.788 metricMem=-0.470 target=1
2025-11-16 01:00:14 [INFO] api - metricCpu=-0.036 metricMem=-1.042 target=1
2025-11-16 01:00:25 [INFO] scheduler - metricCpu=0.848 metricMem=-1.810 target=0
2025-11-16 01:00:36 [INFO] auth - metricCpu=0.328 metricMem=-1.701 target=1
2025-11-16 01:00:44 [INFO] worker - metricCpu=-0.095 metricMem=-0.418 target=0
2025-11-16 01:00:50 [WARN] worker - metricCpu=0.948 metricMem=-1.681 target=1
2025-11-16 01:01:07 [INFO] auth - metricCpu=2.234 metricMem=-0.119 target=0
2025-11-16 01:01:19 [INFO] worker - metricCpu=0.175 metricMem=-0.725 target=0
2025-11-16 01:01:23 [ERROR] worker - metricCpu=-0.725 metricMem=-0.997 target=0
2025-11-16 01:01:37 [INFO] auth - metricCpu=-1.760 metricMem=-1.237 target=0
2025-11-16 01:01:46 [DEBUG] scheduler - metricCpu=0.994 metricMem=1.689 target=1
2025-11-16 01:01:54 [INFO] worker - metricCpu=-0.496 metricMem=1.760 target=1
2025-11-16 01:02:05 [DEBUG] scheduler - metricCpu=-1.280 metricMem=-0.425 target=1
2025-11-16 01:02:13 [INFO] worker - metricCpu=-1.487 metricMem=1.128 target=0
2025-11-16 01:02:27 [INFO] auth - metricCpu=0.014 metricMem=-1.362 target=0
2025-11-16 01:02:31 [INFO] worker - metricCpu=-0.234 metricMem=-0.383 target=1
2025-11-16 01:02:49 [INFO] api - metricCpu=-0.819 metricMem=0.045 target=1
2025-11-16 01:02:53 [WARN] api - metricCpu=-0.175 metricMem=1.501 target=0
2025-11-16 01:03:04 [INFO] auth - metricCpu=-0.249 metricMem=0.096 target=0
2025-11-16 01:03:16 [DEBUG] api - metricCpu=0.440 metricMem=-2.668 target=1
2025-11-16 01:03:23 [INFO] worker - metricCpu=-0.700 metricMem=-2.137 target=0
2025-11-16 01:03:31 [ERROR] api - metricCpu=-0.465 metricMem=0.223 target=1
2025-11-16 01:03:43 [INFO] worker - metricCpu=0.450 metricMem=-1.179 target=1
2025-11-16 01:03:53 [INFO] db - metricCpu=-0.806 metricMem=0.293 target=1
2025-11-16 01:04:03 [ERROR] scheduler - metricCpu=-0.516 metricMem=-0.999 target=1
2025-11-16 01:04:19 [WARN] auth - metricCpu=-1.230 metricMem=0.340 target=1
2025-11-16 01:04:26 [INFO] scheduler - metricCpu=0.803 metricMem=-0.918 target=1
2025-11-16 01:04:31 [WARN] db - metricCpu=0.269 metricMem=-2.319 target=0
2025-11-16 01:04:48 [INFO] db - metricCpu=0.178 metricMem=1.763 target=0
2025-11-16 01:04:57 [INFO] auth - metricCpu=1.081 metricMem=-0.190 target=0
2025-11-16 01:05:04 [INFO] worker - metricCpu=-0.219 metricMem=0.423 target=0
2025-11-16 01:05:13 [INFO] auth - metricCpu=-0.540 metricMem=-1.493 target=0
2025-11-16 01:05:20 [DEBUG] worker - metricCpu=0.692 metricMem=-0.438 target=1
2025-11-16 01:05:30 [ERROR] worker - metricCpu=-0.913 metricMem=-1.187 target=0
2025-11-16 01:05:49 [INFO] scheduler - metricCpu=-1.771 metricMem=-0.237 target=0
2025-11-16 01:05:58 [DEBUG] worker - metricCpu=0.786 metricMem=-1.609 target=1
2025-11-16 01:06:03 [INFO] db - metricCpu=-0.699 metricMem=1.388 target=0
2025-11-16 01:06:11 [WARN] db - metricCpu=-0.919 metricMem=0.752 target=1
2025-11-16 01:06:20 [INFO] worker - metricCpu=-1.652 metricMem=0.742 target=1
2025-11-16 01:06:33 [INFO] auth - metricCpu=-0.733 metricMem=0.755 target=0
2025-11-16 01:06:41 [INFO] api - metricCpu=1.795 metricMem=-0.501 target=0
2025-11-16 01:06:56 [INFO] auth - metricCpu=-1.944 metricMem=-0.091 target=1
2025-11-16 01:07:02 [WARN] worker - metricCpu=0.152 metricMem=0.032 target=1
2025-11-16 01:07:18 [INFO] auth - metricCpu=1.732 metricMem=-0.718 target=0
2025-11-16 01:07:25 [INFO] scheduler - metricCpu=-0.232 metricMem=-1.594 target=1
2025-11-16 01:07:38 [INFO] auth - metricCpu=-1.172 metricMem=-0.277 target=0
2025-11-16 01:07:45 [DEBUG] scheduler - metricCpu=-1.520 metricMem=0.010 target=0
2025-11-16 01:07:51 [INFO] scheduler - metricCpu=-0.042 metricMem=2.138 target=0
2025-11-16 01:08:03 [INFO] db - metricCpu=-0.031 metricMem=0.177 target=1
2025-11-16 01:08:17 [INFO] api - metricCpu=-0.469 metricMem=-0.872 target=1
2025-11-16 01:08:21 [INFO] worker - metricCpu=-0.526 metricMem=0.979 target=1
2025-11-16 01:08:36 [INFO] worker - metricCpu=0.164 metricMem=0.674 target=1
2025-11-16 01:08:49 [WARN] db - metricCpu=-0.510 metricMem=-0.212 target=0
2025-11-16 01:08:55 [INFO] auth - metricCpu=0.737 metricMem=1.373 target=1
2025-11-16 01:09:08 [INFO] api - metricCpu=-0.854 metricMem=-0.111 target=1
2025-11-16 01:09:11 [INFO] auth - metricCpu=0.225 metricMem=-0.080 target=1
2025-11-16 01:09:27 [INFO] scheduler - metricCpu=1.246 metricMem=-0.287 target=0
2025-11-16 01:09:32 [ERROR] worker - metricCpu=-0.217 metricMem=0.323 target=0
2025-11-16 01:09:41 [INFO] worker - metricCpu=-0.633 metricMem=0.884 target=0
2025-11-16 01:09:53 [WARN] db - metricCpu=0.857 metricMem=0.465 target=0
2025-11-16 01:10:09 [DEBUG] api - metricCpu=0.217 metricMem=0.489 target=1
2025-11-16 01:10:17 [DEBUG] db - metricCpu=1.318 metricMem=1.382 target=1
2025-11-16 01:10:25 [DEBUG] api - metricCpu=-1.827 metricMem=0.836 target=0
2025-11-16 01:10:30 [ERROR] auth - metricCpu=-0.448 metricMem=1.150 target=1
2025-11-16 01:10:48 [INFO] worker - metricCpu=-0.361 metricMem=-1.287 target=1
2025-11-16 01:10:56 [INFO] scheduler - metricCpu=-0.092 metricMem=-0.901 target=1
2025-11-16 01:11:05 [INFO] auth - metricCpu=1.776 metricMem=-0.913 target=1
2025-11-16 01:11:10 [WARN] api - metricCpu=-1.039 metricMem=-1.134 target=0
2025-11-16 01:11:24 [WARN] auth - metricCpu=1.713 metricMem=0.770 target=1
2025-11-16 01:11:30 [INFO] auth - metricCpu=-1.868 metricMem=-0.998 target=1
2025-11-16 01:11:45 [INFO] worker - metricCpu=0.229 metricMem=1.018 target=1
2025-11-16 01:11:56 [ERROR] db - metricCpu=0.149 metricMem=0.821 target=1
2025-11-16 01:12:07 [INFO] scheduler - metricCpu=-0.025 metricMem=1.114 target=0
2025-11-16 01:12:16 [WARN] db - metricCpu=-0.381 metricMem=0.691 target=0
2025-11-16 01:12:25 [WARN] scheduler - metricCpu=-0.144 metricMem=0.099 target=1
2025-11-16 01:12:31 [ERROR] scheduler - metricCpu=-1.685 metricMem=0.527 target=1
2025-11-16 01:12:45 [DEBUG] db - metricCpu=0.164 metricMem=-0.509 target=1
2025-11-16 01:12:53 [INFO] db - metricCpu=1.035 metricMem=0.996 target=0
2025-11-16 01:13:09 [INFO] scheduler - metricCpu=0.434 metricMem=1.610 target=0
2025-11-16 01:13:12 [INFO] db - metricCpu=0.645 metricMem=0.944 target=1
2025-11-16 01:13:21 [INFO] worker - metricCpu=0.193 metricMem=1.152 target=1
2025-11-16 01:13:33 [ERROR] auth - metricCpu=0.685 metricMem=0.938 target=0
2025-11-16 01:13:44 [INFO] scheduler - metricCpu=-1.619 metricMem=-0.385 target=1
2025-11-16 01:13:53 [INFO] api - metricCpu=-0.312 metricMem=-0.871 target=1
2025-11-16 01:14:01 [INFO] scheduler - metricCpu=0.177 metricMem=0.542 target=1
2025-11-16 01:14:10 [INFO] db - metricCpu=-0.168 metricMem=0.365 target=0
2025-11-16 01:14:23 [WARN] worker - metricCpu=0.347 metricMem=1.270 target=0
2025-11-16 01:14:32 [INFO] scheduler - metricCpu=-0.991 metricMem=0.307 target=0
2025-11-16 01:14:43 [WARN] db - metricCpu=-1.013 metricMem=1.809 target=0
2025-11-16 01:14:51 [INFO] scheduler - metricCpu=1.325 metricMem=1.207 target=0
2025-11-16 01:15:02 [DEBUG] auth - metricCpu=0.667 metricMem=0.745 target=0
2025-11-16 01:15:13 [INFO] auth - metricCpu=-0.148 metricMem=0.398 target=0
2025-11-16 01:15:29 [WARN] worker - metricCpu=-0.419 metricMem=0.889 target=1
2025-11-16 01:15:33 [INFO] api - metricCpu=1.310 metricMem=-2.125 target=0
2025-11-16 01:15:41 [DEBUG] scheduler - metricCpu=0.557 metricMem=-0.390 target=1
2025-11-16 01:15:54 [ERROR] worker - metricCpu=-0.445 metricMem=1.499 target=1
2025-11-16 01:16:09 [DEBUG] db - metricCpu=0.409 metricMem=-0.230 target=1
2025-11-16 01:16:11 [ERROR] db - metricCpu=-1.012 metricMem=-0.526 target=1
2025-11-16 01:16:23 [INFO] api - metricCpu=1.757 metricMem=-1.285 target=0
2025-11-16 01:16:39 [INFO] db - metricCpu=-1.285 metricMem=-0.323 target=1
2025-11-16 01:16:49 [INFO] api - metricCpu=-0.064 metricMem=-2.505 target=1
2025-11-16 01:16:55 [WARN] auth - metricCpu=-0.265 metricMem=-1.144 target=1
2025-11-16 01:17:06 [INFO] auth - metricCpu=1.017 metricMem=-0.733 target=1
2025-11-16 01:17:19 [INFO] auth - metricCpu=-0.073 metricMem=-2.349 target=1
2025-11-16 01:17:26 [WARN] auth - metricCpu=0.486 metricMem=-0.096 target=0
2025-11-16 01:17:37 [INFO] api - metricCpu=1.872 metricMem=0.432 target=1
2025-11-16 01:17:48 [INFO] auth - metricCpu=-0.429 metricMem=-0.855 target=1
2025-11-16 01:17:58 [INFO] scheduler - metricCpu=-0.722 metricMem=0.425 target=0
2025-11-16 01:18:00 [INFO] auth - metricCpu=0.865 metricMem=0.265 target=0
2025-11-16 01:18:13 [WARN] api - metricCpu=2.156 metricMem=0.524 target=0
2025-11-16 01:18:29 [WARN] worker - metricCpu=0.413 metricMem=-1.095 target=0
2025-11-16 01:18:37 [INFO] api - metricCpu=0.606 metricMem=-1.308 target=0
2025-11-16 01:18:41 [WARN] db - metricCpu=-1.607 metricMem=1.331 target=1
2025-11-16 01:18:54 [WARN] auth - metricCpu=-0.403 metricMem=1.123 target=1
2025-11-16 01:19:00 [ERROR] db - metricCpu=1.037 metricMem=-1.776 target=1
2025-11-16 01:19:10 [INFO] auth - metricCpu=-0.545 metricMem=0.945 target=0
2025-11-16 01:19:23 [INFO] api - metricCpu=-0.699 metricMem=-1.611 target=1
2025-11-16 01:19:37 [INFO] auth - metricCpu=-0.149 metricMem=-0.268 target=0
2025-11-16 01:19:49 [DEBUG] scheduler - metricCpu=1.041 metricMem=-1.672 target=1
2025-11-16 01:19:51 [INFO] worker - metricCpu=-0.648 metricMem=-0.525 target=1
2025-11-16 01:20:03 [INFO] api - metricCpu=-0.011 metricMem=0.791 target=0
2025-11-16 01:20:14 [INFO] scheduler - metricCpu=-0.119 metricMem=2.019 target=1
2025-11-16 01:20:23 [INFO] api - metricCpu=-2.078 metricMem=-1.168 target=1
2025-11-16 01:20:38 [INFO] worker - metricCpu=-1.605 metricMem=-0.507 target=0
2025-11-16 01:20:41 [INFO] api - metricCpu=-0.794 metricMem=0.789 target=0
2025-11-16 01:20:52 [INFO] auth - metricCpu=-1.345 metricMem=0.530 target=0
2025-11-16 01:21:07 [INFO] db - metricCpu=1.539 metricMem=0.889 target=1
2025-11-16 01:21:11 [WARN] worker - metricCpu=-1.275 metricMem=-0.254 target=0
2025-11-16 01:21:29 [INFO] api - metricCpu=-1.368 metricMem=-0.999 target=0
2025-11-16 01:21:39 [INFO] worker - metricCpu=1.158 metricMem=0.607 target=0
2025-11-16 01:21:49 [DEBUG] auth - metricCpu=-0.779 metricMem=-0.288 target=1
2025-11-16 01:21:50 [INFO] api - metricCpu=-0.936 metricMem=-0.610 target=0
2025-11-16 01:22:06 [INFO] auth - metricCpu=-0.423 metricMem=1.401 target=1
2025-11-16 01:22:10 [INFO] worker - metricCpu=1.056 metricMem=-0.771 target=1
2025-11-16 01:22:24 [INFO] scheduler - metricCpu=-1.203 metricMem=-1.237 target=1
2025-11-16 01:22:30 [WARN] scheduler - metricCpu=1.342 metricMem=0.631 target=0
2025-11-16 01:22:47 [INFO] worker - metricCpu=-0.332 metricMem=0.622 target=1
2025-11-16 01:22:59 [DEBUG] worker - metricCpu=-0.208 metricMem=1.224 target=1
2025-11-16 01:23:01 [DEBUG] api - metricCpu=-0.211 metricMem=-0.523 target=0
2025-11-16 01:23:16 [ERROR] db - metricCpu=-0.752 metricMem=0.956 target=1
2025-11-16 01:23:25 [ERROR] worker - metricCpu=-0.164 metricMem=0.129 target=0
2025-11-16 01:23:34 [WARN] auth - metricCpu=0.644 metricMem=-0.062 target=0
2025-11-16 01:23:43 [INFO] scheduler - metricCpu=-0.539 metricMem=-0.003 target=0
2025-11-16 01:23:59 [INFO] api - metricCpu=-0.081 metricMem=0.442 target=1
2025-11-16 01:24:06 [INFO] scheduler - metricCpu=1.043 metricMem=0.846 target=0
2025-11-16 01:24:18 [DEBUG] db - metricCpu=-1.142 metricMem=-0.268 target=1
2025-11-16 01:24:21 [INFO] api - metricCpu=1.035 metricMem=0.939 target=0
2025-11-16 01:24:34 [DEBUG] db - metricCpu=-0.261 metricMem=0.900 target=1
2025-11-16 01:24:48 [ERROR] db - metricCpu=-0.577 metricMem=-0.682 target=1
2025-11-16 01:24:52 [WARN] api - metricCpu=0.811 metricMem=-1.246 target=0
2025-11-16 01:25:04 [INFO] api - metricCpu=0.017 metricMem=2.943 target=0
2025-11-16 01:25:19 [INFO] api - metricCpu=-0.667 metricMem=0.236 target=0
2025-11-16 01:25:25 [WARN] auth - metricCpu=-0.720 metricMem=-1.134 target=1
2025-11-16 01:25:39 [WARN] auth - metricCpu=0.110 metricMem=-1.228 target=1
2025-11-16 01:25:49 [WARN] api - metricCpu=-1.876 metricMem=-1.341 target=1
2025-11-16 01:25:51 [WARN] worker - metricCpu=1.365 metricMem=0.368 target=1
2025-11-16 01:26:01 [INFO] auth - metricCpu=-0.632 metricMem=-1.047 target=0
2025-11-16 01:26:12 [WARN] db - metricCpu=0.698 metricMem=0.766 target=0
2025-11-16 01:26:21 [INFO] scheduler - metricCpu=0.133 metricMem=1.110 target=0
2025-11-16 01:26:37 [DEBUG] db - metricCpu=0.501 metricMem=-1.046 target=1
2025-11-16 01:26:42 [INFO] worker - metricCpu=-0.708 metricMem=-0.516 target=1
2025-11-16 01:26:56 [INFO] db - metricCpu=-1.737 metricMem=0.664 target=0
2025-11-16 01:27:05 [INFO] db - metricCpu=-0.743 metricMem=-0.665 target=1
2025-11-16 01:27:19 [INFO] worker - metricCpu=0.468 metricMem=0.645 target=0
2025-11-16 01:27:28 [WARN] api - metricCpu=-0.693 metricMem=0.283 target=1
2025-11-16 01:27:39 [WARN] db - metricCpu=2.349 metricMem=0.933 target=0
2025-11-16 01:27:43 [DEBUG] db - metricCpu=-0.627 metricMem=1.662 target=1
2025-11-16 01:27:52 [INFO] auth - metricCpu=0.491 metricMem=-0.837 target=0
2025-11-16 01:28:00 [DEBUG] scheduler - metricCpu=-0.177 metricMem=-0.125 target=1
2025-11-16 01:28:12 [WARN] auth - metricCpu=0.359 metricMem=-0.297 target=0
2025-11-16 01:28:27 [DEBUG] auth - metricCpu=0.582 metricMem=0.179 target=0
2025-11-16 01:28:37 [ERROR] worker - metricCpu=0.046 metricMem=1.352 target=0
2025-11-16 01:28:45 [INFO] scheduler - metricCpu=-0.661 metricMem=-1.570 target=0
2025-11-16 01:28:51 [INFO] api - metricCpu=-0.955 metricMem=2.450 target=0
2025-11-16 01:29:06 [INFO] scheduler - metricCpu=-0.297 metricMem=1.447 target=1
2025-11-16 01:29:16 [INFO] worker - metricCpu=0.490 metricMem=-0.904 target=0
2025-11-16 01:29:21 [INFO] worker - metricCpu=0.538 metricMem=0.240 target=0
2025-11-16 01:29:33 [INFO] api - metricCpu=-0.670 metricMem=1.100 target=0
2025-11-16 01:29:45 [ERROR] worker - metricCpu=1.388 metricMem=-0.249 target=1
2025-11-16 01:29:53 [INFO] db - metricCpu=0.281 metricMem=2.572 target=1
2025-11-16 01:30:07 [INFO] worker - metricCpu=1.189 metricMem=1.443 target=0
2025-11-16 01:30:14 [ERROR] worker - metricCpu=-1.054 metricMem=-0.862 target=0
2025-11-16 01:30:25 [INFO] worker - metricCpu=0.741 metricMem=0.127 target=0
2025-11-16 01:30:38 [INFO] scheduler - metricCpu=-0.777 metricMem=-0.598 target=0
2025-11-16 01:30:41 [WARN] scheduler - metricCpu=-0.034 metricMem=1.776 target=0
2025-11-16 01:30:54 [WARN] api - metricCpu=0.338 metricMem=-0.270 target=0
2025-11-16 01:31:08 [WARN] auth - metricCpu=0.671 metricMem=-0.577 target=1
2025-11-16 01:31:12 [INFO] api - metricCpu=0.150 metricMem=0.201 target=0
2025-11-16 01:31:28 [INFO] db - metricCpu=-0.478 metricMem=-2.101 target=0
2025-11-16 01:31:33 [DEBUG] auth - metricCpu=1.566 metricMem=-0.178 target=0
2025-11-16 01:31:49 [INFO] db - metricCpu=-0.819 metricMem=1.069 target=0
2025-11-16 01:31:55 [INFO] api - metricCpu=-2.279 metricMem=0.001 target=1
2025-11-16 01:32:07 [INFO] worker - metricCpu=-0.296 metricMem=-0.036 target=0
2025-11-16 01:32:15 [DEBUG] scheduler - metricCpu=0.994 metricMem=-0.298 target=0
2025-11-16 01:32:25 [WARN] api - metricCpu=3.009 metricMem=0.268 target=0
2025-11-16 01:32:34 [INFO] worker - metricCpu=-0.334 metricMem=-0.460 target=1
2025-11-16 01:32:49 [ERROR] api - metricCpu=0.841 metricMem=-0.003 target=1
2025-11-16 01:32:51 [INFO] db - metricCpu=0.600 metricMem=0.241 target=1
2025-11-16 01:33:02 [WARN] worker - metricCpu=-1.249 metricMem=1.352 target=1
2025-11-16 01:33:14 [WARN] api - metricCpu=1.511 metricMem=-0.577 target=1
2025-11-16 01:33:20 [INFO] worker - metricCpu=-0.557 metricMem=0.371 target=0
2025-11-16 01:33:32 [WARN] db - metricCpu=0.982 metricMem=0.144 target=1
2025-11-16 01:33:43 [WARN] db - metricCpu=0.453 metricMem=0.970 target=0
2025-11-16 01:33:50 [INFO] api - metricCpu=0.077 metricMem=-1.983 target=1
2025-11-16 01:34:04 [INFO] db - metricCpu=1.847 metricMem=0.840 target=0
2025-11-16 01:34:15 [INFO] db - metricCpu=-0.556 metricMem=1.544 target=1
2025-11-16 01:34:29 [WARN] api - metricCpu=0.503 metricMem=-1.160 target=1
2025-11-16 01:34:30 [INFO] db - metricCpu=-0.007 metricMem=0.598 target=1
2025-11-16 01:34:43 [INFO] db - metricCpu=1.097 metricMem=-2.389 target=1
2025-11-16 01:34:59 [INFO] worker - metricCpu=-0.786 metricMem=0.574 target=0
2025-11-16 01:35:09 [ERROR] db - metricCpu=1.239 metricMem=1.897 target=1
2025-11-16 01:35:19 [WARN] scheduler - metricCpu=-1.629 metricMem=1.028 target=1
2025-11-16 01:35:25 [INFO] scheduler - metricCpu=0.067 metricMem=0.158 target=0
2025-11-16 01:35:35 [WARN] worker - metricCpu=-0.939 metricMem=-0.969 target=1
2025-11-16 01:35:49 [WARN] api - metricCpu=-0.702 metricMem=-1.548 target=0
2025-11-16 01:35:51 [ERROR] db - metricCpu=-0.650 metricMem=-1.016 target=1
2025-11-16 01:36:00 [INFO] db - metricCpu=-0.408 metricMem=0.070 target=0
2025-11-16 01:36:14 [INFO] worker - metricCpu=1.667 metricMem=0.009 target=1
2025-11-16 01:36:22 [WARN] api - metricCpu=1.105 metricMem=1.300 target=1
2025-11-16 01:36:32 [ERROR] scheduler - metricCpu=-0.584 metricMem=-0.044 target=1
2025-11-16 01:36:47 [WARN] db - metricCpu=-1.884 metricMem=2.652 target=1
2025-11-16 01:36:59 [ERROR] scheduler - metricCpu=-1.531 metricMem=-0.790 target=0
2025-11-16 01:37:04 [INFO] db - metricCpu=0.293 metricMem=-0.400 target=0
2025-11-16 01:37:11 [DEBUG] worker - metricCpu=0.832 metricMem=-0.021 target=1
2025-11-16 01:37:22 [WARN] scheduler - metricCpu=-0.260 metricMem=1.564 target=1
2025-11-16 01:37:35 [DEBUG] auth - metricCpu=0.445 metricMem=0.412 target=0
2025-11-16 01:37:41 [INFO] scheduler - metricCpu=1.310 metricMem=-0.821 target=0
2025-11-16 01:37:51 [ERROR] auth - metricCpu=-0.964 metricMem=-0.513 target=0
2025-11-16 01:38:00 [INFO] api - metricCpu=-0.825 metricMem=-1.207 target=0
2025-11-16 01:38:17 [ERROR] api - metricCpu=-0.084 metricMem=-1.835 target=1
2025-11-16 01:38:26 [INFO] auth - metricCpu=-0.351 metricMem=-0.710 target=0
2025-11-16 01:38:37 [INFO] api - metricCpu=1.469 metricMem=-0.316 target=1
2025-11-16 01:38:41 [INFO] api - metricCpu=-0.689 metricMem=1.318 target=0
2025-11-16 01:38:59 [DEBUG] db - metricCpu=0.846 metricMem=-0.025 target=1
2025-11-16 01:39:08 [ERROR] scheduler - metricCpu=0.006 metricMem=1.018 target=1
2025-11-16 01:39:18 [INFO] worker - metricCpu=-0.075 metricMem=0.478 target=1
2025-11-16 01:39:23 [INFO] auth - metricCpu=0.216 metricMem=1.016 target=1
2025-11-16 01:39:39 [INFO] scheduler - metricCpu=0.285 metricMem=0.118 target=0
2025-11-16 01:39:47 [WARN] worker - metricCpu=-3.009 metricMem=-1.156 target=1
2025-11-16 01:39:55 [INFO] worker - metricCpu=-1.376 metricMem=1.902 target=0
2025-11-16 01:40:09 [INFO] scheduler - metricCpu=-0.842 metricMem=1.426 target=0
2025-11-16 01:40:19 [INFO] db - metricCpu=-0.641 metricMem=2.936 target=0
2025-11-16 01:40:25 [INFO] db - metricCpu=0.099 metricMem=-0.177 target=0
2025-11-16 01:40:37 [ERROR] api - metricCpu=1.267 metricMem=-1.371 target=0
2025-11-16 01:40:49 [INFO] auth - metricCpu=-1.463 metricMem=-1.450 target=1
2025-11-16 01:40:54 [INFO] db - metricCpu=-0.418 metricMem=0.745 target=1
2025-11-16 01:41:02 [INFO] auth - metricCpu=1.404 metricMem=-0.134 target=1
2025-11-16 01:41:19 [INFO] api - metricCpu=-1.509 metricMem=0.739 target=0
2025-11-16 01:41:20 [ERROR] auth - metricCpu=-0.880 metricMem=-1.005 target=1
2025-11-16 01:41:38 [INFO] api - metricCpu=-0.624 metricMem=0.369 target=0
2025-11-16 01:41:47 [INFO] auth - metricCpu=-0.016 metricMem=0.751 target=0
2025-11-16 01:41:57 [ERROR] db - metricCpu=0.905 metricMem=-1.120 target=1
2025-11-16 01:42:01 [DEBUG] auth - metricCpu=-1.776 metricMem=1.680 target=1
2025-11-16 01:42:12 [WARN] auth - metricCpu=-1.686 metricMem=-0.866 target=1
2025-11-16 01:42:27 [DEBUG] api - metricCpu=0.027 metricMem=0.143 target=0
2025-11-16 01:42:31 [INFO] worker - metricCpu=0.261 metricMem=0.095 target=0
2025-11-16 01:42:41 [INFO] db - metricCpu=0.169 metricMem=-0.248 target=1
2025-11-16 01:42:51 [WARN] db - metricCpu=0.442 metricMem=-0.353 target=1
2025-11-16 01:43:03 [INFO] db - metricCpu=-0.061 metricMem=2.418 target=1
2025-11-16 01:43:14 [INFO] db - metricCpu=-1.210 metricMem=-1.305 target=1
2025-11-16 01:43:26 [DEBUG] auth - metricCpu=-0.914 metricMem=1.403 target=1
2025-11-16 01:43:34 [INFO] db - metricCpu=-0.633 metricMem=-0.585 target=1
2025-11-16 01:43:47 [ERROR] api - metricCpu=0.018 metricMem=-0.098 target=1
2025-11-16 01:43:55 [DEBUG] scheduler - metricCpu=1.038 metricMem=0.505 target=0
2025-11-16 01:44:01 [ERROR] auth - metricCpu=-0.476 metricMem=0.320 target=1
2025-11-16 01:44:15 [WARN] scheduler - metricCpu=0.473 metricMem=-0.480 target=1
2025-11-16 01:44:28 [INFO] auth - metricCpu=-1.003 metricMem=1.947 target=0
2025-11-16 01:44:36 [INFO] db - metricCpu=0.812 metricMem=0.662 target=0
2025-11-16 01:44:45 [INFO] auth - metricCpu=-0.402 metricMem=0.062 target=1
2025-11-16 01:44:55 [INFO] api - metricCpu=-0.397 metricMem=-0.334 target=1
2025-11-16 01:45:05 [INFO] db - metricCpu=0.866 metricMem=0.381 target=1
2025-11-16 01:45:18 [INFO] db - metricCpu=-0.711 metricMem=-2.453 target=1
2025-11-16 01:45:29 [INFO] api - metricCpu=-1.081 metricMem=-1.291 target=1
2025-11-16 01:45:39 [INFO] worker - metricCpu=0.482 metricMem=-0.269 target=0
2025-11-16 01:45:47 [WARN] scheduler - metricCpu=-0.000 metricMem=3.002 target=1
2025-11-16 01:45:58 [WARN] worker - metricCpu=1.520 metricMem=0.854 target=0
2025-11-16 01:46:09 [INFO] auth - metricCpu=1.554 metricMem=1.726 target=0
2025-11-16 01:46:16 [INFO] scheduler - metricCpu=0.735 metricMem=0.613 target=0
2025-11-16 01:46:20 [INFO] worker - metricCpu=-0.365 metricMem=1.208 target=1
2025-11-16 01:46:35 [INFO] api - metricCpu=-0.562 metricMem=0.798 target=0
2025-11-16 01:46:43 [INFO] db - metricCpu=0.640 metricMem=-0.607 target=1
2025-11-16 01:46:51 [WARN] auth - metricCpu=-1.154 metricMem=-0.342 target=1
2025-11-16 01:47:05 [INFO] api - metricCpu=0.320 metricMem=-1.062 target=0
2025-11-16 01:47:11 [INFO] auth - metricCpu=-0.375 metricMem=0.118 target=0
2025-11-16 01:47:24 [INFO] scheduler - metricCpu=-0.436 metricMem=-1.199 target=1
2025-11-16 01:47:36 [DEBUG] worker - metricCpu=0.727 metricMem=-0.886 target=0
2025-11-16 01:47:45 [DEBUG] api - metricCpu=-1.008 metricMem=2.422 target=0
2025-11-16 01:47:55 [INFO] scheduler - metricCpu=2.143 metricMem=1.789 target=1
2025-11-16 01:48:00 [INFO] auth - metricCpu=0.025 metricMem=-0.283 target=0
2025-11-16 01:48:12 [ERROR] api - metricCpu=1.567 metricMem=0.926 target=0
2025-11-16 01:48:25 [INFO] api - metricCpu=-0.381 metricMem=-0.316 target=1
2025-11-16 01:48:30 [INFO] db - metricCpu=1.306 metricMem=1.760 target=1
2025-11-16 01:48:40 [INFO] worker - metricCpu=0.931 metricMem=-0.194 target=0
2025-11-16 01:48:53 [ERROR] api - metricCpu=-0.201 metricMem=-0.392 target=0
2025-11-16 01:49:01 [INFO] api - metricCpu=-0.092 metricMem=-0.147 target=0
2025-11-16 01:49:14 [ERROR] scheduler - metricCpu=-1.551 metricMem=-1.101 target=0
2025-11-16 01:49:29 [ERROR] db - metricCpu=0.985 metricMem=1.035 target=1
2025-11-16 01:49:38 [WARN] api - metricCpu=2.120 metricMem=0.833 target=1
2025-11-16 01:49:43 [WARN] worker - metricCpu=0.873 metricMem=0.428 target=0
2025-11-16 01:49:57 [DEBUG] db - metricCpu=0.434 metricMem=0.491 target=1
2025-11-16 01:50:02 [ERROR] db - metricCpu=0.224 metricMem=-1.211 target=0
2025-11-16 01:50:10 [WARN] db - metricCpu=1.044 metricMem=1.131 target=0
2025-11-16 01:50:27 [WARN] scheduler - metricCpu=-0.193 metricMem=0.778 target=0
2025-11-16 01:50:36 [INFO] scheduler - metricCpu=0.798 metricMem=-0.632 target=0
2025-11-16 01:50:45 [WARN] api - metricCpu=-0.330 metricMem=0.457 target=0
2025-11-16 01:50:55 [INFO] auth - metricCpu=-2.497 metricMem=0.509 target=0
2025-11-16 01:51:08 [INFO] api - metricCpu=0.847 metricMem=0.515 target=0
2025-11-16 01:51:11 [INFO] db - metricCpu=-1.892 metricMem=0.491 target=1
2025-11-16 01:51:26 [WARN] worker - metricCpu=0.024 metricMem=0.354 target=1
2025-11-16 01:51:39 [ERROR] scheduler - metricCpu=-0.560 metricMem=-0.244 target=1
2025-11-16 01:51:48 [INFO] worker - metricCpu=0.479 metricMem=-0.490 target=0
2025-11-16 01:51:50 [WARN] auth - metricCpu=-0.713 metricMem=0.260 target=0
2025-11-16 01:52:06 [INFO] api - metricCpu=-2.080 metricMem=1.208 target=0
2025-11-16 01:52:14 [WARN] api - metricCpu=0.054 metricMem=1.565 target=1
2025-11-16 01:52:20 [DEBUG] db - metricCpu=0.793 metricMem=-0.482 target=1
2025-11-16 01:52:38 [DEBUG] scheduler - metricCpu=0.013 metricMem=-0.528 target=1
2025-11-16 01:52:42 [INFO] worker - metricCpu=0.252 metricMem=0.416 target=0
2025-11-16 01:52:55 [INFO] worker - metricCpu=0.569 metricMem=1.204 target=0
2025-11-16 01:53:00 [WARN] worker - metricCpu=0.277 metricMem=-0.078 target=1
2025-11-16 01:53:11 [INFO] auth - metricCpu=-0.655 metricMem=0.417 target=1
2025-11-16 01:53:23 [ERROR] worker - metricCpu=0.811 metricMem=-0.740 target=1
2025-11-16 01:53:30 [INFO] worker - metricCpu=0.724 metricMem=0.840 target=0
2025-11-16 01:53:48 [DEBUG] worker - metricCpu=0.882 metricMem=0.596 target=1
2025-11-16 01:53:58 [INFO] auth - metricCpu=-0.361 metricMem=1.113 target=1
2025-11-16 01:54:05 [INFO] scheduler - metricCpu=0.525 metricMem=-1.655 target=1
2025-11-16 01:54:11 [INFO] api - metricCpu=-0.237 metricMem=1.912 target=1
2025-11-16 01:54:28 [INFO] scheduler - metricCpu=2.613 metricMem=1.130 target=0
2025-11-16 01:54:37 [INFO] db - metricCpu=-1.222 metricMem=-1.272 target=1
2025-11-16 01:54:42 [INFO] auth - metricCpu=0.221 metricMem=-2.597 target=0
2025-11-16 01:54:58 [INFO] api - metricCpu=-0.147 metricMem=-0.024 target=0
2025-11-16 01:55:01 [INFO] api - metricCpu=-0.347 metricMem=0.754 target=1
2025-11-16 01:55:13 [INFO] db - metricCpu=-2.031 metricMem=-0.310 target=0
2025-11-16 01:55:20 [INFO] api - metricCpu=0.801 metricMem=-0.882 target=1
2025-11-16 01:55:36 [INFO] auth - metricCpu=0.786 metricMem=-0.973 target=0
2025-11-16 01:55:40 [ERROR] api - metricCpu=0.763 metricMem=-0.434 target=0
2025-11-16 01:55:58 [INFO] api - metricCpu=-1.507 metricMem=-0.224 target=0
2025-11-16 01:56:08 [INFO] auth - metricCpu=1.402 metricMem=-1.519 target=1
2025-11-16 01:56:16 [INFO] scheduler - metricCpu=0.188 metricMem=0.018 target=1
2025-11-16 01:56:23 [INFO] worker - metricCpu=0.495 metricMem=-0.745 target=0
2025-11-16 01:56:38 [ERROR] scheduler - metricCpu=1.198 metricMem=-0.705 target=0
2025-11-16 01:56:44 [INFO] api - metricCpu=-0.742 metricMem=1.151 target=1
2025-11-16 01:56:51 [DEBUG] auth - metricCpu=-1.194 metricMem=-0.254 target=0
2025-11-16 01:57:02 [ERROR] scheduler - metricCpu=0.969 metricMem=0.265 target=1
2025-11-16 01:57:17 [INFO] db - metricCpu=1.579 metricMem=0.896 target=1
2025-11-16 01:57:23 [INFO] scheduler - metricCpu=-0.177 metricMem=0.675 target=1
2025-11-16 01:57:35 [INFO] scheduler - metricCpu=-0.042 metricMem=-0.454 target=0
2025-11-16 01:57:49 [DEBUG] worker - metricCpu=-0.298 metricMem=-1.493 target=0
2025-11-16 01:57:55 [ERROR] db - metricCpu=1.017 metricMem=-3.081 target=0
2025-11-16 01:58:03 [DEBUG] db - metricCpu=0.720 metricMem=0.614 target=0
2025-11-16 01:58:12 [ERROR] worker - metricCpu=0.038 metricMem=-0.871 target=1
2025-11-16 01:58:25 [INFO] auth - metricCpu=-0.942 metricMem=0.658 target=0
2025-11-16 01:58:39 [INFO] scheduler - metricCpu=0.630 metricMem=0.122 target=0
2025-11-16 01:58:46 [WARN] worker - metricCpu=-2.886 metricMem=-1.891 target=0
2025-11-16 01:58:59 [WARN] worker - metricCpu=-1.022 metricMem=-0.420 target=0
2025-11-16 01:59:03 [INFO] scheduler - metricCpu=0.601 metricMem=-0.824 target=0
2025-11-16 01:59:19 [INFO] api - metricCpu=-1.999 metricMem=0.956 target=0
2025-11-16 01:59:24 [INFO] auth - metricCpu=0.361 metricMem=1.051 target=1
2025-11-16 01:59:35 [WARN] db - metricCpu=-2.342 metricMem=1.757 target=1
2025-11-16 01:59:44 [INFO] api - metricCpu=-0.200 metricMem=0.264 target=0
2025-11-16 01:59:55 [WARN] scheduler - metricCpu=0.182 metricMem=-1.589 target=0
2025-11-16 02:00:01 [INFO] db - metricCpu=0.904 metricMem=0.531 target=1
2025-11-16 02:00:11 [INFO] db - metricCpu=0.502 metricMem=0.556 target=0
2025-11-16 02:00:29 [DEBUG] auth - metricCpu=-0.603 metricMem=-0.590 target=0
2025-11-16 02:00:34 [INFO] api - metricCpu=-0.643 metricMem=0.484 target=0
2025-11-16 02:00:47 [INFO] api - metricCpu=0.450 metricMem=0.165 target=0
2025-11-16 02:00:52 [WARN] api - metricCpu=0.715 metricMem=0.136 target=1
2025-11-16 02:01:05 [INFO] api - metricCpu=0.753 metricMem=0.450 target=1
2025-11-16 02:01:18 [ERROR] scheduler - metricCpu=0.082 metricMem=1.600 target=0
2025-11-16 02:01:21 [ERROR] auth - metricCpu=0.811 metricMem=-1.857 target=1
2025-11-16 02:01:30 [INFO] auth - metricCpu=-0.338 metricMem=-0.665 target=1
2025-11-16 02:01:43 [INFO] db - metricCpu=-1.077 metricMem=0.362 target=1
2025-11-16 02:01:59 [ERROR] auth - metricCpu=-0.823 metricMem=0.772 target=1
2025-11-16 02:02:01 [DEBUG] scheduler - metricCpu=0.889 metricMem=-0.838 target=1
2025-11-16 02:02:18 [WARN] scheduler - metricCpu=-0.548 metricMem=-1.349 target=0
2025-11-16 02:02:20 [INFO] db - metricCpu=0.939 metricMem=0.394 target=0
2025-11-16 02:02:39 [INFO] db - metricCpu=-0.962 metricMem=-1.137 target=0
2025-11-16 02:02:46 [INFO] auth - metricCpu=0.222 metricMem=2.957 target=1
2025-11-16 02:02:51 [INFO] db - metricCpu=2.504 metricMem=-1.154 target=1
2025-11-16 02:03:04 [DEBUG] db - metricCpu=-1.739 metricMem=-0.138 target=1
2025-11-16 02:03:11 [INFO] db - metricCpu=0.311 metricMem=0.210 target=0
2025-11-16 02:03:22 [INFO] worker - metricCpu=1.674 metricMem=0.944 target=0
2025-11-16 02:03:35 [INFO] worker - metricCpu=1.615 metricMem=-0.693 target=1
2025-11-16 02:03:46 [INFO] db - metricCpu=-0.163 metricMem=-0.419 target=1
2025-11-16 02:03:51 [WARN] auth - metricCpu=0.447 metricMem=0.465 target=1
2025-11-16 02:04:01 [INFO] worker - metricCpu=-3.093 metricMem=0.687 target=1
2025-11-16 02:04:10 [ERROR] worker - metricCpu=0.577 metricMem=-1.113 target=1
2025-11-16 02:04:22 [DEBUG] api - metricCpu=-1.156 metricMem=-0.174 target=1
2025-11-16 02:04:30 [INFO] auth - metricCpu=-1.038 metricMem=-0.720 target=0
2025-11-16 02:04:45 [DEBUG] worker - metricCpu=-1.079 metricMem=1.418 target=1
2025-11-16 02:04:55 [WARN] auth - metricCpu=0.293 metricMem=-1.030 target=0
2025-11-16 02:05:03 [INFO] auth - metricCpu=-0.563 metricMem=-0.042 target=1
2025-11-16 02:05:14 [INFO] worker - metricCpu=-0.001 metricMem=-0.994 target=1
2025-11-16 02:05:26 [INFO] worker - metricCpu=-0.600 metricMem=0.377 target=0
2025-11-16 02:05:37 [INFO] worker - metricCpu=-0.736 metricMem=1.035 target=0
2025-11-16 02:05:49 [INFO] auth - metricCpu=-1.123 metricMem=2.227 target=0
2025-11-16 02:05:59 [INFO] db - metricCpu=-0.576 metricMem=-0.739 target=1
2025-11-16 02:06:00 [INFO] api - metricCpu=-0.619 metricMem=-0.516 target=0
2025-11-16 02:06:13 [WARN] api - metricCpu=-0.039 metricMem=0.245 target=1
2025-11-16 02:06:22 [INFO] auth - metricCpu=0.541 metricMem=-0.918 target=0
2025-11-16 02:06:33 [INFO] scheduler - metricCpu=-1.188 metricMem=-3.055 target=1
2025-11-16 02:06:49 [DEBUG] worker - metricCpu=1.469 metricMem=-0.619 target=1
2025-11-16 02:06:55 [WARN] scheduler - metricCpu=0.669 metricMem=-0.083 target=0
2025-11-16 02:07:00 [WARN] worker - metricCpu=-1.254 metricMem=0.408 target=0
2025-11-16 02:07:15 [INFO] worker - metricCpu=0.019 metricMem=0.127 target=1
2025-11-16 02:07:23 [INFO] scheduler - metricCpu=0.671 metricMem=-0.168 target=0
2025-11-16 02:07:38 [INFO] db - metricCpu=1.944 metricMem=-1.166 target=0
2025-11-16 02:07:45 [INFO] db - metricCpu=0.306 metricMem=-0.926 target=0
2025-11-16 02:07:58 [INFO] scheduler - metricCpu=0.878 metricMem=-0.416 target=1
2025-11-16 02:08:00 [INFO] api - metricCpu=0.423 metricMem=0.477 target=1
2025-11-16 02:08:10 [INFO] worker - metricCpu=-1.254 metricMem=-2.563 target=0
2025-11-16 02:08:20 [WARN] auth - metricCpu=0.080 metricMem=0.200 target=1
2025-11-16 02:08:37 [INFO] db - metricCpu=-0.233 metricMem=0.313 target=0
2025-11-16 02:08:42 [INFO] scheduler - metricCpu=-0.457 metricMem=-1.925 target=1
2025-11-16 02:08:55 [INFO] api - metricCpu=-0.132 metricMem=1.439 target=0
2025-11-16 02:09:05 [INFO] scheduler - metricCpu=0.501 metricMem=0.183 target=1
2025-11-16 02:09:19 [INFO] worker - metricCpu=0.289 metricMem=0.265 target=0
2025-11-16 02:09:24 [INFO] api - metricCpu=-1.143 metricMem=-1.249 target=0
2025-11-16 02:09:38 [DEBUG] api - metricCpu=0.513 metricMem=0.580 target=0
2025-11-16 02:09:42 [WARN] scheduler - metricCpu=1.000 metricMem=-0.270 target=1
2025-11-16 02:09:54 [ERROR] db - metricCpu=-0.610 metricMem=0.052 target=1
2025-11-16 02:10:03 [INFO] api - metricCpu=0.612 metricMem=-0.026 target=1
2025-11-16 02:10:18 [ERROR] auth - metricCpu=0.690 metricMem=-0.659 target=1
2025-11-16 02:10:24 [INFO] scheduler - metricCpu=1.349 metricMem=0.174 target=0
2025-11-16 02:10:31 [WARN] auth - metricCpu=-0.307 metricMem=-1.235 target=1
2025-11-16 02:10:43 [INFO] auth - metricCpu=-1.774 metricMem=1.079 target=1
2025-11-16 02:10:51 [INFO] worker - metricCpu=0.244 metricMem=-0.988 target=0
2025-11-16 02:11:01 [INFO] api - metricCpu=0.377 metricMem=-0.158 target=0
2025-11-16 02:11:17 [INFO] worker - metricCpu=0.548 metricMem=-0.356 target=1
2025-11-16 02:11:28 [INFO] worker - metricCpu=-1.452 metricMem=-1.978 target=0
2025-11-16 02:11:34 [INFO] api - metricCpu=-0.934 metricMem=-1.056 target=1
2025-11-16 02:11:40 [INFO] db - metricCpu=1.119 metricMem=0.071 target=1
2025-11-16 02:11:59 [INFO] api - metricCpu=-1.086 metricMem=0.506 target=1
2025-11-16 02:12:09 [INFO] api - metricCpu=0.076 metricMem=0.607 target=1
2025-11-16 02:12:16 [INFO] api - metricCpu=-1.886 metricMem=-1.854 target=0
2025-11-16 02:12:20 [ERROR] worker - metricCpu=1.305 metricMem=-0.033 target=0
2025-11-16 02:12:35 [ERROR] worker - metricCpu=0.153 metricMem=0.108 target=0
2025-11-16 02:12:48 [INFO] worker - metricCpu=1.606 metricMem=0.115 target=0
2025-11-16 02:12:51 [INFO] worker - metricCpu=-1.371 metricMem=-0.781 target=0
2025-11-16 02:13:07 [WARN] scheduler - metricCpu=-0.988 metricMem=-1.119 target=0
2025-11-16 02:13:10 [INFO] worker - metricCpu=2.156 metricMem=0.697 target=1
2025-11-16 02:13:29 [DEBUG] db - metricCpu=1.744 metricMem=0.794 target=1
2025-11-16 02:13:35 [INFO] auth - metricCpu=-0.178 metricMem=0.475 target=1
2025-11-16 02:13:40 [DEBUG] db - metricCpu=-1.541 metricMem=-1.926 target=0
2025-11-16 02:13:56 [INFO] worker - metricCpu=-0.604 metricMem=0.281 target=0
2025-11-16 02:14:07 [INFO] worker - metricCpu=-1.707 metricMem=-0.594 target=1
2025-11-16 02:14:11 [DEBUG] db - metricCpu=0.675 metricMem=0.482 target=0
2025-11-16 02:14:25 [ERROR] auth - metricCpu=-0.320 metricMem=-0.851 target=1
2025-11-16 02:14:33 [INFO] scheduler - metricCpu=-1.051 metricMem=0.121 target=1
2025-11-16 02:14:46 [INFO] scheduler - metricCpu=-0.135 metricMem=-0.285 target=0
2025-11-16 02:14:50 [WARN] db - metricCpu=0.774 metricMem=1.003 target=1
2025-11-16 02:15:00 [INFO] scheduler - metricCpu=1.859 metricMem=-0.095 target=0
2025-11-16 02:15:12 [INFO] auth - metricCpu=1.339 metricMem=0.919 target=1
2025-11-16 02:15:29 [DEBUG] db - metricCpu=0.194 metricMem=0.791 target=0
2025-11-16 02:15:39 [INFO] auth - metricCpu=-0.575 metricMem=-0.287 target=1
2025-11-16 02:15:48 [INFO] db - metricCpu=-1.658 metricMem=0.552 target=1
2025-11-16 02:15:55 [INFO] scheduler - metricCpu=-0.075 metricMem=-0.719 target=0
2025-11-16 02:16:00 [INFO] scheduler - metricCpu=0.813 metricMem=1.016 target=0
2025-11-16 02:16:18 [INFO] db - metricCpu=-0.232 metricMem=0.193 target=0
2025-11-16 02:16:29 [INFO] worker - metricCpu=-0.073 metricMem=-1.686 target=1
2025-11-16 02:16:35 [WARN] db - metricCpu=2.196 metricMem=2.401 target=0
2025-11-16 02:16:49 [INFO] auth - metricCpu=0.339 metricMem=0.234 target=0
2025-11-16 02:16:52 [WARN] worker - metricCpu=0.587 metricMem=-0.805 target=1
2025-11-16 02:17:03 [WARN] db - metricCpu=0.055 metricMem=1.418 target=0
2025-11-16 02:17:15 [INFO] worker - metricCpu=0.026 metricMem=0.087 target=1
2025-11-16 02:17:28 [INFO] api - metricCpu=-0.752 metricMem=0.484 target=0
2025-11-16 02:17:31 [INFO] worker - metricCpu=-2.116 metricMem=-0.696 target=1
2025-11-16 02:17:42 [INFO] scheduler - metricCpu=0.011 metricMem=-0.811 target=1
2025-11-16 02:17:54 [ERROR] scheduler - metricCpu=0.247 metricMem=0.114 target=0
2025-11-16 02:18:04 [INFO] auth - metricCpu=0.063 metricMem=1.256 target=1
2025-11-16 02:18:13 [INFO] scheduler - metricCpu=0.957 metricMem=-1.408 target=0
2025-11-16 02:18:22 [WARN] worker - metricCpu=-1.205 metricMem=0.590 target=0
2025-11-16 02:18:39 [INFO] scheduler - metricCpu=-0.505 metricMem=2.001 target=1
2025-11-16 02:18:43 [INFO] api - metricCpu=-0.281 metricMem=-1.485 target=1
2025-11-16 02:18:57 [INFO] db - metricCpu=2.208 metricMem=0.268 target=1
2025-11-16 02:19:04 [INFO] db - metricCpu=-0.106 metricMem=-0.147 target=0
2025-11-16 02:19:10 [INFO] scheduler - metricCpu=-0.402 metricMem=1.596 target=1
2025-11-16 02:19:28 [DEBUG] scheduler - metricCpu=0.285 metricMem=1.873 target=1
2025-11-16 02:19:31 [DEBUG] db - metricCpu=0.121 metricMem=0.760 target=1
2025-11-16 02:19:49 [ERROR] api - metricCpu=-0.159 metricMem=-0.809 target=1
2025-11-16 02:19:55 [INFO] db - metricCpu=-0.963 metricMem=-1.663 target=1
2025-11-16 02:20:02 [INFO] scheduler - metricCpu=1.322 metricMem=-0.026 target=1
2025-11-16 02:20:14 [INFO] api - metricCpu=1.081 metricMem=0.734 target=0
2025-11-16 02:20:23 [ERROR] api - metricCpu=0.558 metricMem=-0.776 target=1
2025-11-16 02:20:33 [INFO] scheduler - metricCpu=-0.440 metricMem=0.939 target=1
2025-11-16 02:20:43 [INFO] api - metricCpu=0.854 metricMem=1.965 target=1
2025-11-16 02:20:57 [INFO] auth - metricCpu=0.247 metricMem=-0.315 target=0
2025-11-16 02:21:05 [INFO] auth - metricCpu=0.149 metricMem=3.215 target=1
2025-11-16 02:21:17 [INFO] scheduler - metricCpu=-1.958 metricMem=0.879 target=0
2025-11-16 02:21:25 [DEBUG] worker - metricCpu=0.711 metricMem=-0.471 target=1
2025-11-16 02:21:31 [INFO] api - metricCpu=1.103 metricMem=-2.103 target=0
2025-11-16 02:21:42 [INFO] worker - metricCpu=-0.035 metricMem=-0.780 target=0
2025-11-16 02:21:53 [INFO] worker - metricCpu=0.242 metricMem=0.573 target=1
2025-11-16 02:22:00 [ERROR] api - metricCpu=0.143 metricMem=-0.861 target=1
2025-11-16 02:22:10 [DEBUG] db - metricCpu=-0.529 metricMem=0.756 target=0
2025-11-16 02:22:21 [WARN] db - metricCpu=-0.304 metricMem=0.257 target=0
2025-11-16 02:22:30 [ERROR] scheduler - metricCpu=0.280 metricMem=0.258 target=1
2025-11-16 02:22:45 [ERROR] api - metricCpu=1.111 metricMem=-1.182 target=1
2025-11-16 02:22:54 [INFO] scheduler - metricCpu=1.393 metricMem=0.147 target=1
2025-11-16 02:23:05 [INFO] db - metricCpu=-0.158 metricMem=-0.839 target=0
2025-11-16 02:23:10 [INFO] api - metricCpu=-1.213 metricMem=1.152 target=0
2025-11-16 02:23:26 [INFO] api - metricCpu=-2.005 metricMem=0.191 target=0
2025-11-16 02:23:32 [ERROR] worker - metricCpu=-1.136 metricMem=-0.543 target=1
2025-11-16 02:23:46 [INFO] db - metricCpu=-2.338 metricMem=0.557 target=1
2025-11-16 02:23:53 [ERROR] auth - metricCpu=-1.563 metricMem=1.114 target=1
2025-11-16 02:24:01 [INFO] db - metricCpu=-0.844 metricMem=-0.767 target=1
2025-11-16 02:24:17 [INFO] worker - metricCpu=0.873 metricMem=-0.048 target=0
2025-11-16 02:24:23 [INFO] db - metricCpu=0.348 metricMem=1.846 target=0
2025-11-16 02:24:35 [INFO] worker - metricCpu=-1.527 metricMem=-0.546 target=0
2025-11-16 02:24:45 [INFO] db - metricCpu=-0.219 metricMem=1.806 target=0
2025-11-16 02:24:55 [INFO] db - metricCpu=-0.134 metricMem=1.274 target=0
2025-11-16 02:25:00 [INFO] scheduler - metricCpu=-0.852 metricMem=-0.563 target=0
2025-11-16 02:25:17 [INFO] db - metricCpu=-0.450 metricMem=0.129 target=0
2025-11-16 02:25:20 [WARN] scheduler - metricCpu=0.562 metricMem=-1.482 target=0
2025-11-16 02:25:33 [ERROR] scheduler - metricCpu=1.596 metricMem=-0.238 target=0
2025-11-16 02:25:47 [INFO] scheduler - metricCpu=1.608 metricMem=1.677 target=0
2025-11-16 02:25:50 [INFO] api - metricCpu=-0.844 metricMem=1.404 target=1
2025-11-16 02:26:08 [INFO] auth - metricCpu=0.361 metricMem=0.514 target=0
2025-11-16 02:26:18 [INFO] scheduler - metricCpu=0.107 metricMem=-0.786 target=0
2025-11-16 02:26:29 [WARN] scheduler - metricCpu=0.086 metricMem=0.129 target=1
2025-11-16 02:26:32 [INFO] auth - metricCpu=-0.305 metricMem=-1.139 target=0
2025-11-16 02:26:45 [INFO] db - metricCpu=-0.982 metricMem=-0.074 target=1
2025-11-16 02:26:53 [INFO] worker - metricCpu=1.362 metricMem=-0.189 target=0
2025-11-16 02:27:06 [INFO] worker - metricCpu=-1.329 metricMem=0.465 target=0
2025-11-16 02:27:14 [INFO] api - metricCpu=0.152 metricMem=-0.807 target=0
2025-11-16 02:27:21 [WARN] worker - metricCpu=-0.071 metricMem=-1.129 target=1
2025-11-16 02:27:33 [INFO] api - metricCpu=0.847 metricMem=-0.752 target=0
2025-11-16 02:27:47 [WARN] auth - metricCpu=0.337 metricMem=0.241 target=1
2025-11-16 02:27:54 [WARN] scheduler - metricCpu=0.855 metricMem=-0.519 target=1
2025-11-16 02:28:06 [INFO] worker - metricCpu=1.722 metricMem=0.567 target=0
2025-11-16 02:28:10 [INFO] auth - metricCpu=0.754 metricMem=-0.929 target=0
2025-11-16 02:28:28 [DEBUG] db - metricCpu=-1.223 metricMem=-0.341 target=1
2025-11-16 02:28:31 [WARN] worker - metricCpu=0.315 metricMem=0.153 target=0
2025-11-16 02:28:43 [INFO] worker - metricCpu=-0.539 metricMem=0.082 target=0
2025-11-16 02:28:55 [WARN] scheduler - metricCpu=-0.208 metricMem=0.396 target=0
2025-11-16 02:29:06 [DEBUG] api - metricCpu=1.130 metricMem=0.744 target=1
2025-11-16 02:29:12 [INFO] auth - metricCpu=-0.977 metricMem=0.617 target=1
2025-11-16 02:29:20 [WARN] api - metricCpu=0.790 metricMem=-0.216 target=1
2025-11-16 02:29:37 [INFO] api - metricCpu=0.035 metricMem=-0.644 target=1
2025-11-16 02:29:47 [ERROR] db - metricCpu=-1.130 metricMem=1.460 target=0
2025-11-16 02:29:59 [WARN] db - metricCpu=-0.906 metricMem=-0.149 target=1
2025-11-16 02:30:03 [WARN] worker - metricCpu=0.141 metricMem=-0.128 target=1
2025-11-16 02:30:10 [INFO] scheduler - metricCpu=-0.476 metricMem=-0.512 target=1
2025-11-16 02:30:21 [INFO] auth - metricCpu=-1.541 metricMem=1.031 target=0
2025-11-16 02:30:31 [INFO] scheduler - metricCpu=-0.745 metricMem=0.353 target=0
2025-11-16 02:30:44 [WARN] db - metricCpu=-1.128 metricMem=0.389 target=0
2025-11-16 02:30:56 [DEBUG] api - metricCpu=-1.490 metricMem=-0.111 target=1
2025-11-16 02:31:02 [INFO] auth - metricCpu=-0.748 metricMem=1.084 target=1
2025-11-16 02:31:10 [INFO] api - metricCpu=-1.089 metricMem=0.104 target=0
2025-11-16 02:31:29 [INFO] worker - metricCpu=0.269 metricMem=-1.408 target=1
2025-11-16 02:31:31 [DEBUG] db - metricCpu=1.557 metricMem=1.225 target=0
2025-11-16 02:31:41 [WARN] api - metricCpu=-2.153 metricMem=0.915 target=1
2025-11-16 02:31:57 [INFO] worker - metricCpu=0.417 metricMem=0.157 target=1
2025-11-16 02:32:05 [INFO] api - metricCpu=-1.092 metricMem=1.205 target=1
2025-11-16 02:32:12 [ERROR] scheduler - metricCpu=1.529 metricMem=0.110 target=0
2025-11-16 02:32:24 [INFO] scheduler - metricCpu=0.148 metricMem=0.962 target=0
2025-11-16 02:32:39 [DEBUG] auth - metricCpu=-1.346 metricMem=-0.030 target=1
2025-11-16 02:32:49 [INFO] db - metricCpu=-0.278 metricMem=2.633 target=0
2025-11-16 02:32:56 [WARN] worker - metricCpu=-0.533 metricMem=-0.281 target=0
2025-11-16 02:33:07 [INFO] db - metricCpu=-1.307 metricMem=1.370 target=1
2025-11-16 02:33:16 [WARN] db - metricCpu=0.010 metricMem=-0.069 target=0
2025-11-16 02:33:20 [INFO] api - metricCpu=0.205 metricMem=0.639 target=1
2025-11-16 02:33:33 [INFO] api - metricCpu=-0.925 metricMem=-0.475 target=1
2025-11-16 02:33:41 [INFO] api - metricCpu=-0.247 metricMem=-1.050 target=0