2025-11-15 23:47:57 [WARN] auth - metricCpu=0.112 metricMem=0.316 target=0
2025-11-15 23:49:37 [INFO] auth - metricCpu=1.071 metricMem=0.460 target=0
2025-11-15 23:50:46 [INFO] auth - metricCpu=1.604 metricMem=1.312 target=1
2025-11-15 23:50:51 [INFO] auth - metricCpu=-0.693 metricMem=1.101 target=0
2025-11-15 23:51:02 [INFO] auth - metricCpu=-0.777 metricMem=1.313 target=0
2025-11-15 23:51:56 [INFO] auth - metricCpu=-0.847 metricMem=0.321 target=0
2025-11-15 23:52:33 [DEBUG] auth - metricCpu=0.718 metricMem=1.372 target=1
2025-11-15 23:54:17 [WARN] auth - metricCpu=0.597 metricMem=-1.579 target=0
2025-11-15 23:54:53 [INFO] auth - metricCpu=-1.348 metricMem=0.040 target=0
2025-11-15 23:55:30 [INFO] auth - metricCpu=0.130 metricMem=-0.152 target=0
2025-11-15 23:59:33 [WARN] auth - metricCpu=-1.389 metricMem=-0.383 target=1
2025-11-16 00:00:02 [INFO] auth - metricCpu=1.284 metricMem=-0.158 target=0
2025-11-16 00:01:06 [DEBUG] auth - metricCpu=0.010 metricMem=2.995 target=1
2025-11-16 00:01:56 [INFO] auth - metricCpu=-0.107 metricMem=-0.926 target=1
2025-11-16 00:03:58 [INFO] auth - metricCpu=0.517 metricMem=0.577 target=1
2025-11-16 00:04:09 [INFO] auth - metricCpu=-0.229 metricMem=0.485 target=1
2025-11-16 00:04:25 [WARN] auth - metricCpu=-0.847 metricMem=-0.348 target=0
2025-11-16 00:06:21 [INFO] auth - metricCpu=-0.699 metricMem=0.522 target=0
2025-11-16 00:07:00 [DEBUG] auth - metricCpu=-1.450 metricMem=0.347 target=0
2025-11-16 00:08:19 [INFO] auth - metricCpu=-0.008 metricMem=-1.297 target=0
2025-11-16 00:09:02 [ERROR] auth - metricCpu=0.049 metricMem=-1.218 target=1
2025-11-16 00:09:30 [ERROR] auth - metricCpu=-0.910 metricMem=-0.381 target=1
2025-11-16 00:09:53 [INFO] auth - metricCpu=1.107 metricMem=-0.263 target=0
2025-11-16 00:10:28 [WARN] auth - metricCpu=-0.035 metricMem=-1.523 target=0
2025-11-16 00:10:41 [ERROR] auth - metricCpu=0.200 metricMem=1.335 target=1
2025-11-16 00:10:58 [INFO] auth - metricCpu=0.812 metricMem=0.940 target=1
2025-11-16 00:11:39 [INFO] auth - metricCpu=2.445 metricMem=-0.069 target=1
2025-11-16 00:11:56 [WARN] auth - metricCpu=1.582 metricMem=0.326 target=0
2025-11-16 00:12:22 [WARN] auth - metricCpu=-0.023 metricMem=-0.258 target=0
2025-11-16 00:13:41 [WARN] auth - metricCpu=0.180 metricMem=-0.000 target=1
2025-11-16 00:13:53 [ERROR] auth - metricCpu=0.622 metricMem=-1.310 target=0
2025-11-16 00:14:35 [WARN] auth - metricCpu=-1.613 metricMem=-0.050 target=0
2025-11-16 00:14:54 [ERROR] auth - metricCpu=-0.805 metricMem=-0.444 target=1
2025-11-16 00:16:22 [INFO] auth - metricCpu=-0.006 metricMem=-0.351 target=0
2025-11-16 00:16:32 [WARN] auth - metricCpu=0.312 metricMem=-0.567 target=1
2025-11-16 00:16:47 [INFO] auth - metricCpu=0.586 metricMem=0.582 target=1
2025-11-16 00:16:59 [INFO] auth - metricCpu=-1.251 metricMem=-0.135 target=1
2025-11-16 00:17:00 [WARN] auth - metricCpu=-0.178 metricMem=-0.066 target=0
2025-11-16 00:18:29 [INFO] auth - metricCpu=1.648 metricMem=-1.102 target=1
2025-11-16 00:21:01 [WARN] auth - metricCpu=-1.519 metricMem=0.637 target=0
2025-11-16 00:21:14 [WARN] auth - metricCpu=1.035 metricMem=0.081 target=1
2025-11-16 00:21:56 [ERROR] auth - metricCpu=1.150 metricMem=0.302 target=0
2025-11-16 00:22:25 [INFO] auth - metricCpu=-1.089 metricMem=-0.152 target=1
2025-11-16 00:23:09 [WARN] auth - metricCpu=-1.363 metricMem=-0.514 target=0
2025-11-16 00:23:56 [INFO] auth - metricCpu=-0.056 metricMem=-0.139 target=0
2025-11-16 00:24:31 [INFO] auth - metricCpu=0.090 metricMem=-0.117 target=0
2025-11-16 00:25:55 [INFO] auth - metricCpu=-0.082 metricMem=-0.570 target=1
2025-11-16 00:26:30 [INFO] auth - metricCpu=-0.297 metricMem=-0.936 target=0
2025-11-16 00:26:46 [ERROR] auth - metricCpu=0.719 metricMem=0.821 target=0
2025-11-16 00:26:51 [INFO] auth - metricCpu=-0.407 metricMem=0.005 target=1
2025-11-16 00:27:15 [WARN] auth - metricCpu=-0.698 metricMem=1.243 target=0
2025-11-16 00:27:51 [WARN] auth - metricCpu=-0.022 metricMem=1.169 target=0
2025-11-16 00:31:42 [INFO] auth - metricCpu=-0.701 metricMem=-1.188 target=1
2025-11-16 00:32:50 [INFO] auth - metricCpu=0.159 metricMem=-0.953 target=1
2025-11-16 00:36:15 [WARN] auth - metricCpu=1.051 metricMem=-0.047 target=1
2025-11-16 00:37:28 [INFO] auth - metricCpu=-1.948 metricMem=-0.641 target=1
2025-11-16 00:37:31 [WARN] auth - metricCpu=1.916 metricMem=0.289 target=0
2025-11-16 00:38:56 [INFO] auth - metricCpu=-0.746 metricMem=1.087 target=1
2025-11-16 00:39:35 [ERROR] auth - metricCpu=-1.448 metricMem=2.229 target=1
2025-11-16 00:41:21 [INFO] auth - metricCpu=-0.151 metricMem=0.038 target=1
2025-11-16 00:42:38 [INFO] auth - metricCpu=-0.640 metricMem=0.333 target=1
2025-11-16 00:43:18 [INFO] auth - metricCpu=0.232 metricMem=1.619 target=1
2025-11-16 00:44:49 [INFO] auth - metricCpu=0.211 metricMem=-2.653 target=1
2025-11-16 00:46:17 [DEBUG] auth - metricCpu=-0.132 metricMem=3.038 target=0
2025-11-16 00:46:24 [INFO] auth - metricCpu=1.276 metricMem=0.243 target=0
2025-11-16 00:47:42 [DEBUG] auth - metricCpu=1.240 metricMem=-0.228 target=1
2025-11-16 00:47:53 [WARN] auth - metricCpu=-0.276 metricMem=-1.508 target=0
2025-11-16 00:48:58 [INFO] auth - metricCpu=-1.234 metricMem=-0.761 target=0
2025-11-16 00:50:54 [INFO] auth - metricCpu=1.897 metricMem=0.762 target=0
2025-11-16 00:51:45 [WARN] auth - metricCpu=-0.339 metricMem=0.855 target=1
2025-11-16 00:51:57 [INFO] auth - metricCpu=2.350 metricMem=0.279 target=1
2025-11-16 00:53:13 [INFO] auth - metricCpu=0.251 metricMem=-0.132 target=1
2025-11-16 00:53:27 [INFO] auth - metricCpu=0.052 metricMem=-0.863 target=1
2025-11-16 00:53:35 [WARN] auth - metricCpu=-1.067 metricMem=-1.463 target=0
2025-11-16 00:54:22 [INFO] auth - metricCpu=-0.906 metricMem=-0.842 target=0
2025-11-16 00:55:19 [INFO] auth - metricCpu=1.568 metricMem=-1.041 target=1
2025-11-16 00:56:57 [INFO] auth - metricCpu=0.473 metricMem=-0.846 target=1
2025-11-16 00:57:34 [ERROR] auth - metricCpu=-0.593 metricMem=0.373 target=1
2025-11-16 00:58:32 [WARN] auth - metricCpu=-0.686 metricMem=0.209 target=1
2025-11-16 00:59:18 [WARN] auth - metricCpu=-0.901 metricMem=0.801 target=1
2025-11-16 01:00:36 [INFO] auth - metricCpu=0.328 metricMem=-1.701 target=1
2025-11-16 01:01:07 [INFO] auth - metricCpu=2.234 metricMem=-0.119 target=0
2025-11-16 01:01:37 [INFO] auth - metricCpu=-1.760 metricMem=-1.237 target=0
2025-11-16 01:02:27 [INFO] auth - metricCpu=0.014 metricMem=-1.362 target=0
2025-11-16 01:03:04 [INFO] auth - metricCpu=-0.249 metricMem=0.096 target=0
2025-11-16 01:04:19 [WARN] auth - metricCpu=-1.230 metricMem=0.340 target=1
2025-11-16 01:04:57 [INFO] auth - metricCpu=1.081 metricMem=-0.190 target=0
2025-11-16 01:05:13 [INFO] auth - metricCpu=-0.540 metricMem=-1.493 target=0
2025-11-16 01:06:33 [INFO] auth - metricCpu=-0.733 metricMem=0.755 target=0
2025-11-16 01:06:56 [INFO] auth - metricCpu=-1.944 metricMem=-0.091 target=1
2025-11-16 01:07:18 [INFO] auth - metricCpu=1.732 metricMem=-0.718 target=0
2025-11-16 01:07:38 [INFO] auth - metricCpu=-1.172 metricMem=-0.277 target=0
2025-11-16 01:08:55 [INFO] auth - metricCpu=0.737 metricMem=1.373 target=1
2025-11-16 01:09:11 [INFO] auth - metricCpu=0.225 metricMem=-0.080 target=1
2025-11-16 01:10:30 [ERROR] auth - metricCpu=-0.448 metricMem=1.150 target=1
2025-11-16 01:11:05 [INFO] auth - metricCpu=1.776 metricMem=-0.913 target=1
2025-11-16 01:11:24 [WARN] auth - metricCpu=1.713 metricMem=0.770 target=1
2025-11-16 01:11:30 [INFO] auth - metricCpu=-1.868 metricMem=-0.998 target=1
2025-11-16 01:13:33 [ERROR] auth - metricCpu=0.685 metricMem=0.938 target=0
2025-11-16 01:15:02 [DEBUG] auth - metricCpu=0.667 metricMem=0.745 target=0
2025-11-16 01:15:13 [INFO] auth - metricCpu=-0.148 metricMem=0.398 target=0
2025-11-16 01:16:55 [WARN] auth - metricCpu=-0.265 metricMem=-1.144 target=1
2025-11-16 01:17:06 [INFO] auth - metricCpu=1.017 metricMem=-0.733 target=1
2025-11-16 01:17:19 [INFO] auth - metricCpu=-0.073 metricMem=-2.349 target=1
2025-11-16 01:17:26 [WARN] auth - metricCpu=0.486 metricMem=-0.096 target=0
2025-11-16 01:17:48 [INFO] auth - metricCpu=-0.429 metricMem=-0.855 target=1
2025-11-16 01:18:00 [INFO] auth - metricCpu=0.865 metricMem=0.265 target=0
2025-11-16 01:18:54 [WARN] auth - metricCpu=-0.403 metricMem=1.123 target=1
2025-11-16 01:19:10 [INFO] auth - metricCpu=-0.545 metricMem=0.945 target=0
2025-11-16 01:19:37 [INFO] auth - metricCpu=-0.149 metricMem=-0.268 target=0
2025-11-16 01:20:52 [INFO] auth - metricCpu=-1.345 metricMem=0.530 target=0
2025-11-16 01:21:49 [DEBUG] auth - metricCpu=-0.779 metricMem=-0.288 target=1
2025-11-16 01:22:06 [INFO] auth - metricCpu=-0.423 metricMem=1.401 target=1
2025-11-16 01:23:34 [WARN] auth - metricCpu=0.644 metricMem=-0.062 target=0
2025-11-16 01:25:25 [WARN] auth - metricCpu=-0.720 metricMem=-1.134 target=1
2025-11-16 01:25:39 [WARN] auth - metricCpu=0.110 metricMem=-1.228 target=1
2025-11-16 01:26:01 [INFO] auth - metricCpu=-0.632 metricMem=-1.047 target=0
2025-11-16 01:27:52 [INFO] auth - metricCpu=0.491 metricMem=-0.837 target=0
2025-11-16 01:28:12 [WARN] auth - metricCpu=0.359 metricMem=-0.297 target=0
2025-11-16 01:28:27 [DEBUG] auth - metricCpu=0.582 metricMem=0.179 target=0
2025-11-16 01:31:08 [WARN] auth - metricCpu=0.671 metricMem=-0.577 target=1
2025-11-16 01:31:33 [DEBUG] auth - metricCpu=1.566 metricMem=-0.178 target=0
2025-11-16 01:37:35 [DEBUG] auth - metricCpu=0.445 metricMem=0.412 target=0
2025-11-16 01:37:51 [ERROR] auth - metricCpu=-0.964 metricMem=-0.513 target=0
2025-11-16 01:38:26 [INFO] auth - metricCpu=-0.351 metricMem=-0.710 target=0
2025-11-16 01:39:23 [INFO] auth - metricCpu=0.216 metricMem=1.016 target=1
2025-11-16 01:40:49 [INFO] auth - metricCpu=-1.463 metricMem=-1.450 target=1
2025-11-16 01:41:02 [INFO] auth - metricCpu=1.404 metricMem=-0.134 target=1
2025-11-16 01:41:20 [ERROR] auth - metricCpu=-0.880 metricMem=-1.005 target=1
2025-11-16 01:41:47 [INFO] auth - metricCpu=-0.016 metricMem=0.751 target=0
2025-11-16 01:42:01 [DEBUG] auth - metricCpu=-1.776 metricMem=1.680 target=1
2025-11-16 01:42:12 [WARN] auth - metricCpu=-1.686 metricMem=-0.866 target=1
2025-11-16 01:43:26 [DEBUG] auth - metricCpu=-0.914 metricMem=1.403 target=1
2025-11-16 01:44:01 [ERROR] auth - metricCpu=-0.476 metricMem=0.320 target=1
2025-11-16 01:44:28 [INFO] auth - metricCpu=-1.003 metricMem=1.947 target=0
2025-11-16 01:44:45 [INFO] auth - metricCpu=-0.402 metricMem=0.062 target=1
2025-11-16 01:46:09 [INFO] auth - metricCpu=1.554 metricMem=1.726 target=0
2025-11-16 01:46:51 [WARN] auth - metricCpu=-1.154 metricMem=-0.342 target=1
2025-11-16 01:47:11 [INFO] auth - metricCpu=-0.375 metricMem=0.118 target=0
2025-11-16 01:48:00 [INFO] auth - metricCpu=0.025 metricMem=-0.283 target=0
2025-11-16 01:50:55 [INFO] auth - metricCpu=-2.497 metricMem=0.509 target=0
2025-11-16 01:51:50 [WARN] auth - metricCpu=-0.713 metricMem=0.260 target=0
2025-11-16 01:53:11 [INFO] auth - metricCpu=-0.655 metricMem=0.417 target=1
2025-11-16 01:53:58 [INFO] auth - metricCpu=-0.361 metricMem=1.113 target=1
2025-11-16 01:54:42 [INFO] auth - metricCpu=0.221 metricMem=-2.597 target=0
2025-11-16 01:55:36 [INFO] auth - metricCpu=0.786 metricMem=-0.973 target=0
2025-11-16 01:56:08 [INFO] auth - metricCpu=1.402 metricMem=-1.519 target=1
2025-11-16 01:56:51 [DEBUG] auth - metricCpu=-1.194 metricMem=-0.254 target=0
2025-11-16 01:58:25 [INFO] auth - metricCpu=-0.942 metricMem=0.658 target=0
2025-11-16 01:59:24 [INFO] auth - metricCpu=0.361 metricMem=1.051 target=1
2025-11-16 02:00:29 [DEBUG] auth - metricCpu=-0.603 metricMem=-0.590 target=0
2025-11-16 02:01:21 [ERROR] auth - metricCpu=0.811 metricMem=-1.857 target=1
2025-11-16 02:01:30 [INFO] auth - metricCpu=-0.338 metricMem=-0.665 target=1
2025-11-16 02:01:59 [ERROR] auth - metricCpu=-0.823 metricMem=0.772 target=1
2025-11-16 02:02:46 [INFO] auth - metricCpu=0.222 metricMem=2.957 target=1
2025-11-16 02:03:51 [WARN] auth - metricCpu=0.447 metricMem=0.465 target=1
2025-11-16 02:04:30 [INFO] auth - metricCpu=-1.038 metricMem=-0.720 target=0
2025-11-16 02:04:55 [WARN] auth - metricCpu=0.293 metricMem=-1.030 target=0
2025-11-16 02:05:03 [INFO] auth - metricCpu=-0.563 metricMem=-0.042 target=1
2025-11-16 02:05:49 [INFO] auth - metricCpu=-1.123 metricMem=2.227 target=0
2025-11-16 02:06:22 [INFO] auth - metricCpu=0.541 metricMem=-0.918 target=0
2025-11-16 02:08:20 [WARN] auth - metricCpu=0.080 metricMem=0.200 target=1
2025-11-16 02:10:18 [ERROR] auth - metricCpu=0.690 metricMem=-0.659 target=1
2025-11-16 02:10:31 [WARN] auth - metricCpu=-0.307 metricMem=-1.235 target=1
2025-11-16 02:10:43 [INFO] auth - metricCpu=-1.774 metricMem=1.079 target=1
2025-11-16 02:13:35 [INFO] auth - metricCpu=-0.178 metricMem=0.475 target=1
2025-11-16 02:14:25 [ERROR] auth - metricCpu=-0.320 metricMem=-0.851 target=1
2025-11-16 02:15:12 [INFO] auth - metricCpu=1.339 metricMem=0.919 target=1
2025-11-16 02:15:39 [INFO] auth - metricCpu=-0.575 metricMem=-0.287 target=1
2025-11-16 02:16:49 [INFO] auth - metricCpu=0.339 metricMem=0.234 target=0
2025-11-16 02:18:04 [INFO] auth - metricCpu=0.063 metricMem=1.256 target=1
2025-11-16 02:20:57 [INFO] auth - metricCpu=0.247 metricMem=-0.315 target=0
2025-11-16 02:21:05 [INFO] auth - metricCpu=0.149 metricMem=3.215 target=1
2025-11-16 02:23:53 [ERROR] auth - metricCpu=-1.563 metricMem=1.114 target=1
2025-11-16 02:26:08 [INFO] auth - metricCpu=0.361 metricMem=0.514 target=0
2025-11-16 02:26:32 [INFO] auth - metricCpu=-0.305 metricMem=-1.139 target=0
2025-11-16 02:27:47 [WARN] auth - metricCpu=0.337 metricMem=0.241 target=1
2025-11-16 02:28:10 [INFO] auth - metricCpu=0.754 metricMem=-0.929 target=0
2025-11-16 02:29:12 [INFO] auth - metricCpu=-0.977 metricMem=0.617 target=1
2025-11-16 02:30:21 [INFO] auth - metricCpu=-1.541 metricMem=1.031 target=0
2025-11-16 02:31:02 [INFO] auth - metricCpu=-0.748 metricMem=1.084 target=1
2025-11-16 02:32:39 [DEBUG] auth - metricCpu=-1.346 metricMem=-0.030 target=1