2025-11-15 23:48:07 [DEBUG] api - metricCpu=-0.883 metricMem=-0.149 target=0
2025-11-15 23:48:36 [INFO] api - metricCpu=0.770 metricMem=0.033 target=1
2025-11-15 23:50:26 [INFO] api - metricCpu=0.480 metricMem=-1.033 target=1
2025-11-15 23:53:25 [ERROR] api - metricCpu=1.034 metricMem=-0.191 target=0
2025-11-15 23:53:35 [DEBUG] api - metricCpu=0.605 metricMem=-1.550 target=1
2025-11-15 23:53:57 [ERROR] api - metricCpu=-0.348 metricMem=0.203 target=1
2025-11-15 23:56:24 [ERROR] api - metricCpu=1.117 metricMem=-2.424 target=0
2025-11-15 23:56:55 [INFO] api - metricCpu=-0.335 metricMem=0.337 target=1
2025-11-16 00:01:45 [INFO] api - metricCpu=-0.585 metricMem=0.735 target=1
2025-11-16 00:02:34 [INFO] api - metricCpu=-0.386 metricMem=0.745 target=1
2025-11-16 00:02:55 [INFO] api - metricCpu=0.802 metricMem=1.326 target=1
2025-11-16 00:03:21 [INFO] api - metricCpu=-0.646 metricMem=1.051 target=0
2025-11-16 00:03:47 [WARN] api - metricCpu=0.547 metricMem=0.035 target=0
2025-11-16 00:04:16 [WARN] api - metricCpu=0.777 metricMem=-0.818 target=1
2025-11-16 00:05:02 [INFO] api - metricCpu=-1.583 metricMem=-0.083 target=0
2025-11-16 00:05:32 [WARN] api - metricCpu=-1.092 metricMem=0.769 target=0
2025-11-16 00:06:37 [WARN] api - metricCpu=0.537 metricMem=-1.374 target=0
2025-11-16 00:06:50 [DEBUG] api - metricCpu=-0.386 metricMem=1.347 target=1
2025-11-16 00:08:08 [ERROR] api - metricCpu=-1.008 metricMem=0.452 target=0
2025-11-16 00:08:28 [WARN] api - metricCpu=1.458 metricMem=-0.178 target=0
2025-11-16 00:09:28 [DEBUG] api - metricCpu=-0.020 metricMem=-0.243 target=0
2025-11-16 00:11:10 [INFO] api - metricCpu=1.264 metricMem=0.516 target=1
2025-11-16 00:11:44 [WARN] api - metricCpu=-0.617 metricMem=0.094 target=0
2025-11-16 00:12:42 [INFO] api - metricCpu=-0.652 metricMem=1.409 target=1
2025-11-16 00:16:15 [INFO] api - metricCpu=0.153 metricMem=-0.399 target=0
2025-11-16 00:17:58 [INFO] api - metricCpu=-0.457 metricMem=0.193 target=0
2025-11-16 00:18:15 [DEBUG] api - metricCpu=-1.023 metricMem=-0.071 target=1
2025-11-16 00:18:39 [INFO] api - metricCpu=-0.916 metricMem=-0.270 target=1
2025-11-16 00:18:55 [INFO] api - metricCpu=0.547 metricMem=-2.957 target=1
2025-11-16 00:20:58 [DEBUG] api - metricCpu=0.401 metricMem=0.133 target=1
2025-11-16 00:21:23 [INFO] api - metricCpu=0.148 metricMem=2.084 target=0
2025-11-16 00:21:33 [WARN] api - metricCpu=-2.021 metricMem=-1.615 target=1
2025-11-16 00:25:01 [WARN] api - metricCpu=-0.041 metricMem=1.114 target=1
2025-11-16 00:25:36 [WARN] api - metricCpu=0.149 metricMem=1.037 target=0
2025-11-16 00:26:02 [INFO] api - metricCpu=-1.281 metricMem=1.069 target=1
2025-11-16 00:26:25 [ERROR] api - metricCpu=-0.304 metricMem=0.200 target=1
2025-11-16 00:28:01 [INFO] api - metricCpu=1.139 metricMem=0.978 target=0
2025-11-16 00:29:47 [INFO] api - metricCpu=-0.640 metricMem=1.267 target=0
2025-11-16 00:30:43 [INFO] api - metricCpu=2.903 metricMem=-0.173 target=1
2025-11-16 00:31:32 [INFO] api - metricCpu=-0.850 metricMem=1.471 target=1
2025-11-16 00:32:47 [INFO] api - metricCpu=0.570 metricMem=0.203 target=1
2025-11-16 00:35:19 [DEBUG] api - metricCpu=0.726 metricMem=0.487 target=0
2025-11-16 00:35:40 [ERROR] api - metricCpu=1.172 metricMem=1.542 target=1
2025-11-16 00:36:23 [INFO] api - metricCpu=-1.036 metricMem=-0.610 target=1
2025-11-16 00:36:54 [INFO] api - metricCpu=-2.436 metricMem=-0.555 target=0
2025-11-16 00:37:18 [INFO] api - metricCpu=1.605 metricMem=-0.991 target=0
2025-11-16 00:39:51 [DEBUG] api - metricCpu=1.151 metricMem=0.818 target=0
2025-11-16 00:40:31 [ERROR] api - metricCpu=-0.509 metricMem=1.812 target=1
2025-11-16 00:41:07 [INFO] api - metricCpu=-1.099 metricMem=-1.580 target=1
2025-11-16 00:42:10 [INFO] api - metricCpu=1.073 metricMem=-0.529 target=1
2025-11-16 00:42:25 [WARN] api - metricCpu=-0.777 metricMem=0.128 target=1
2025-11-16 00:42:50 [WARN] api - metricCpu=-0.097 metricMem=0.059 target=0
2025-11-16 00:45:23 [INFO] api - metricCpu=-0.832 metricMem=-0.695 target=0
2025-11-16 00:47:03 [INFO] api - metricCpu=0.125 metricMem=-0.263 target=1
2025-11-16 00:47:17 [INFO] api - metricCpu=-1.769 metricMem=0.727 target=0
2025-11-16 00:48:03 [ERROR] api - metricCpu=-0.517 metricMem=-0.199 target=0
2025-11-16 00:49:27 [INFO] api - metricCpu=0.548 metricMem=0.331 target=0
2025-11-16 00:49:56 [INFO] api - metricCpu=-0.326 metricMem=1.636 target=0
2025-11-16 00:50:46 [ERROR] api - metricCpu=-0.356 metricMem=-0.029 target=0
2025-11-16 00:51:15 [INFO] api - metricCpu=-1.262 metricMem=-0.349 target=1
2025-11-16 00:52:35 [INFO] api - metricCpu=1.403 metricMem=-1.595 target=0
2025-11-16 00:54:33 [DEBUG] api - metricCpu=1.220 metricMem=-1.231 target=1
2025-11-16 00:54:48 [INFO] api - metricCpu=0.192 metricMem=-0.108 target=1
2025-11-16 00:55:09 [INFO] api - metricCpu=1.489 metricMem=0.871 target=0
2025-11-16 00:55:35 [INFO] api - metricCpu=0.080 metricMem=-0.399 target=0
2025-11-16 00:55:43 [WARN] api - metricCpu=-0.937 metricMem=-0.559 target=0
2025-11-16 00:56:18 [INFO] api - metricCpu=-1.499 metricMem=0.469 target=1
2025-11-16 00:56:48 [INFO] api - metricCpu=-0.265 metricMem=1.061 target=0
2025-11-16 00:58:23 [WARN] api - metricCpu=-0.472 metricMem=0.328 target=0
2025-11-16 01:00:14 [INFO] api - metricCpu=-0.036 metricMem=-1.042 target=1
2025-11-16 01:02:49 [INFO] api - metricCpu=-0.819 metricMem=0.045 target=1
2025-11-16 01:02:53 [WARN] api - metricCpu=-0.175 metricMem=1.501 target=0
2025-11-16 01:03:16 [DEBUG] api - metricCpu=0.440 metricMem=-2.668 target=1
2025-11-16 01:03:31 [ERROR] api - metricCpu=-0.465 metricMem=0.223 target=1
2025-11-16 01:06:41 [INFO] api - metricCpu=1.795 metricMem=-0.501 target=0
2025-11-16 01:08:17 [INFO] api - metricCpu=-0.469 metricMem=-0.872 target=1
2025-11-16 01:09:08 [INFO] api - metricCpu=-0.854 metricMem=-0.111 target=1
2025-11-16 01:10:09 [DEBUG] api - metricCpu=0.217 metricMem=0.489 target=1
2025-11-16 01:10:25 [DEBUG] api - metricCpu=-1.827 metricMem=0.836 target=0
2025-11-16 01:11:10 [WARN] api - metricCpu=-1.039 metricMem=-1.134 target=0
2025-11-16 01:13:53 [INFO] api - metricCpu=-0.312 metricMem=-0.871 target=1
2025-11-16 01:15:33 [INFO] api - metricCpu=1.310 metricMem=-2.125 target=0
2025-11-16 01:16:23 [INFO] api - metricCpu=1.757 metricMem=-1.285 target=0
2025-11-16 01:16:49 [INFO] api - metricCpu=-0.064 metricMem=-2.505 target=1
2025-11-16 01:17:37 [INFO] api - metricCpu=1.872 metricMem=0.432 target=1
2025-11-16 01:18:13 [WARN] api - metricCpu=2.156 metricMem=0.524 target=0
2025-11-16 01:18:37 [INFO] api - metricCpu=0.606 metricMem=-1.308 target=0
2025-11-16 01:19:23 [INFO] api - metricCpu=-0.699 metricMem=-1.611 target=1
2025-11-16 01:20:03 [INFO] api - metricCpu=-0.011 metricMem=0.791 target=0
2025-11-16 01:20:23 [INFO] api - metricCpu=-2.078 metricMem=-1.168 target=1
2025-11-16 01:20:41 [INFO] api - metricCpu=-0.794 metricMem=0.789 target=0
2025-11-16 01:21:29 [INFO] api - metricCpu=-1.368 metricMem=-0.999 target=0
2025-11-16 01:21:50 [INFO] api - metricCpu=-0.936 metricMem=-0.610 target=0
2025-11-16 01:23:01 [DEBUG] api - metricCpu=-0.211 metricMem=-0.523 target=0
2025-11-16 01:23:59 [INFO] api - metricCpu=-0.081 metricMem=0.442 target=1
2025-11-16 01:24:21 [INFO] api - metricCpu=1.035 metricMem=0.939 target=0
2025-11-16 01:24:52 [WARN] api - metricCpu=0.811 metricMem=-1.246 target=0
2025-11-16 01:25:04 [INFO] api - metricCpu=0.017 metricMem=2.943 target=0
2025-11-16 01:25:19 [INFO] api - metricCpu=-0.667 metricMem=0.236 target=0
2025-11-16 01:25:49 [WARN] api - metricCpu=-1.876 metricMem=-1.341 target=1
2025-11-16 01:27:28 [WARN] api - metricCpu=-0.693 metricMem=0.283 target=1
2025-11-16 01:28:51 [INFO] api - metricCpu=-0.955 metricMem=2.450 target=0
2025-11-16 01:29:33 [INFO] api - metricCpu=-0.670 metricMem=1.100 target=0
2025-11-16 01:30:54 [WARN] api - metricCpu=0.338 metricMem=-0.270 target=0
2025-11-16 01:31:12 [INFO] api - metricCpu=0.150 metricMem=0.201 target=0
2025-11-16 01:31:55 [INFO] api - metricCpu=-2.279 metricMem=0.001 target=1
2025-11-16 01:32:25 [WARN] api - metricCpu=3.009 metricMem=0.268 target=0
2025-11-16 01:32:49 [ERROR] api - metricCpu=0.841 metricMem=-0.003 target=1
2025-11-16 01:33:14 [WARN] api - metricCpu=1.511 metricMem=-0.577 target=1
2025-11-16 01:33:50 [INFO] api - metricCpu=0.077 metricMem=-1.983 target=1
2025-11-16 01:34:29 [WARN] api - metricCpu=0.503 metricMem=-1.160 target=1
2025-11-16 01:35:49 [WARN] api - metricCpu=-0.702 metricMem=-1.548 target=0
2025-11-16 01:36:22 [WARN] api - metricCpu=1.105 metricMem=1.300 target=1
2025-11-16 01:38:00 [INFO] api - metricCpu=-0.825 metricMem=-1.207 target=0
2025-11-16 01:38:17 [ERROR] api - metricCpu=-0.084 metricMem=-1.835 target=1
2025-11-16 01:38:37 [INFO] api - metricCpu=1.469 metricMem=-0.316 target=1
2025-11-16 01:38:41 [INFO] api - metricCpu=-0.689 metricMem=1.318 target=0
2025-11-16 01:40:37 [ERROR] api - metricCpu=1.267 metricMem=-1.371 target=0
2025-11-16 01:41:19 [INFO] api - metricCpu=-1.509 metricMem=0.739 target=0
2025-11-16 01:41:38 [INFO] api - metricCpu=-0.624 metricMem=0.369 target=0
2025-11-16 01:42:27 [DEBUG] api - metricCpu=0.027 metricMem=0.143 target=0
2025-11-16 01:43:47 [ERROR] api - metricCpu=0.018 metricMem=-0.098 target=1
2025-11-16 01:44:55 [INFO] api - metricCpu=-0.397 metricMem=-0.334 target=1
2025-11-16 01:45:29 [INFO] api - metricCpu=-1.081 metricMem=-1.291 target=1
2025-11-16 01:46:35 [INFO] api - metricCpu=-0.562 metricMem=0.798 target=0
2025-11-16 01:47:05 [INFO] api - metricCpu=0.320 metricMem=-1.062 target=0
2025-11-16 01:47:45 [DEBUG] api - metricCpu=-1.008 metricMem=2.422 target=0
2025-11-16 01:48:12 [ERROR] api - metricCpu=1.567 metricMem=0.926 target=0
2025-11-16 01:48:25 [INFO] api - metricCpu=-0.381 metricMem=-0.316 target=1
2025-11-16 01:48:53 [ERROR] api - metricCpu=-0.201 metricMem=-0.392 target=0
2025-11-16 01:49:01 [INFO] api - metricCpu=-0.092 metricMem=-0.147 target=0
2025-11-16 01:49:38 [WARN] api - metricCpu=2.120 metricMem=0.833 target=1
2025-11-16 01:50:45 [WARN] api - metricCpu=-0.330 metricMem=0.457 target=0
2025-11-16 01:51:08 [INFO] api - metricCpu=0.847 metricMem=0.515 target=0
2025-11-16 01:52:06 [INFO] api - metricCpu=-2.080 metricMem=1.208 target=0
2025-11-16 01:52:14 [WARN] api - metricCpu=0.054 metricMem=1.565 target=1
2025-11-16 01:54:11 [INFO] api - metricCpu=-0.237 metricMem=1.912 target=1
2025-11-16 01:54:58 [INFO] api - metricCpu=-0.147 metricMem=-0.024 target=0
2025-11-16 01:55:01 [INFO] api - metricCpu=-0.347 metricMem=0.754 target=1
2025-11-16 01:55:20 [INFO] api - metricCpu=0.801 metricMem=-0.882 target=1
2025-11-16 01:55:40 [ERROR] api - metricCpu=0.763 metricMem=-0.434 target=0
2025-11-16 01:55:58 [INFO] api - metricCpu=-1.507 metricMem=-0.224 target=0
2025-11-16 01:56:44 [INFO] api - metricCpu=-0.742 metricMem=1.151 target=1
2025-11-16 01:59:19 [INFO] api - metricCpu=-1.999 metricMem=0.956 target=0
2025-11-16 01:59:44 [INFO] api - metricCpu=-0.200 metricMem=0.264 target=0
2025-11-16 02:00:34 [INFO] api - metricCpu=-0.643 metricMem=0.484 target=0
2025-11-16 02:00:47 [INFO] api - metricCpu=0.450 metricMem=0.165 target=0
2025-11-16 02:00:52 [WARN] api - metricCpu=0.715 metricMem=0.136 target=1
2025-11-16 02:01:05 [INFO] api - metricCpu=0.753 metricMem=0.450 target=1
2025-11-16 02:04:22 [DEBUG] api - metricCpu=-1.156 metricMem=-0.174 target=1
2025-11-16 02:06:00 [INFO] api - metricCpu=-0.619 metricMem=-0.516 target=0
2025-11-16 02:06:13 [WARN] api - metricCpu=-0.039 metricMem=0.245 target=1
2025-11-16 02:08:00 [INFO] api - metricCpu=0.423 metricMem=0.477 target=1
2025-11-16 02:08:55 [INFO] api - metricCpu=-0.132 metricMem=1.439 target=0
2025-11-16 02:09:24 [INFO] api - metricCpu=-1.143 metricMem=-1.249 target=0
2025-11-16 02:09:38 [DEBUG] api - metricCpu=0.513 metricMem=0.580 target=0
2025-11-16 02:10:03 [INFO] api - metricCpu=0.612 metricMem=-0.026 target=1
2025-11-16 02:11:01 [INFO] api - metricCpu=0.377 metricMem=-0.158 target=0
2025-11-16 02:11:34 [INFO] api - metricCpu=-0.934 metricMem=-1.056 target=1
2025-11-16 02:11:59 [INFO] api - metricCpu=-1.086 metricMem=0.506 target=1
2025-11-16 02:12:09 [INFO] api - metricCpu=0.076 metricMem=0.607 target=1
2025-11-16 02:12:16 [INFO] api - metricCpu=-1.886 metricMem=-1.854 target=0
2025-11-16 02:17:28 [INFO] api - metricCpu=-0.752 metricMem=0.484 target=0
2025-11-16 02:18:43 [INFO] api - metricCpu=-0.281 metricMem=-1.485 target=1
2025-11-16 02:19:49 [ERROR] api - metricCpu=-0.159 metricMem=-0.809 target=1
2025-11-16 02:20:14 [INFO] api - metricCpu=1.081 metricMem=0.734 target=0
2025-11-16 02:20:23 [ERROR] api - metricCpu=0.558 metricMem=-0.776 target=1
2025-11-16 02:20:43 [INFO] api - metricCpu=0.854 metricMem=1.965 target=1
2025-11-16 02:21:31 [INFO] api - metricCpu=1.103 metricMem=-2.103 target=0
2025-11-16 02:22:00 [ERROR] api - metricCpu=0.143 metricMem=-0.861 target=1
2025-11-16 02:22:45 [ERROR] api - metricCpu=1.111 metricMem=-1.182 target=1
2025-11-16 02:23:10 [INFO] api - metricCpu=-1.213 metricMem=1.152 target=0
2025-11-16 02:23:26 [INFO] api - metricCpu=-2.005 metricMem=0.191 target=0
2025-11-16 02:25:50 [INFO] api - metricCpu=-0.844 metricMem=1.404 target=1
2025-11-16 02:27:14 [INFO] api - metricCpu=0.152 metricMem=-0.807 target=0
2025-11-16 02:27:33 [INFO] api - metricCpu=0.847 metricMem=-0.752 target=0
2025-11-16 02:29:06 [DEBUG] api - metricCpu=1.130 metricMem=0.744 target=1
2025-11-16 02:29:20 [WARN] api - metricCpu=0.790 metricMem=-0.216 target=1
2025-11-16 02:29:37 [INFO] api - metricCpu=0.035 metricMem=-0.644 target=1
2025-11-16 02:30:56 [DEBUG] api - metricCpu=-1.490 metricMem=-0.111 target=1
2025-11-16 02:31:10 [INFO] api - metricCpu=-1.089 metricMem=0.104 target=0
2025-11-16 02:31:41 [WARN] api - metricCpu=-2.153 metricMem=0.915 target=1
2025-11-16 02:32:05 [INFO] api - metricCpu=-1.092 metricMem=1.205 target=1
2025-11-16 02:33:20 [INFO] api - metricCpu=0.205 metricMem=0.639 target=1
2025-11-16 02:33:33 [INFO] api - metricCpu=-0.925 metricMem=-0.475 target=1
2025-11-16 02:33:41 [INFO] api - metricCpu=-0.247 metricMem=-1.050 target=0